{
  "uid" : "da5695c62c3ce4ae",
  "name" : "User is able to purchase items successfully",
  "fullName" : "Simple Successful Purchase: User is able to purchase items successfully",
  "historyId" : "e7b042a347e3234d5de0c66e7d80f271",
  "time" : {
    "start" : 1662529948717,
    "stop" : 1662529951920,
    "duration" : 3203
  },
  "status" : "failed",
  "statusMessage" : "Error occurred while launching Web URLException :java.lang.NullPointerException: Cannot invoke \"org.openqa.selenium.WebDriver.get(String)\" because the return value of \"com.scripted.web.BrowserDriver.getDriver()\" is null",
  "statusTrace" : "java.lang.AssertionError: Error occurred while launching Web URLException :java.lang.NullPointerException: Cannot invoke \"org.openqa.selenium.WebDriver.get(String)\" because the return value of \"com.scripted.web.BrowserDriver.getDriver()\" is null\r\n\tat org.testng.Assert.fail(Assert.java:96)\r\n\tat com.scripted.web.BrowserDriver.launchWebURL(BrowserDriver.java:164)\r\n\tat com.scripted.Pages.Common.LoginPage.launchSauceUrl(LoginPage.java:27)\r\n\tat com.scripted.WebStepDef.Common.CommonStepdef.I_launched_sauce_lab_application(CommonStepdef.java:49)\r\n\tat ✽.I launched sauce lab application(file:Features/Web/SauceLab/SimpleSuccesfulPurchase.feature:5)\r\n",
  "flaky" : false,
  "newFailed" : false,
  "newBroken" : false,
  "newPassed" : false,
  "retriesCount" : 0,
  "retriesStatusChange" : false,
  "beforeStages" : [ {
    "name" : "CommonStepdef.driverSetup()",
    "time" : {
      "start" : 1662529948719,
      "stop" : 1662529951839,
      "duration" : 3120
    },
    "status" : "passed",
    "steps" : [ ],
    "attachments" : [ ],
    "parameters" : [ ],
    "attachmentsCount" : 0,
    "shouldDisplayMessage" : false,
    "stepsCount" : 0,
    "hasContent" : false
  } ],
  "testStage" : {
    "status" : "failed",
    "statusMessage" : "Error occurred while launching Web URLException :java.lang.NullPointerException: Cannot invoke \"org.openqa.selenium.WebDriver.get(String)\" because the return value of \"com.scripted.web.BrowserDriver.getDriver()\" is null",
    "statusTrace" : "java.lang.AssertionError: Error occurred while launching Web URLException :java.lang.NullPointerException: Cannot invoke \"org.openqa.selenium.WebDriver.get(String)\" because the return value of \"com.scripted.web.BrowserDriver.getDriver()\" is null\r\n\tat org.testng.Assert.fail(Assert.java:96)\r\n\tat com.scripted.web.BrowserDriver.launchWebURL(BrowserDriver.java:164)\r\n\tat com.scripted.Pages.Common.LoginPage.launchSauceUrl(LoginPage.java:27)\r\n\tat com.scripted.WebStepDef.Common.CommonStepdef.I_launched_sauce_lab_application(CommonStepdef.java:49)\r\n\tat ✽.I launched sauce lab application(file:Features/Web/SauceLab/SimpleSuccesfulPurchase.feature:5)\r\n",
    "steps" : [ {
      "name" : "Given  I launched sauce lab application",
      "time" : {
        "start" : 1662529951841,
        "stop" : 1662529951870,
        "duration" : 29
      },
      "status" : "failed",
      "statusMessage" : "Error occurred while launching Web URLException :java.lang.NullPointerException: Cannot invoke \"org.openqa.selenium.WebDriver.get(String)\" because the return value of \"com.scripted.web.BrowserDriver.getDriver()\" is null",
      "statusTrace" : "java.lang.AssertionError: Error occurred while launching Web URLException :java.lang.NullPointerException: Cannot invoke \"org.openqa.selenium.WebDriver.get(String)\" because the return value of \"com.scripted.web.BrowserDriver.getDriver()\" is null\r\n\tat org.testng.Assert.fail(Assert.java:96)\r\n\tat com.scripted.web.BrowserDriver.launchWebURL(BrowserDriver.java:164)\r\n\tat com.scripted.Pages.Common.LoginPage.launchSauceUrl(LoginPage.java:27)\r\n\tat com.scripted.WebStepDef.Common.CommonStepdef.I_launched_sauce_lab_application(CommonStepdef.java:49)\r\n\tat ✽.I launched sauce lab application(file:Features/Web/SauceLab/SimpleSuccesfulPurchase.feature:5)\r\n",
      "steps" : [ ],
      "attachments" : [ ],
      "parameters" : [ ],
      "attachmentsCount" : 0,
      "shouldDisplayMessage" : true,
      "stepsCount" : 0,
      "hasContent" : true
    }, {
      "name" : "When  I enter username as \"standard_user\"",
      "time" : {
        "start" : 1662529951871,
        "stop" : 1662529951871,
        "duration" : 0
      },
      "status" : "skipped",
      "steps" : [ ],
      "attachments" : [ ],
      "parameters" : [ ],
      "attachmentsCount" : 0,
      "shouldDisplayMessage" : false,
      "stepsCount" : 0,
      "hasContent" : false
    }, {
      "name" : "And  I enter password as \"secret_sauce\"",
      "time" : {
        "start" : 1662529951872,
        "stop" : 1662529951872,
        "duration" : 0
      },
      "status" : "skipped",
      "steps" : [ ],
      "attachments" : [ ],
      "parameters" : [ ],
      "attachmentsCount" : 0,
      "shouldDisplayMessage" : false,
      "stepsCount" : 0,
      "hasContent" : false
    }, {
      "name" : "Then  I click on sauce lab log in button",
      "time" : {
        "start" : 1662529951872,
        "stop" : 1662529951872,
        "duration" : 0
      },
      "status" : "skipped",
      "steps" : [ ],
      "attachments" : [ ],
      "parameters" : [ ],
      "attachmentsCount" : 0,
      "shouldDisplayMessage" : false,
      "stepsCount" : 0,
      "hasContent" : false
    }, {
      "name" : "When  I select filter as \"Price (low to high)\"",
      "time" : {
        "start" : 1662529951872,
        "stop" : 1662529951873,
        "duration" : 1
      },
      "status" : "skipped",
      "steps" : [ ],
      "attachments" : [ ],
      "parameters" : [ ],
      "attachmentsCount" : 0,
      "shouldDisplayMessage" : false,
      "stepsCount" : 0,
      "hasContent" : false
    }, {
      "name" : "Then  I validate selected filter",
      "time" : {
        "start" : 1662529951873,
        "stop" : 1662529951873,
        "duration" : 0
      },
      "status" : "skipped",
      "steps" : [ ],
      "attachments" : [ ],
      "parameters" : [ ],
      "attachmentsCount" : 0,
      "shouldDisplayMessage" : false,
      "stepsCount" : 0,
      "hasContent" : false
    }, {
      "name" : "When  I select items",
      "time" : {
        "start" : 1662529951873,
        "stop" : 1662529951888,
        "duration" : 15
      },
      "status" : "skipped",
      "steps" : [ ],
      "attachments" : [ {
        "uid" : "39a3a17ac7a4e52b",
        "name" : "Data table",
        "source" : "39a3a17ac7a4e52b.csv",
        "type" : "text/tab-separated-values",
        "size" : 79
      } ],
      "parameters" : [ ],
      "attachmentsCount" : 1,
      "shouldDisplayMessage" : false,
      "stepsCount" : 0,
      "hasContent" : true
    }, {
      "name" : "And  I view my shopping cart",
      "time" : {
        "start" : 1662529951888,
        "stop" : 1662529951888,
        "duration" : 0
      },
      "status" : "skipped",
      "steps" : [ ],
      "attachments" : [ ],
      "parameters" : [ ],
      "attachmentsCount" : 0,
      "shouldDisplayMessage" : false,
      "stepsCount" : 0,
      "hasContent" : false
    }, {
      "name" : "And  I remove item from cart",
      "time" : {
        "start" : 1662529951888,
        "stop" : 1662529951900,
        "duration" : 12
      },
      "status" : "skipped",
      "steps" : [ ],
      "attachments" : [ {
        "uid" : "e38720fba42753e6",
        "name" : "Data table",
        "source" : "e38720fba42753e6.csv",
        "type" : "text/tab-separated-values",
        "size" : 34
      } ],
      "parameters" : [ ],
      "attachmentsCount" : 1,
      "shouldDisplayMessage" : false,
      "stepsCount" : 0,
      "hasContent" : true
    }, {
      "name" : "Then  I validate items in cart",
      "time" : {
        "start" : 1662529951900,
        "stop" : 1662529951911,
        "duration" : 11
      },
      "status" : "skipped",
      "steps" : [ ],
      "attachments" : [ {
        "uid" : "e2bcfb6e73cf6dd3",
        "name" : "Data table",
        "source" : "e2bcfb6e73cf6dd3.csv",
        "type" : "text/tab-separated-values",
        "size" : 45
      } ],
      "parameters" : [ ],
      "attachmentsCount" : 1,
      "shouldDisplayMessage" : false,
      "stepsCount" : 0,
      "hasContent" : true
    }, {
      "name" : "And  I click on checkout",
      "time" : {
        "start" : 1662529951911,
        "stop" : 1662529951911,
        "duration" : 0
      },
      "status" : "skipped",
      "steps" : [ ],
      "attachments" : [ ],
      "parameters" : [ ],
      "attachmentsCount" : 0,
      "shouldDisplayMessage" : false,
      "stepsCount" : 0,
      "hasContent" : false
    }, {
      "name" : "And  I input my details as \"Bee\", \"Fateema\" and \"123456\"",
      "time" : {
        "start" : 1662529951911,
        "stop" : 1662529951912,
        "duration" : 1
      },
      "status" : "skipped",
      "steps" : [ ],
      "attachments" : [ ],
      "parameters" : [ ],
      "attachmentsCount" : 0,
      "shouldDisplayMessage" : false,
      "stepsCount" : 0,
      "hasContent" : false
    }, {
      "name" : "And  select continue",
      "time" : {
        "start" : 1662529951912,
        "stop" : 1662529951912,
        "duration" : 0
      },
      "status" : "skipped",
      "steps" : [ ],
      "attachments" : [ ],
      "parameters" : [ ],
      "attachmentsCount" : 0,
      "shouldDisplayMessage" : false,
      "stepsCount" : 0,
      "hasContent" : false
    }, {
      "name" : "Then  I validate total price",
      "time" : {
        "start" : 1662529951912,
        "stop" : 1662529951912,
        "duration" : 0
      },
      "status" : "skipped",
      "steps" : [ ],
      "attachments" : [ ],
      "parameters" : [ ],
      "attachmentsCount" : 0,
      "shouldDisplayMessage" : false,
      "stepsCount" : 0,
      "hasContent" : false
    }, {
      "name" : "And  I click on finish",
      "time" : {
        "start" : 1662529951912,
        "stop" : 1662529951913,
        "duration" : 1
      },
      "status" : "skipped",
      "steps" : [ ],
      "attachments" : [ ],
      "parameters" : [ ],
      "attachmentsCount" : 0,
      "shouldDisplayMessage" : false,
      "stepsCount" : 0,
      "hasContent" : false
    }, {
      "name" : "Then  I validate order successful message",
      "time" : {
        "start" : 1662529951913,
        "stop" : 1662529951913,
        "duration" : 0
      },
      "status" : "skipped",
      "steps" : [ ],
      "attachments" : [ ],
      "parameters" : [ ],
      "attachmentsCount" : 0,
      "shouldDisplayMessage" : false,
      "stepsCount" : 0,
      "hasContent" : false
    } ],
    "attachments" : [ ],
    "parameters" : [ ],
    "attachmentsCount" : 3,
    "shouldDisplayMessage" : false,
    "stepsCount" : 16,
    "hasContent" : true
  },
  "afterStages" : [ {
    "name" : "CommonStepdef.afterScenario(Scenario)",
    "time" : {
      "start" : 1662529951914,
      "stop" : 1662529951919,
      "duration" : 5
    },
    "status" : "broken",
    "statusMessage" : "After is failed: Cannot invoke \"org.openqa.selenium.TakesScreenshot.getScreenshotAs(org.openqa.selenium.OutputType)\" because \"scrShot\" is null",
    "statusTrace" : "java.lang.NullPointerException: Cannot invoke \"org.openqa.selenium.TakesScreenshot.getScreenshotAs(org.openqa.selenium.OutputType)\" because \"scrShot\" is null\r\n\tat com.scripted.WebStepDef.Common.CommonStepdef.afterScenario(CommonStepdef.java:60)\r\n\tat java.base/jdk.internal.reflect.NativeMethodAccessorImpl.invoke0(Native Method)\r\n\tat java.base/jdk.internal.reflect.NativeMethodAccessorImpl.invoke(NativeMethodAccessorImpl.java:77)\r\n\tat java.base/jdk.internal.reflect.DelegatingMethodAccessorImpl.invoke(DelegatingMethodAccessorImpl.java:43)\r\n\tat java.base/java.lang.reflect.Method.invoke(Method.java:568)\r\n\tat cucumber.runtime.Utils$1.call(Utils.java:26)\r\n\tat cucumber.runtime.Timeout.timeout(Timeout.java:16)\r\n\tat cucumber.runtime.Utils.invoke(Utils.java:20)\r\n\tat cucumber.runtime.java.JavaHookDefinition.execute(JavaHookDefinition.java:65)\r\n\tat cucumber.runner.HookDefinitionMatch.runStep(HookDefinitionMatch.java:16)\r\n\tat cucumber.runner.TestStep.executeStep(TestStep.java:65)\r\n\tat cucumber.runner.TestStep.run(TestStep.java:50)\r\n\tat cucumber.runner.TestCase.run(TestCase.java:50)\r\n\tat cucumber.runner.Runner.runPickle(Runner.java:50)\r\n\tat io.cucumber.testng.TestNGCucumberRunner.runScenario(TestNGCucumberRunner.java:69)\r\n\tat io.cucumber.testng.AbstractTestNGCucumberTests.runScenario(AbstractTestNGCucumberTests.java:24)\r\n\tat java.base/jdk.internal.reflect.NativeMethodAccessorImpl.invoke0(Native Method)\r\n\tat java.base/jdk.internal.reflect.NativeMethodAccessorImpl.invoke(NativeMethodAccessorImpl.java:77)\r\n\tat java.base/jdk.internal.reflect.DelegatingMethodAccessorImpl.invoke(DelegatingMethodAccessorImpl.java:43)\r\n\tat java.base/java.lang.reflect.Method.invoke(Method.java:568)\r\n\tat org.testng.internal.MethodInvocationHelper.invokeMethod(MethodInvocationHelper.java:124)\r\n\tat org.testng.internal.Invoker.invokeMethod(Invoker.java:583)\r\n\tat org.testng.internal.Invoker.invokeTestMethod(Invoker.java:719)\r\n\tat org.testng.internal.Invoker.invokeTestMethods(Invoker.java:989)\r\n\tat org.testng.internal.TestMethodWorker.invokeTestMethods(TestMethodWorker.java:125)\r\n\tat org.testng.internal.TestMethodWorker.run(TestMethodWorker.java:109)\r\n\tat org.testng.TestRunner.privateRun(TestRunner.java:648)\r\n\tat org.testng.TestRunner.run(TestRunner.java:505)\r\n\tat org.testng.SuiteRunner.runTest(SuiteRunner.java:455)\r\n\tat org.testng.SuiteRunner.runSequentially(SuiteRunner.java:450)\r\n\tat org.testng.SuiteRunner.privateRun(SuiteRunner.java:415)\r\n\tat org.testng.SuiteRunner.run(SuiteRunner.java:364)\r\n\tat org.testng.SuiteRunnerWorker.runSuite(SuiteRunnerWorker.java:52)\r\n\tat org.testng.SuiteRunnerWorker.run(SuiteRunnerWorker.java:84)\r\n\tat org.testng.TestNG.runSuitesSequentially(TestNG.java:1208)\r\n\tat org.testng.TestNG.runSuitesLocally(TestNG.java:1137)\r\n\tat org.testng.TestNG.runSuites(TestNG.java:1049)\r\n\tat org.testng.TestNG.run(TestNG.java:1017)\r\n\tat com.intellij.rt.testng.IDEARemoteTestNG.run(IDEARemoteTestNG.java:66)\r\n\tat com.intellij.rt.testng.RemoteTestNGStarter.main(RemoteTestNGStarter.java:109)\r\n",
    "steps" : [ ],
    "attachments" : [ ],
    "parameters" : [ ],
    "attachmentsCount" : 0,
    "shouldDisplayMessage" : true,
    "stepsCount" : 0,
    "hasContent" : true
  } ],
  "labels" : [ {
    "name" : "tag",
    "value" : "Test-2"
  }, {
    "name" : "tag",
    "value" : "Web"
  }, {
    "name" : "tag",
    "value" : "Demo"
  }, {
    "name" : "tag",
    "value" : "Training"
  }, {
    "name" : "host",
    "value" : "E900DTRV"
  }, {
    "name" : "thread",
    "value" : "11096@E900DTRV.main(1)"
  }, {
    "name" : "feature",
    "value" : "Simple Successful Purchase"
  }, {
    "name" : "story",
    "value" : "User is able to purchase items successfully"
  }, {
    "name" : "package",
    "value" : "Features.Web.SauceLab.Simple Successful Purchase"
  }, {
    "name" : "suite",
    "value" : "Simple Successful Purchase"
  }, {
    "name" : "testClass",
    "value" : "User is able to purchase items successfully"
  }, {
    "name" : "framework",
    "value" : "cucumber4jvm"
  }, {
    "name" : "language",
    "value" : "java"
  }, {
    "name" : "gherkin_uri",
    "value" : "file:Features/Web/SauceLab/SimpleSuccesfulPurchase.feature"
  }, {
    "name" : "resultFormat",
    "value" : "allure2"
  } ],
  "parameters" : [ {
    "name" : "firstName",
    "value" : "Bee"
  }, {
    "name" : "lastName",
    "value" : "Fateema"
  }, {
    "name" : "password",
    "value" : "secret_sauce"
  }, {
    "name" : "productFilter",
    "value" : "Price (low to high)"
  }, {
    "name" : "username",
    "value" : "standard_user"
  }, {
    "name" : "zipCode",
    "value" : "123456"
  } ],
  "links" : [ ],
  "hidden" : false,
  "retry" : false,
  "extra" : {
    "severity" : "normal",
    "retries" : [ ],
    "categories" : [ {
      "name" : "Product defects",
      "matchedStatuses" : [ ],
      "flaky" : false
    } ],
    "tags" : [ "Training", "Demo", "Web", "Test-2" ]
  },
  "source" : "da5695c62c3ce4ae.json",
  "parameterValues" : [ "Bee", "Fateema", "secret_sauce", "Price (low to high)", "standard_user", "123456" ]
}