{
  "uid" : "34d96c80740e1ba2",
  "name" : "User is able to purchase items successfully",
  "fullName" : "Simple Successful Purchase: User is able to purchase items successfully",
  "historyId" : "757c08b3acd55410fcccba99db1cf1c6",
  "time" : {
    "start" : 1662355591098,
    "stop" : 1662355742979,
    "duration" : 151881
  },
  "status" : "failed",
  "statusMessage" : "Error while performing the click action for the locator: Proxy element for: DefaultElementLocator 'By.xpath: button[data-test='finish']'Exception :org.openqa.selenium.NoSuchElementException: no such element: Unable to locate element: {\"method\":\"xpath\",\"selector\":\"button[data-test='finish']\"}\n  (Session info: chrome=104.0.5112.102)\nFor documentation on this error, please visit: https://www.seleniumhq.org/exceptions/no_such_element.html\nBuild info: version: '3.141.59', revision: 'e82be7d358', time: '2018-11-14T08:17:03'\nSystem info: host: 'E900DTRV', ip: '192.168.42.2', os.name: 'Windows 10', os.arch: 'amd64', os.version: '10.0', java.version: '17.0.1'\nDriver info: org.openqa.selenium.chrome.ChromeDriver\nCapabilities {acceptInsecureCerts: false, browserName: chrome, browserVersion: 104.0.5112.102, chrome: {chromedriverVersion: 103.0.5060.134 (8ec6fce403b..., userDataDir: C:\\Users\\188680\\AppData\\Loc...}, goog:chromeOptions: {debuggerAddress: localhost:52008}, javascriptEnabled: true, networkConnectionEnabled: false, pageLoadStrategy: normal, platform: WINDOWS, platformName: WINDOWS, proxy: Proxy(), setWindowRect: true, strictFileInteractability: false, timeouts: {implicit: 0, pageLoad: 300000, script: 30000}, unhandledPromptBehavior: dismiss and notify, webauthn:extension:credBlob: true, webauthn:extension:largeBlob: true, webauthn:virtualAuthenticators: true}\nSession ID: b5552cf92d3a47c196556b3c30e139c9\n*** Element info: {Using=xpath, value=button[data-test='finish']}",
  "statusTrace" : "junit.framework.AssertionFailedError: Error while performing the click action for the locator: Proxy element for: DefaultElementLocator 'By.xpath: button[data-test='finish']'Exception :org.openqa.selenium.NoSuchElementException: no such element: Unable to locate element: {\"method\":\"xpath\",\"selector\":\"button[data-test='finish']\"}\n  (Session info: chrome=104.0.5112.102)\nFor documentation on this error, please visit: https://www.seleniumhq.org/exceptions/no_such_element.html\nBuild info: version: '3.141.59', revision: 'e82be7d358', time: '2018-11-14T08:17:03'\nSystem info: host: 'E900DTRV', ip: '192.168.42.2', os.name: 'Windows 10', os.arch: 'amd64', os.version: '10.0', java.version: '17.0.1'\nDriver info: org.openqa.selenium.chrome.ChromeDriver\nCapabilities {acceptInsecureCerts: false, browserName: chrome, browserVersion: 104.0.5112.102, chrome: {chromedriverVersion: 103.0.5060.134 (8ec6fce403b..., userDataDir: C:\\Users\\188680\\AppData\\Loc...}, goog:chromeOptions: {debuggerAddress: localhost:52008}, javascriptEnabled: true, networkConnectionEnabled: false, pageLoadStrategy: normal, platform: WINDOWS, platformName: WINDOWS, proxy: Proxy(), setWindowRect: true, strictFileInteractability: false, timeouts: {implicit: 0, pageLoad: 300000, script: 30000}, unhandledPromptBehavior: dismiss and notify, webauthn:extension:credBlob: true, webauthn:extension:largeBlob: true, webauthn:virtualAuthenticators: true}\nSession ID: b5552cf92d3a47c196556b3c30e139c9\n*** Element info: {Using=xpath, value=button[data-test='finish']}\r\n\tat junit.framework.Assert.fail(Assert.java:57)\r\n\tat com.scripted.web.WebHandlers.click(WebHandlers.java:162)\r\n\tat com.scripted.Pages.SauceLab.SauceLabCheckoutStepTwoPage.clickOnFinish(SauceLabCheckoutStepTwoPage.java:45)\r\n\tat com.scripted.WebStepDef.SauceLab.SauceLabStepDef.iClickOnFinish(SauceLabStepDef.java:71)\r\n\tat ✽.I click on finish(file:Features/Web/SauceLab/SimpleSuccesfulPurchase.feature:16)\r\n",
  "flaky" : false,
  "newFailed" : false,
  "newBroken" : false,
  "newPassed" : false,
  "retriesCount" : 0,
  "retriesStatusChange" : false,
  "beforeStages" : [ {
    "name" : "CommonStepdef.driverSetup()",
    "time" : {
      "start" : 1662355591100,
      "stop" : 1662355595301,
      "duration" : 4201
    },
    "status" : "passed",
    "steps" : [ ],
    "attachments" : [ ],
    "parameters" : [ ],
    "stepsCount" : 0,
    "hasContent" : false,
    "attachmentsCount" : 0,
    "shouldDisplayMessage" : false
  } ],
  "testStage" : {
    "status" : "failed",
    "statusMessage" : "Error while performing the click action for the locator: Proxy element for: DefaultElementLocator 'By.xpath: button[data-test='finish']'Exception :org.openqa.selenium.NoSuchElementException: no such element: Unable to locate element: {\"method\":\"xpath\",\"selector\":\"button[data-test='finish']\"}\n  (Session info: chrome=104.0.5112.102)\nFor documentation on this error, please visit: https://www.seleniumhq.org/exceptions/no_such_element.html\nBuild info: version: '3.141.59', revision: 'e82be7d358', time: '2018-11-14T08:17:03'\nSystem info: host: 'E900DTRV', ip: '192.168.42.2', os.name: 'Windows 10', os.arch: 'amd64', os.version: '10.0', java.version: '17.0.1'\nDriver info: org.openqa.selenium.chrome.ChromeDriver\nCapabilities {acceptInsecureCerts: false, browserName: chrome, browserVersion: 104.0.5112.102, chrome: {chromedriverVersion: 103.0.5060.134 (8ec6fce403b..., userDataDir: C:\\Users\\188680\\AppData\\Loc...}, goog:chromeOptions: {debuggerAddress: localhost:52008}, javascriptEnabled: true, networkConnectionEnabled: false, pageLoadStrategy: normal, platform: WINDOWS, platformName: WINDOWS, proxy: Proxy(), setWindowRect: true, strictFileInteractability: false, timeouts: {implicit: 0, pageLoad: 300000, script: 30000}, unhandledPromptBehavior: dismiss and notify, webauthn:extension:credBlob: true, webauthn:extension:largeBlob: true, webauthn:virtualAuthenticators: true}\nSession ID: b5552cf92d3a47c196556b3c30e139c9\n*** Element info: {Using=xpath, value=button[data-test='finish']}",
    "statusTrace" : "junit.framework.AssertionFailedError: Error while performing the click action for the locator: Proxy element for: DefaultElementLocator 'By.xpath: button[data-test='finish']'Exception :org.openqa.selenium.NoSuchElementException: no such element: Unable to locate element: {\"method\":\"xpath\",\"selector\":\"button[data-test='finish']\"}\n  (Session info: chrome=104.0.5112.102)\nFor documentation on this error, please visit: https://www.seleniumhq.org/exceptions/no_such_element.html\nBuild info: version: '3.141.59', revision: 'e82be7d358', time: '2018-11-14T08:17:03'\nSystem info: host: 'E900DTRV', ip: '192.168.42.2', os.name: 'Windows 10', os.arch: 'amd64', os.version: '10.0', java.version: '17.0.1'\nDriver info: org.openqa.selenium.chrome.ChromeDriver\nCapabilities {acceptInsecureCerts: false, browserName: chrome, browserVersion: 104.0.5112.102, chrome: {chromedriverVersion: 103.0.5060.134 (8ec6fce403b..., userDataDir: C:\\Users\\188680\\AppData\\Loc...}, goog:chromeOptions: {debuggerAddress: localhost:52008}, javascriptEnabled: true, networkConnectionEnabled: false, pageLoadStrategy: normal, platform: WINDOWS, platformName: WINDOWS, proxy: Proxy(), setWindowRect: true, strictFileInteractability: false, timeouts: {implicit: 0, pageLoad: 300000, script: 30000}, unhandledPromptBehavior: dismiss and notify, webauthn:extension:credBlob: true, webauthn:extension:largeBlob: true, webauthn:virtualAuthenticators: true}\nSession ID: b5552cf92d3a47c196556b3c30e139c9\n*** Element info: {Using=xpath, value=button[data-test='finish']}\r\n\tat junit.framework.Assert.fail(Assert.java:57)\r\n\tat com.scripted.web.WebHandlers.click(WebHandlers.java:162)\r\n\tat com.scripted.Pages.SauceLab.SauceLabCheckoutStepTwoPage.clickOnFinish(SauceLabCheckoutStepTwoPage.java:45)\r\n\tat com.scripted.WebStepDef.SauceLab.SauceLabStepDef.iClickOnFinish(SauceLabStepDef.java:71)\r\n\tat ✽.I click on finish(file:Features/Web/SauceLab/SimpleSuccesfulPurchase.feature:16)\r\n",
    "steps" : [ {
      "name" : "Given  I launched sauce lab application",
      "time" : {
        "start" : 1662355595304,
        "stop" : 1662355600620,
        "duration" : 5316
      },
      "status" : "passed",
      "steps" : [ ],
      "attachments" : [ ],
      "parameters" : [ ],
      "stepsCount" : 0,
      "hasContent" : false,
      "attachmentsCount" : 0,
      "shouldDisplayMessage" : false
    }, {
      "name" : "When  I enter username as \"standard_user\"",
      "time" : {
        "start" : 1662355600620,
        "stop" : 1662355600950,
        "duration" : 330
      },
      "status" : "passed",
      "steps" : [ ],
      "attachments" : [ ],
      "parameters" : [ ],
      "stepsCount" : 0,
      "hasContent" : false,
      "attachmentsCount" : 0,
      "shouldDisplayMessage" : false
    }, {
      "name" : "And  I enter password as \"secret_sauce\"",
      "time" : {
        "start" : 1662355600950,
        "stop" : 1662355601168,
        "duration" : 218
      },
      "status" : "passed",
      "steps" : [ ],
      "attachments" : [ ],
      "parameters" : [ ],
      "stepsCount" : 0,
      "hasContent" : false,
      "attachmentsCount" : 0,
      "shouldDisplayMessage" : false
    }, {
      "name" : "Then  I click on sauce lab log in button",
      "time" : {
        "start" : 1662355601168,
        "stop" : 1662355621443,
        "duration" : 20275
      },
      "status" : "passed",
      "steps" : [ ],
      "attachments" : [ ],
      "parameters" : [ ],
      "stepsCount" : 0,
      "hasContent" : false,
      "attachmentsCount" : 0,
      "shouldDisplayMessage" : false
    }, {
      "name" : "When  I select an item",
      "time" : {
        "start" : 1662355621443,
        "stop" : 1662355621519,
        "duration" : 76
      },
      "status" : "passed",
      "steps" : [ ],
      "attachments" : [ ],
      "parameters" : [ ],
      "stepsCount" : 0,
      "hasContent" : false,
      "attachmentsCount" : 0,
      "shouldDisplayMessage" : false
    }, {
      "name" : "And  I click on Add to cart button",
      "time" : {
        "start" : 1662355621519,
        "stop" : 1662355641625,
        "duration" : 20106
      },
      "status" : "passed",
      "steps" : [ ],
      "attachments" : [ ],
      "parameters" : [ ],
      "stepsCount" : 0,
      "hasContent" : false,
      "attachmentsCount" : 0,
      "shouldDisplayMessage" : false
    }, {
      "name" : "And  I view my shopping cart",
      "time" : {
        "start" : 1662355641626,
        "stop" : 1662355641698,
        "duration" : 72
      },
      "status" : "passed",
      "steps" : [ ],
      "attachments" : [ ],
      "parameters" : [ ],
      "stepsCount" : 0,
      "hasContent" : false,
      "attachmentsCount" : 0,
      "shouldDisplayMessage" : false
    }, {
      "name" : "And  I click on checkout",
      "time" : {
        "start" : 1662355641699,
        "stop" : 1662355661768,
        "duration" : 20069
      },
      "status" : "passed",
      "steps" : [ ],
      "attachments" : [ ],
      "parameters" : [ ],
      "stepsCount" : 0,
      "hasContent" : false,
      "attachmentsCount" : 0,
      "shouldDisplayMessage" : false
    }, {
      "name" : "And  I input my details",
      "time" : {
        "start" : 1662355661768,
        "stop" : 1662355662112,
        "duration" : 344
      },
      "status" : "passed",
      "steps" : [ ],
      "attachments" : [ ],
      "parameters" : [ ],
      "stepsCount" : 0,
      "hasContent" : false,
      "attachmentsCount" : 0,
      "shouldDisplayMessage" : false
    }, {
      "name" : "And  select continue",
      "time" : {
        "start" : 1662355662113,
        "stop" : 1662355682239,
        "duration" : 20126
      },
      "status" : "passed",
      "steps" : [ ],
      "attachments" : [ ],
      "parameters" : [ ],
      "stepsCount" : 0,
      "hasContent" : false,
      "attachmentsCount" : 0,
      "shouldDisplayMessage" : false
    }, {
      "name" : "And  I click on finish",
      "time" : {
        "start" : 1662355682239,
        "stop" : 1662355742375,
        "duration" : 60136
      },
      "status" : "failed",
      "statusMessage" : "Error while performing the click action for the locator: Proxy element for: DefaultElementLocator 'By.xpath: button[data-test='finish']'Exception :org.openqa.selenium.NoSuchElementException: no such element: Unable to locate element: {\"method\":\"xpath\",\"selector\":\"button[data-test='finish']\"}\n  (Session info: chrome=104.0.5112.102)\nFor documentation on this error, please visit: https://www.seleniumhq.org/exceptions/no_such_element.html\nBuild info: version: '3.141.59', revision: 'e82be7d358', time: '2018-11-14T08:17:03'\nSystem info: host: 'E900DTRV', ip: '192.168.42.2', os.name: 'Windows 10', os.arch: 'amd64', os.version: '10.0', java.version: '17.0.1'\nDriver info: org.openqa.selenium.chrome.ChromeDriver\nCapabilities {acceptInsecureCerts: false, browserName: chrome, browserVersion: 104.0.5112.102, chrome: {chromedriverVersion: 103.0.5060.134 (8ec6fce403b..., userDataDir: C:\\Users\\188680\\AppData\\Loc...}, goog:chromeOptions: {debuggerAddress: localhost:52008}, javascriptEnabled: true, networkConnectionEnabled: false, pageLoadStrategy: normal, platform: WINDOWS, platformName: WINDOWS, proxy: Proxy(), setWindowRect: true, strictFileInteractability: false, timeouts: {implicit: 0, pageLoad: 300000, script: 30000}, unhandledPromptBehavior: dismiss and notify, webauthn:extension:credBlob: true, webauthn:extension:largeBlob: true, webauthn:virtualAuthenticators: true}\nSession ID: b5552cf92d3a47c196556b3c30e139c9\n*** Element info: {Using=xpath, value=button[data-test='finish']}",
      "statusTrace" : "junit.framework.AssertionFailedError: Error while performing the click action for the locator: Proxy element for: DefaultElementLocator 'By.xpath: button[data-test='finish']'Exception :org.openqa.selenium.NoSuchElementException: no such element: Unable to locate element: {\"method\":\"xpath\",\"selector\":\"button[data-test='finish']\"}\n  (Session info: chrome=104.0.5112.102)\nFor documentation on this error, please visit: https://www.seleniumhq.org/exceptions/no_such_element.html\nBuild info: version: '3.141.59', revision: 'e82be7d358', time: '2018-11-14T08:17:03'\nSystem info: host: 'E900DTRV', ip: '192.168.42.2', os.name: 'Windows 10', os.arch: 'amd64', os.version: '10.0', java.version: '17.0.1'\nDriver info: org.openqa.selenium.chrome.ChromeDriver\nCapabilities {acceptInsecureCerts: false, browserName: chrome, browserVersion: 104.0.5112.102, chrome: {chromedriverVersion: 103.0.5060.134 (8ec6fce403b..., userDataDir: C:\\Users\\188680\\AppData\\Loc...}, goog:chromeOptions: {debuggerAddress: localhost:52008}, javascriptEnabled: true, networkConnectionEnabled: false, pageLoadStrategy: normal, platform: WINDOWS, platformName: WINDOWS, proxy: Proxy(), setWindowRect: true, strictFileInteractability: false, timeouts: {implicit: 0, pageLoad: 300000, script: 30000}, unhandledPromptBehavior: dismiss and notify, webauthn:extension:credBlob: true, webauthn:extension:largeBlob: true, webauthn:virtualAuthenticators: true}\nSession ID: b5552cf92d3a47c196556b3c30e139c9\n*** Element info: {Using=xpath, value=button[data-test='finish']}\r\n\tat junit.framework.Assert.fail(Assert.java:57)\r\n\tat com.scripted.web.WebHandlers.click(WebHandlers.java:162)\r\n\tat com.scripted.Pages.SauceLab.SauceLabCheckoutStepTwoPage.clickOnFinish(SauceLabCheckoutStepTwoPage.java:45)\r\n\tat com.scripted.WebStepDef.SauceLab.SauceLabStepDef.iClickOnFinish(SauceLabStepDef.java:71)\r\n\tat ✽.I click on finish(file:Features/Web/SauceLab/SimpleSuccesfulPurchase.feature:16)\r\n",
      "steps" : [ ],
      "attachments" : [ ],
      "parameters" : [ ],
      "stepsCount" : 0,
      "hasContent" : true,
      "attachmentsCount" : 0,
      "shouldDisplayMessage" : true
    } ],
    "attachments" : [ ],
    "parameters" : [ ],
    "stepsCount" : 11,
    "hasContent" : true,
    "attachmentsCount" : 0,
    "shouldDisplayMessage" : false
  },
  "afterStages" : [ {
    "name" : "CommonStepdef.afterScenario(Scenario)",
    "time" : {
      "start" : 1662355742376,
      "stop" : 1662355742977,
      "duration" : 601
    },
    "status" : "passed",
    "steps" : [ ],
    "attachments" : [ {
      "uid" : "60195fec9ab19c9c",
      "name" : "Screenshot",
      "source" : "60195fec9ab19c9c.png",
      "type" : "image/png",
      "size" : 57476
    } ],
    "parameters" : [ ],
    "stepsCount" : 0,
    "hasContent" : true,
    "attachmentsCount" : 1,
    "shouldDisplayMessage" : false
  } ],
  "labels" : [ {
    "name" : "tag",
    "value" : "Test-2"
  }, {
    "name" : "tag",
    "value" : "Web"
  }, {
    "name" : "tag",
    "value" : "Demo"
  }, {
    "name" : "tag",
    "value" : "Training"
  }, {
    "name" : "host",
    "value" : "E900DTRV"
  }, {
    "name" : "thread",
    "value" : "12552@E900DTRV.main(1)"
  }, {
    "name" : "feature",
    "value" : "Simple Successful Purchase"
  }, {
    "name" : "story",
    "value" : "User is able to purchase items successfully"
  }, {
    "name" : "package",
    "value" : "Features.Web.SauceLab.Simple Successful Purchase"
  }, {
    "name" : "suite",
    "value" : "Simple Successful Purchase"
  }, {
    "name" : "testClass",
    "value" : "User is able to purchase items successfully"
  }, {
    "name" : "framework",
    "value" : "cucumber4jvm"
  }, {
    "name" : "language",
    "value" : "java"
  }, {
    "name" : "gherkin_uri",
    "value" : "file:Features/Web/SauceLab/SimpleSuccesfulPurchase.feature"
  }, {
    "name" : "resultFormat",
    "value" : "allure2"
  } ],
  "parameters" : [ {
    "name" : "password",
    "value" : "secret_sauce"
  }, {
    "name" : "username",
    "value" : "standard_user"
  } ],
  "links" : [ ],
  "hidden" : false,
  "retry" : false,
  "extra" : {
    "severity" : "normal",
    "retries" : [ ],
    "categories" : [ {
      "name" : "Product defects",
      "matchedStatuses" : [ ],
      "flaky" : false
    } ],
    "tags" : [ "Training", "Demo", "Web", "Test-2" ]
  },
  "source" : "34d96c80740e1ba2.json",
  "parameterValues" : [ "secret_sauce", "standard_user" ]
}