{
  "uid" : "b49fc0aeebc794f0",
  "name" : "teardown",
  "fullName" : "com.scripted.runners.APITestRunner.teardown",
  "historyId" : "8fdbf78a3858c689bff9db46d3b924f",
  "time" : {
    "start" : 1663217753827,
    "stop" : 1663217753827,
    "duration" : 0
  },
  "status" : "failed",
  "statusMessage" : "Error while trying to read file Exception :org.json.JSONException: A JSONArray text must start with '[' at 1 [character 2 line 1]",
  "statusTrace" : "junit.framework.AssertionFailedError: Error while trying to read file Exception :org.json.JSONException: A JSONArray text must start with '[' at 1 [character 2 line 1]\r\n\tat junit.framework.Assert.fail(Assert.java:57)\r\n\tat com.scripted.pdf.CucumberJsonExtractor.readData(CucumberJsonExtractor.java:30)\r\n\tat com.scripted.pdf.CucumberJsonExtractor.getScenarioAndStepsStatus(CucumberJsonExtractor.java:36)\r\n\tat com.scripted.pdf.DataFromJSON.scenariodetails(DataFromJSON.java:52)\r\n\tat com.scripted.pdf.CucumberPDF.ExportJsondataPdf(CucumberPDF.java:73)\r\n\tat com.scripted.configurations.SkriptmateConfigurations.afterSuite(SkriptmateConfigurations.java:126)\r\n\tat com.scripted.runners.APITestRunner.teardown(APITestRunner.java:30)\r\n\tat java.base/jdk.internal.reflect.NativeMethodAccessorImpl.invoke0(Native Method)\r\n\tat java.base/jdk.internal.reflect.NativeMethodAccessorImpl.invoke(NativeMethodAccessorImpl.java:77)\r\n\tat java.base/jdk.internal.reflect.DelegatingMethodAccessorImpl.invoke(DelegatingMethodAccessorImpl.java:43)\r\n\tat java.base/java.lang.reflect.Method.invoke(Method.java:568)\r\n\tat org.testng.internal.MethodInvocationHelper.invokeMethod(MethodInvocationHelper.java:124)\r\n\tat org.testng.internal.MethodInvocationHelper.invokeMethodConsideringTimeout(MethodInvocationHelper.java:59)\r\n\tat org.testng.internal.Invoker.invokeConfigurationMethod(Invoker.java:458)\r\n\tat org.testng.internal.Invoker.invokeConfigurations(Invoker.java:222)\r\n\tat org.testng.internal.Invoker.invokeConfigurations(Invoker.java:142)\r\n\tat org.testng.SuiteRunner.privateRun(SuiteRunner.java:425)\r\n\tat org.testng.SuiteRunner.run(SuiteRunner.java:364)\r\n\tat org.testng.SuiteRunnerWorker.runSuite(SuiteRunnerWorker.java:52)\r\n\tat org.testng.SuiteRunnerWorker.run(SuiteRunnerWorker.java:84)\r\n\tat org.testng.TestNG.runSuitesSequentially(TestNG.java:1208)\r\n\tat org.testng.TestNG.runSuitesLocally(TestNG.java:1137)\r\n\tat org.testng.TestNG.runSuites(TestNG.java:1049)\r\n\tat org.testng.TestNG.run(TestNG.java:1017)\r\n\tat com.intellij.rt.testng.IDEARemoteTestNG.run(IDEARemoteTestNG.java:66)\r\n\tat com.intellij.rt.testng.RemoteTestNGStarter.main(RemoteTestNGStarter.java:109)\r\n",
  "flaky" : false,
  "newFailed" : false,
  "newBroken" : false,
  "newPassed" : false,
  "retriesCount" : 0,
  "retriesStatusChange" : false,
  "beforeStages" : [ ],
  "afterStages" : [ ],
  "labels" : [ {
    "name" : "package",
    "value" : "com.scripted.runners.APITestRunner"
  }, {
    "name" : "testClass",
    "value" : "com.scripted.runners.APITestRunner"
  }, {
    "name" : "testMethod",
    "value" : "teardown"
  }, {
    "name" : "parentSuite",
    "value" : "Default Suite"
  }, {
    "name" : "suite",
    "value" : "SkJavaConsumerDirect-CodeClenUp"
  }, {
    "name" : "subSuite",
    "value" : "com.scripted.runners.APITestRunner"
  }, {
    "name" : "host",
    "value" : "E900DTRV"
  }, {
    "name" : "thread",
    "value" : "12268@E900DTRV.main(1)"
  }, {
    "name" : "framework",
    "value" : "testng"
  }, {
    "name" : "language",
    "value" : "java"
  }, {
    "name" : "resultFormat",
    "value" : "allure2"
  } ],
  "parameters" : [ ],
  "links" : [ ],
  "hidden" : false,
  "retry" : false,
  "extra" : {
    "severity" : "normal",
    "retries" : [ ],
    "categories" : [ {
      "name" : "Product defects",
      "matchedStatuses" : [ ],
      "flaky" : false
    } ],
    "tags" : [ ]
  },
  "source" : "b49fc0aeebc794f0.json",
  "parameterValues" : [ ]
}