{
  "uid" : "21c6b29b0f6cdd54",
  "name" : "User is able to purchase items successfully",
  "fullName" : "Simple Successful Purchase: User is able to purchase items successfully",
  "historyId" : "c61743e1e2b1191c4dae1c125bf36b71",
  "time" : {
    "start" : 1661858481251,
    "stop" : 1661858570800,
    "duration" : 89549
  },
  "status" : "failed",
  "statusMessage" : "Error while performing the click action for the locator: Proxy element for: DefaultElementLocator 'By.id: add-to-cart-sauce-labs-backpack'Exception :org.openqa.selenium.NoSuchElementException: no such element: Unable to locate element: {\"method\":\"css selector\",\"selector\":\"#add\\-to\\-cart\\-sauce\\-labs\\-backpack\"}\n  (Session info: chrome=104.0.5112.102)\nFor documentation on this error, please visit: https://www.seleniumhq.org/exceptions/no_such_element.html\nBuild info: version: '3.141.59', revision: 'e82be7d358', time: '2018-11-14T08:17:03'\nSystem info: host: 'E900DTRV', ip: '192.168.42.2', os.name: 'Windows 10', os.arch: 'amd64', os.version: '10.0', java.version: '17.0.1'\nDriver info: org.openqa.selenium.chrome.ChromeDriver\nCapabilities {acceptInsecureCerts: false, browserName: chrome, browserVersion: 104.0.5112.102, chrome: {chromedriverVersion: 103.0.5060.134 (8ec6fce403b..., userDataDir: C:\\Users\\188680\\AppData\\Loc...}, goog:chromeOptions: {debuggerAddress: localhost:55975}, javascriptEnabled: true, networkConnectionEnabled: false, pageLoadStrategy: normal, platform: WINDOWS, platformName: WINDOWS, proxy: Proxy(), setWindowRect: true, strictFileInteractability: false, timeouts: {implicit: 0, pageLoad: 300000, script: 30000}, unhandledPromptBehavior: dismiss and notify, webauthn:extension:credBlob: true, webauthn:extension:largeBlob: true, webauthn:virtualAuthenticators: true}\nSession ID: 15dd7ec5a983bf5d325982d632e5c339\n*** Element info: {Using=id, value=add-to-cart-sauce-labs-backpack}",
  "statusTrace" : "junit.framework.AssertionFailedError: Error while performing the click action for the locator: Proxy element for: DefaultElementLocator 'By.id: add-to-cart-sauce-labs-backpack'Exception :org.openqa.selenium.NoSuchElementException: no such element: Unable to locate element: {\"method\":\"css selector\",\"selector\":\"#add\\-to\\-cart\\-sauce\\-labs\\-backpack\"}\n  (Session info: chrome=104.0.5112.102)\nFor documentation on this error, please visit: https://www.seleniumhq.org/exceptions/no_such_element.html\nBuild info: version: '3.141.59', revision: 'e82be7d358', time: '2018-11-14T08:17:03'\nSystem info: host: 'E900DTRV', ip: '192.168.42.2', os.name: 'Windows 10', os.arch: 'amd64', os.version: '10.0', java.version: '17.0.1'\nDriver info: org.openqa.selenium.chrome.ChromeDriver\nCapabilities {acceptInsecureCerts: false, browserName: chrome, browserVersion: 104.0.5112.102, chrome: {chromedriverVersion: 103.0.5060.134 (8ec6fce403b..., userDataDir: C:\\Users\\188680\\AppData\\Loc...}, goog:chromeOptions: {debuggerAddress: localhost:55975}, javascriptEnabled: true, networkConnectionEnabled: false, pageLoadStrategy: normal, platform: WINDOWS, platformName: WINDOWS, proxy: Proxy(), setWindowRect: true, strictFileInteractability: false, timeouts: {implicit: 0, pageLoad: 300000, script: 30000}, unhandledPromptBehavior: dismiss and notify, webauthn:extension:credBlob: true, webauthn:extension:largeBlob: true, webauthn:virtualAuthenticators: true}\nSession ID: 15dd7ec5a983bf5d325982d632e5c339\n*** Element info: {Using=id, value=add-to-cart-sauce-labs-backpack}\r\n\tat junit.framework.Assert.fail(Assert.java:57)\r\n\tat com.scripted.web.WebHandlers.click(WebHandlers.java:162)\r\n\tat com.scripted.Pages.SauceLab.SauceLabProductsPage.addToCart(SauceLabProductsPage.java:48)\r\n\tat com.scripted.WebStepDef.SauceLab.SauceLabStepDef.iClickOnAddToCartButton(SauceLabStepDef.java:41)\r\n\tat ✽.I click on Add to cart button(file:Features/Web/SauceLab/SimpleSuccesfulPurchase.feature:10)\r\n",
  "flaky" : false,
  "newFailed" : false,
  "newBroken" : false,
  "newPassed" : false,
  "retriesCount" : 0,
  "retriesStatusChange" : false,
  "beforeStages" : [ {
    "name" : "CommonStepdef.driverSetup()",
    "time" : {
      "start" : 1661858481261,
      "stop" : 1661858485162,
      "duration" : 3901
    },
    "status" : "passed",
    "steps" : [ ],
    "attachments" : [ ],
    "parameters" : [ ],
    "hasContent" : false,
    "stepsCount" : 0,
    "shouldDisplayMessage" : false,
    "attachmentsCount" : 0
  } ],
  "testStage" : {
    "status" : "failed",
    "statusMessage" : "Error while performing the click action for the locator: Proxy element for: DefaultElementLocator 'By.id: add-to-cart-sauce-labs-backpack'Exception :org.openqa.selenium.NoSuchElementException: no such element: Unable to locate element: {\"method\":\"css selector\",\"selector\":\"#add\\-to\\-cart\\-sauce\\-labs\\-backpack\"}\n  (Session info: chrome=104.0.5112.102)\nFor documentation on this error, please visit: https://www.seleniumhq.org/exceptions/no_such_element.html\nBuild info: version: '3.141.59', revision: 'e82be7d358', time: '2018-11-14T08:17:03'\nSystem info: host: 'E900DTRV', ip: '192.168.42.2', os.name: 'Windows 10', os.arch: 'amd64', os.version: '10.0', java.version: '17.0.1'\nDriver info: org.openqa.selenium.chrome.ChromeDriver\nCapabilities {acceptInsecureCerts: false, browserName: chrome, browserVersion: 104.0.5112.102, chrome: {chromedriverVersion: 103.0.5060.134 (8ec6fce403b..., userDataDir: C:\\Users\\188680\\AppData\\Loc...}, goog:chromeOptions: {debuggerAddress: localhost:55975}, javascriptEnabled: true, networkConnectionEnabled: false, pageLoadStrategy: normal, platform: WINDOWS, platformName: WINDOWS, proxy: Proxy(), setWindowRect: true, strictFileInteractability: false, timeouts: {implicit: 0, pageLoad: 300000, script: 30000}, unhandledPromptBehavior: dismiss and notify, webauthn:extension:credBlob: true, webauthn:extension:largeBlob: true, webauthn:virtualAuthenticators: true}\nSession ID: 15dd7ec5a983bf5d325982d632e5c339\n*** Element info: {Using=id, value=add-to-cart-sauce-labs-backpack}",
    "statusTrace" : "junit.framework.AssertionFailedError: Error while performing the click action for the locator: Proxy element for: DefaultElementLocator 'By.id: add-to-cart-sauce-labs-backpack'Exception :org.openqa.selenium.NoSuchElementException: no such element: Unable to locate element: {\"method\":\"css selector\",\"selector\":\"#add\\-to\\-cart\\-sauce\\-labs\\-backpack\"}\n  (Session info: chrome=104.0.5112.102)\nFor documentation on this error, please visit: https://www.seleniumhq.org/exceptions/no_such_element.html\nBuild info: version: '3.141.59', revision: 'e82be7d358', time: '2018-11-14T08:17:03'\nSystem info: host: 'E900DTRV', ip: '192.168.42.2', os.name: 'Windows 10', os.arch: 'amd64', os.version: '10.0', java.version: '17.0.1'\nDriver info: org.openqa.selenium.chrome.ChromeDriver\nCapabilities {acceptInsecureCerts: false, browserName: chrome, browserVersion: 104.0.5112.102, chrome: {chromedriverVersion: 103.0.5060.134 (8ec6fce403b..., userDataDir: C:\\Users\\188680\\AppData\\Loc...}, goog:chromeOptions: {debuggerAddress: localhost:55975}, javascriptEnabled: true, networkConnectionEnabled: false, pageLoadStrategy: normal, platform: WINDOWS, platformName: WINDOWS, proxy: Proxy(), setWindowRect: true, strictFileInteractability: false, timeouts: {implicit: 0, pageLoad: 300000, script: 30000}, unhandledPromptBehavior: dismiss and notify, webauthn:extension:credBlob: true, webauthn:extension:largeBlob: true, webauthn:virtualAuthenticators: true}\nSession ID: 15dd7ec5a983bf5d325982d632e5c339\n*** Element info: {Using=id, value=add-to-cart-sauce-labs-backpack}\r\n\tat junit.framework.Assert.fail(Assert.java:57)\r\n\tat com.scripted.web.WebHandlers.click(WebHandlers.java:162)\r\n\tat com.scripted.Pages.SauceLab.SauceLabProductsPage.addToCart(SauceLabProductsPage.java:48)\r\n\tat com.scripted.WebStepDef.SauceLab.SauceLabStepDef.iClickOnAddToCartButton(SauceLabStepDef.java:41)\r\n\tat ✽.I click on Add to cart button(file:Features/Web/SauceLab/SimpleSuccesfulPurchase.feature:10)\r\n",
    "steps" : [ {
      "name" : "Given  I launched sauce lab application",
      "time" : {
        "start" : 1661858485164,
        "stop" : 1661858489041,
        "duration" : 3877
      },
      "status" : "passed",
      "steps" : [ ],
      "attachments" : [ ],
      "parameters" : [ ],
      "hasContent" : false,
      "stepsCount" : 0,
      "shouldDisplayMessage" : false,
      "attachmentsCount" : 0
    }, {
      "name" : "When  I enter username as \"standard_user\"",
      "time" : {
        "start" : 1661858489042,
        "stop" : 1661858489385,
        "duration" : 343
      },
      "status" : "passed",
      "steps" : [ ],
      "attachments" : [ ],
      "parameters" : [ ],
      "hasContent" : false,
      "stepsCount" : 0,
      "shouldDisplayMessage" : false,
      "attachmentsCount" : 0
    }, {
      "name" : "And  I enter password as \"secret_sauce\"",
      "time" : {
        "start" : 1661858489385,
        "stop" : 1661858489608,
        "duration" : 223
      },
      "status" : "passed",
      "steps" : [ ],
      "attachments" : [ ],
      "parameters" : [ ],
      "hasContent" : false,
      "stepsCount" : 0,
      "shouldDisplayMessage" : false,
      "attachmentsCount" : 0
    }, {
      "name" : "Then  I click on sauce lab log in button",
      "time" : {
        "start" : 1661858489608,
        "stop" : 1661858509877,
        "duration" : 20269
      },
      "status" : "passed",
      "steps" : [ ],
      "attachments" : [ ],
      "parameters" : [ ],
      "hasContent" : false,
      "stepsCount" : 0,
      "shouldDisplayMessage" : false,
      "attachmentsCount" : 0
    }, {
      "name" : "When  I select an item",
      "time" : {
        "start" : 1661858509877,
        "stop" : 1661858509970,
        "duration" : 93
      },
      "status" : "passed",
      "steps" : [ ],
      "attachments" : [ ],
      "parameters" : [ ],
      "hasContent" : false,
      "stepsCount" : 0,
      "shouldDisplayMessage" : false,
      "attachmentsCount" : 0
    }, {
      "name" : "And  I click on Add to cart button",
      "time" : {
        "start" : 1661858509970,
        "stop" : 1661858570066,
        "duration" : 60096
      },
      "status" : "failed",
      "statusMessage" : "Error while performing the click action for the locator: Proxy element for: DefaultElementLocator 'By.id: add-to-cart-sauce-labs-backpack'Exception :org.openqa.selenium.NoSuchElementException: no such element: Unable to locate element: {\"method\":\"css selector\",\"selector\":\"#add\\-to\\-cart\\-sauce\\-labs\\-backpack\"}\n  (Session info: chrome=104.0.5112.102)\nFor documentation on this error, please visit: https://www.seleniumhq.org/exceptions/no_such_element.html\nBuild info: version: '3.141.59', revision: 'e82be7d358', time: '2018-11-14T08:17:03'\nSystem info: host: 'E900DTRV', ip: '192.168.42.2', os.name: 'Windows 10', os.arch: 'amd64', os.version: '10.0', java.version: '17.0.1'\nDriver info: org.openqa.selenium.chrome.ChromeDriver\nCapabilities {acceptInsecureCerts: false, browserName: chrome, browserVersion: 104.0.5112.102, chrome: {chromedriverVersion: 103.0.5060.134 (8ec6fce403b..., userDataDir: C:\\Users\\188680\\AppData\\Loc...}, goog:chromeOptions: {debuggerAddress: localhost:55975}, javascriptEnabled: true, networkConnectionEnabled: false, pageLoadStrategy: normal, platform: WINDOWS, platformName: WINDOWS, proxy: Proxy(), setWindowRect: true, strictFileInteractability: false, timeouts: {implicit: 0, pageLoad: 300000, script: 30000}, unhandledPromptBehavior: dismiss and notify, webauthn:extension:credBlob: true, webauthn:extension:largeBlob: true, webauthn:virtualAuthenticators: true}\nSession ID: 15dd7ec5a983bf5d325982d632e5c339\n*** Element info: {Using=id, value=add-to-cart-sauce-labs-backpack}",
      "statusTrace" : "junit.framework.AssertionFailedError: Error while performing the click action for the locator: Proxy element for: DefaultElementLocator 'By.id: add-to-cart-sauce-labs-backpack'Exception :org.openqa.selenium.NoSuchElementException: no such element: Unable to locate element: {\"method\":\"css selector\",\"selector\":\"#add\\-to\\-cart\\-sauce\\-labs\\-backpack\"}\n  (Session info: chrome=104.0.5112.102)\nFor documentation on this error, please visit: https://www.seleniumhq.org/exceptions/no_such_element.html\nBuild info: version: '3.141.59', revision: 'e82be7d358', time: '2018-11-14T08:17:03'\nSystem info: host: 'E900DTRV', ip: '192.168.42.2', os.name: 'Windows 10', os.arch: 'amd64', os.version: '10.0', java.version: '17.0.1'\nDriver info: org.openqa.selenium.chrome.ChromeDriver\nCapabilities {acceptInsecureCerts: false, browserName: chrome, browserVersion: 104.0.5112.102, chrome: {chromedriverVersion: 103.0.5060.134 (8ec6fce403b..., userDataDir: C:\\Users\\188680\\AppData\\Loc...}, goog:chromeOptions: {debuggerAddress: localhost:55975}, javascriptEnabled: true, networkConnectionEnabled: false, pageLoadStrategy: normal, platform: WINDOWS, platformName: WINDOWS, proxy: Proxy(), setWindowRect: true, strictFileInteractability: false, timeouts: {implicit: 0, pageLoad: 300000, script: 30000}, unhandledPromptBehavior: dismiss and notify, webauthn:extension:credBlob: true, webauthn:extension:largeBlob: true, webauthn:virtualAuthenticators: true}\nSession ID: 15dd7ec5a983bf5d325982d632e5c339\n*** Element info: {Using=id, value=add-to-cart-sauce-labs-backpack}\r\n\tat junit.framework.Assert.fail(Assert.java:57)\r\n\tat com.scripted.web.WebHandlers.click(WebHandlers.java:162)\r\n\tat com.scripted.Pages.SauceLab.SauceLabProductsPage.addToCart(SauceLabProductsPage.java:48)\r\n\tat com.scripted.WebStepDef.SauceLab.SauceLabStepDef.iClickOnAddToCartButton(SauceLabStepDef.java:41)\r\n\tat ✽.I click on Add to cart button(file:Features/Web/SauceLab/SimpleSuccesfulPurchase.feature:10)\r\n",
      "steps" : [ ],
      "attachments" : [ ],
      "parameters" : [ ],
      "hasContent" : true,
      "stepsCount" : 0,
      "shouldDisplayMessage" : true,
      "attachmentsCount" : 0
    }, {
      "name" : "And  I view my shopping cart",
      "time" : {
        "start" : 1661858570066,
        "stop" : 1661858570066,
        "duration" : 0
      },
      "status" : "skipped",
      "steps" : [ ],
      "attachments" : [ ],
      "parameters" : [ ],
      "hasContent" : false,
      "stepsCount" : 0,
      "shouldDisplayMessage" : false,
      "attachmentsCount" : 0
    }, {
      "name" : "And  I click on checkout",
      "time" : {
        "start" : 1661858570066,
        "stop" : 1661858570066,
        "duration" : 0
      },
      "status" : "skipped",
      "steps" : [ ],
      "attachments" : [ ],
      "parameters" : [ ],
      "hasContent" : false,
      "stepsCount" : 0,
      "shouldDisplayMessage" : false,
      "attachmentsCount" : 0
    }, {
      "name" : "And  I input my details",
      "time" : {
        "start" : 1661858570066,
        "stop" : 1661858570066,
        "duration" : 0
      },
      "status" : "skipped",
      "steps" : [ ],
      "attachments" : [ ],
      "parameters" : [ ],
      "hasContent" : false,
      "stepsCount" : 0,
      "shouldDisplayMessage" : false,
      "attachmentsCount" : 0
    }, {
      "name" : "And  I click on finish",
      "time" : {
        "start" : 1661858570066,
        "stop" : 1661858570066,
        "duration" : 0
      },
      "status" : "skipped",
      "steps" : [ ],
      "attachments" : [ ],
      "parameters" : [ ],
      "hasContent" : false,
      "stepsCount" : 0,
      "shouldDisplayMessage" : false,
      "attachmentsCount" : 0
    } ],
    "attachments" : [ ],
    "parameters" : [ ],
    "hasContent" : true,
    "stepsCount" : 10,
    "shouldDisplayMessage" : false,
    "attachmentsCount" : 0
  },
  "afterStages" : [ {
    "name" : "CommonStepdef.afterScenario(Scenario)",
    "time" : {
      "start" : 1661858570076,
      "stop" : 1661858570800,
      "duration" : 724
    },
    "status" : "passed",
    "steps" : [ ],
    "attachments" : [ {
      "uid" : "f9d062dd46041d63",
      "name" : "Screenshot",
      "source" : "f9d062dd46041d63.png",
      "type" : "image/png",
      "size" : 274903
    } ],
    "parameters" : [ ],
    "hasContent" : true,
    "stepsCount" : 0,
    "shouldDisplayMessage" : false,
    "attachmentsCount" : 1
  } ],
  "labels" : [ {
    "name" : "tag",
    "value" : "Test-2"
  }, {
    "name" : "tag",
    "value" : "Web"
  }, {
    "name" : "tag",
    "value" : "Demo"
  }, {
    "name" : "tag",
    "value" : "Training"
  }, {
    "name" : "host",
    "value" : "E900DTRV"
  }, {
    "name" : "thread",
    "value" : "8360@E900DTRV.main(1)"
  }, {
    "name" : "feature",
    "value" : "Simple Successful Purchase"
  }, {
    "name" : "story",
    "value" : "User is able to purchase items successfully"
  }, {
    "name" : "package",
    "value" : "Features.Web.SauceLab.Simple Successful Purchase"
  }, {
    "name" : "suite",
    "value" : "Simple Successful Purchase"
  }, {
    "name" : "testClass",
    "value" : "User is able to purchase items successfully"
  }, {
    "name" : "framework",
    "value" : "cucumber4jvm"
  }, {
    "name" : "language",
    "value" : "java"
  }, {
    "name" : "gherkin_uri",
    "value" : "file:Features/Web/SauceLab/SimpleSuccesfulPurchase.feature"
  }, {
    "name" : "resultFormat",
    "value" : "allure2"
  } ],
  "parameters" : [ {
    "name" : "password",
    "value" : "secret_sauce"
  }, {
    "name" : "username",
    "value" : "standard_user"
  } ],
  "links" : [ ],
  "hidden" : false,
  "retry" : false,
  "extra" : {
    "severity" : "normal",
    "retries" : [ ],
    "categories" : [ {
      "name" : "Product defects",
      "matchedStatuses" : [ ],
      "flaky" : false
    } ],
    "tags" : [ "Training", "Demo", "Web", "Test-2" ]
  },
  "source" : "21c6b29b0f6cdd54.json",
  "parameterValues" : [ "secret_sauce", "standard_user" ]
}