{
  "uid" : "2a7914f02c24fbfb",
  "name" : "Sample urlencoded POST method API test",
  "fullName" : "Running all api tests: Sample urlencoded POST method API test",
  "historyId" : "b13816004f542d41a0ddb4e98cde2a48",
  "time" : {
    "start" : 1661839500414,
    "stop" : 1661839503127,
    "duration" : 2713
  },
  "status" : "failed",
  "statusMessage" : "expected [415] but found [201]",
  "statusTrace" : "java.lang.AssertionError: expected [415] but found [201]\r\n\tat org.testng.Assert.fail(Assert.java:96)\r\n\tat org.testng.Assert.failNotEquals(Assert.java:776)\r\n\tat org.testng.Assert.assertEqualsImpl(Assert.java:137)\r\n\tat org.testng.Assert.assertEquals(Assert.java:118)\r\n\tat org.testng.Assert.assertEquals(Assert.java:652)\r\n\tat org.testng.Assert.assertEquals(Assert.java:662)\r\n\tat com.scripted.api.RestAssuredWrapper.valResponseCode(RestAssuredWrapper.java:238)\r\n\tat com.scripted.apistepdefs.stepdefinitions.i_should_get_response_code_something(stepdefinitions.java:149)\r\n\tat ✽.I should get response code 201(file:Features/Webservices/SampleAllRestApi.feature:23)\r\n",
  "flaky" : false,
  "newFailed" : false,
  "newBroken" : false,
  "newPassed" : false,
  "retriesCount" : 0,
  "retriesStatusChange" : false,
  "beforeStages" : [ {
    "name" : "stepdefinitions.beforeScenario(Scenario)",
    "time" : {
      "start" : 1661839500415,
      "stop" : 1661839501007,
      "duration" : 592
    },
    "status" : "passed",
    "steps" : [ ],
    "attachments" : [ ],
    "parameters" : [ ],
    "stepsCount" : 0,
    "hasContent" : false,
    "shouldDisplayMessage" : false,
    "attachmentsCount" : 0
  } ],
  "testStage" : {
    "status" : "failed",
    "statusMessage" : "expected [415] but found [201]",
    "statusTrace" : "java.lang.AssertionError: expected [415] but found [201]\r\n\tat org.testng.Assert.fail(Assert.java:96)\r\n\tat org.testng.Assert.failNotEquals(Assert.java:776)\r\n\tat org.testng.Assert.assertEqualsImpl(Assert.java:137)\r\n\tat org.testng.Assert.assertEquals(Assert.java:118)\r\n\tat org.testng.Assert.assertEquals(Assert.java:652)\r\n\tat org.testng.Assert.assertEquals(Assert.java:662)\r\n\tat com.scripted.api.RestAssuredWrapper.valResponseCode(RestAssuredWrapper.java:238)\r\n\tat com.scripted.apistepdefs.stepdefinitions.i_should_get_response_code_something(stepdefinitions.java:149)\r\n\tat ✽.I should get response code 201(file:Features/Webservices/SampleAllRestApi.feature:23)\r\n",
    "steps" : [ {
      "name" : "Given  I have sample \"Post\" API",
      "time" : {
        "start" : 1661839501009,
        "stop" : 1661839501015,
        "duration" : 6
      },
      "status" : "passed",
      "steps" : [ ],
      "attachments" : [ ],
      "parameters" : [ ],
      "stepsCount" : 0,
      "hasContent" : false,
      "shouldDisplayMessage" : false,
      "attachmentsCount" : 0
    }, {
      "name" : "When  I send a \"Post\" urlencoded Request with \"SampleURLPOSTApi\" and \"PostApiJsonReq\"",
      "time" : {
        "start" : 1661839501016,
        "stop" : 1661839503096,
        "duration" : 2080
      },
      "status" : "passed",
      "steps" : [ ],
      "attachments" : [ ],
      "parameters" : [ ],
      "stepsCount" : 0,
      "hasContent" : false,
      "shouldDisplayMessage" : false,
      "attachmentsCount" : 0
    }, {
      "name" : "Then  I should get response code 201",
      "time" : {
        "start" : 1661839503096,
        "stop" : 1661839503100,
        "duration" : 4
      },
      "status" : "failed",
      "statusMessage" : "expected [415] but found [201]",
      "statusTrace" : "java.lang.AssertionError: expected [415] but found [201]\r\n\tat org.testng.Assert.fail(Assert.java:96)\r\n\tat org.testng.Assert.failNotEquals(Assert.java:776)\r\n\tat org.testng.Assert.assertEqualsImpl(Assert.java:137)\r\n\tat org.testng.Assert.assertEquals(Assert.java:118)\r\n\tat org.testng.Assert.assertEquals(Assert.java:652)\r\n\tat org.testng.Assert.assertEquals(Assert.java:662)\r\n\tat com.scripted.api.RestAssuredWrapper.valResponseCode(RestAssuredWrapper.java:238)\r\n\tat com.scripted.apistepdefs.stepdefinitions.i_should_get_response_code_something(stepdefinitions.java:149)\r\n\tat ✽.I should get response code 201(file:Features/Webservices/SampleAllRestApi.feature:23)\r\n",
      "steps" : [ ],
      "attachments" : [ ],
      "parameters" : [ ],
      "stepsCount" : 0,
      "hasContent" : true,
      "shouldDisplayMessage" : true,
      "attachmentsCount" : 0
    }, {
      "name" : "And  the response should contain:",
      "time" : {
        "start" : 1661839503101,
        "stop" : 1661839503113,
        "duration" : 12
      },
      "status" : "skipped",
      "steps" : [ ],
      "attachments" : [ {
        "uid" : "9b3f2a5cb427fa90",
        "name" : "Data table",
        "source" : "9b3f2a5cb427fa90.csv",
        "type" : "text/tab-separated-values",
        "size" : 46
      } ],
      "parameters" : [ ],
      "stepsCount" : 0,
      "hasContent" : true,
      "shouldDisplayMessage" : false,
      "attachmentsCount" : 1
    } ],
    "attachments" : [ ],
    "parameters" : [ ],
    "stepsCount" : 4,
    "hasContent" : true,
    "shouldDisplayMessage" : false,
    "attachmentsCount" : 1
  },
  "afterStages" : [ {
    "name" : "stepdefinitions.afterScenario(Scenario)",
    "time" : {
      "start" : 1661839503114,
      "stop" : 1661839503126,
      "duration" : 12
    },
    "status" : "passed",
    "steps" : [ ],
    "attachments" : [ {
      "uid" : "e266a3b4884c7383",
      "name" : "Screenshot",
      "source" : "e266a3b4884c7383.html",
      "type" : "text/html",
      "size" : 149
    } ],
    "parameters" : [ ],
    "stepsCount" : 0,
    "hasContent" : true,
    "shouldDisplayMessage" : false,
    "attachmentsCount" : 1
  } ],
  "labels" : [ {
    "name" : "tag",
    "value" : "TestPost2"
  }, {
    "name" : "host",
    "value" : "E900DTRV"
  }, {
    "name" : "thread",
    "value" : "11228@E900DTRV.main(1)"
  }, {
    "name" : "feature",
    "value" : "Running all api tests"
  }, {
    "name" : "story",
    "value" : "Sample urlencoded POST method API test"
  }, {
    "name" : "package",
    "value" : "Features.Webservices.Running all api tests"
  }, {
    "name" : "suite",
    "value" : "Running all api tests"
  }, {
    "name" : "testClass",
    "value" : "Sample urlencoded POST method API test"
  }, {
    "name" : "framework",
    "value" : "cucumber4jvm"
  }, {
    "name" : "language",
    "value" : "java"
  }, {
    "name" : "gherkin_uri",
    "value" : "file:Features/Webservices/SampleAllRestApi.feature"
  }, {
    "name" : "resultFormat",
    "value" : "allure2"
  } ],
  "parameters" : [ ],
  "links" : [ ],
  "hidden" : false,
  "retry" : false,
  "extra" : {
    "severity" : "normal",
    "retries" : [ ],
    "categories" : [ {
      "name" : "Product defects",
      "matchedStatuses" : [ ],
      "flaky" : false
    } ],
    "tags" : [ "TestPost2" ]
  },
  "source" : "2a7914f02c24fbfb.json",
  "parameterValues" : [ ]
}