{
  "uid" : "e05769a4395728d8",
  "name" : "Sample PUT method API test",
  "fullName" : "Sample GET method API test: Sample PUT method API test",
  "historyId" : "893082e91463945b434649cb5860f8dc",
  "time" : {
    "start" : 1661762109913,
    "stop" : 1661762111349,
    "duration" : 1436
  },
  "status" : "failed",
  "statusMessage" : "Error while set the Json body : java.nio.file.NoSuchFileException: C:\\Users\\188680\\Downloads\\SkJavaConsumerDirect-CodeClenUp\\SkJavaConsumerDirect-CodeClenUp\\TAF-Scripting\\src\\main\\resources\\WebServices\\APIJsonRequest\\PutApiJsonReq.txt",
  "statusTrace" : "java.lang.AssertionError: Error while set the Json body : java.nio.file.NoSuchFileException: C:\\Users\\188680\\Downloads\\SkJavaConsumerDirect-CodeClenUp\\SkJavaConsumerDirect-CodeClenUp\\TAF-Scripting\\src\\main\\resources\\WebServices\\APIJsonRequest\\PutApiJsonReq.txt\r\n\tat org.testng.Assert.fail(Assert.java:96)\r\n\tat com.scripted.api.RequestParams.setJsonbody(RequestParams.java:50)\r\n\tat com.scripted.apistepdefs.stepdefinitions.api_json_request_in_something(stepdefinitions.java:111)\r\n\tat ✽.I send a \"Put\" Request with \"SamplePUTApi\" and \"PutApiJsonReq\"(file:Features/Webservices/SampleAllRestApi.feature:23)\r\n",
  "flaky" : false,
  "newFailed" : false,
  "newBroken" : false,
  "newPassed" : false,
  "retriesCount" : 0,
  "retriesStatusChange" : false,
  "beforeStages" : [ {
    "name" : "stepdefinitions.beforeScenario(Scenario)",
    "time" : {
      "start" : 1661762109915,
      "stop" : 1661762111315,
      "duration" : 1400
    },
    "status" : "passed",
    "steps" : [ ],
    "attachments" : [ ],
    "parameters" : [ ],
    "hasContent" : false,
    "stepsCount" : 0,
    "attachmentsCount" : 0,
    "shouldDisplayMessage" : false
  } ],
  "testStage" : {
    "status" : "failed",
    "statusMessage" : "Error while set the Json body : java.nio.file.NoSuchFileException: C:\\Users\\188680\\Downloads\\SkJavaConsumerDirect-CodeClenUp\\SkJavaConsumerDirect-CodeClenUp\\TAF-Scripting\\src\\main\\resources\\WebServices\\APIJsonRequest\\PutApiJsonReq.txt",
    "statusTrace" : "java.lang.AssertionError: Error while set the Json body : java.nio.file.NoSuchFileException: C:\\Users\\188680\\Downloads\\SkJavaConsumerDirect-CodeClenUp\\SkJavaConsumerDirect-CodeClenUp\\TAF-Scripting\\src\\main\\resources\\WebServices\\APIJsonRequest\\PutApiJsonReq.txt\r\n\tat org.testng.Assert.fail(Assert.java:96)\r\n\tat com.scripted.api.RequestParams.setJsonbody(RequestParams.java:50)\r\n\tat com.scripted.apistepdefs.stepdefinitions.api_json_request_in_something(stepdefinitions.java:111)\r\n\tat ✽.I send a \"Put\" Request with \"SamplePUTApi\" and \"PutApiJsonReq\"(file:Features/Webservices/SampleAllRestApi.feature:23)\r\n",
    "steps" : [ {
      "name" : "Given  I have sample \"Put\" API",
      "time" : {
        "start" : 1661762111317,
        "stop" : 1661762111321,
        "duration" : 4
      },
      "status" : "passed",
      "steps" : [ ],
      "attachments" : [ ],
      "parameters" : [ ],
      "hasContent" : false,
      "stepsCount" : 0,
      "attachmentsCount" : 0,
      "shouldDisplayMessage" : false
    }, {
      "name" : "When  I send a \"Put\" Request with \"SamplePUTApi\" and \"PutApiJsonReq\"",
      "time" : {
        "start" : 1661762111321,
        "stop" : 1661762111329,
        "duration" : 8
      },
      "status" : "failed",
      "statusMessage" : "Error while set the Json body : java.nio.file.NoSuchFileException: C:\\Users\\188680\\Downloads\\SkJavaConsumerDirect-CodeClenUp\\SkJavaConsumerDirect-CodeClenUp\\TAF-Scripting\\src\\main\\resources\\WebServices\\APIJsonRequest\\PutApiJsonReq.txt",
      "statusTrace" : "java.lang.AssertionError: Error while set the Json body : java.nio.file.NoSuchFileException: C:\\Users\\188680\\Downloads\\SkJavaConsumerDirect-CodeClenUp\\SkJavaConsumerDirect-CodeClenUp\\TAF-Scripting\\src\\main\\resources\\WebServices\\APIJsonRequest\\PutApiJsonReq.txt\r\n\tat org.testng.Assert.fail(Assert.java:96)\r\n\tat com.scripted.api.RequestParams.setJsonbody(RequestParams.java:50)\r\n\tat com.scripted.apistepdefs.stepdefinitions.api_json_request_in_something(stepdefinitions.java:111)\r\n\tat ✽.I send a \"Put\" Request with \"SamplePUTApi\" and \"PutApiJsonReq\"(file:Features/Webservices/SampleAllRestApi.feature:23)\r\n",
      "steps" : [ ],
      "attachments" : [ ],
      "parameters" : [ ],
      "hasContent" : true,
      "stepsCount" : 0,
      "attachmentsCount" : 0,
      "shouldDisplayMessage" : true
    }, {
      "name" : "Then  I should get response code 200",
      "time" : {
        "start" : 1661762111330,
        "stop" : 1661762111330,
        "duration" : 0
      },
      "status" : "skipped",
      "steps" : [ ],
      "attachments" : [ ],
      "parameters" : [ ],
      "hasContent" : false,
      "stepsCount" : 0,
      "attachmentsCount" : 0,
      "shouldDisplayMessage" : false
    }, {
      "name" : "And  the response should contain:",
      "time" : {
        "start" : 1661762111330,
        "stop" : 1661762111345,
        "duration" : 15
      },
      "status" : "skipped",
      "steps" : [ ],
      "attachments" : [ {
        "uid" : "c39b2b6991435805",
        "name" : "Data table",
        "source" : "c39b2b6991435805.csv",
        "type" : "text/tab-separated-values",
        "size" : 53
      } ],
      "parameters" : [ ],
      "hasContent" : true,
      "stepsCount" : 0,
      "attachmentsCount" : 1,
      "shouldDisplayMessage" : false
    } ],
    "attachments" : [ ],
    "parameters" : [ ],
    "hasContent" : true,
    "stepsCount" : 4,
    "attachmentsCount" : 1,
    "shouldDisplayMessage" : false
  },
  "afterStages" : [ {
    "name" : "stepdefinitions.afterScenario(Scenario)",
    "time" : {
      "start" : 1661762111346,
      "stop" : 1661762111348,
      "duration" : 2
    },
    "status" : "broken",
    "statusMessage" : "After is failed: Cannot invoke \"io.restassured.response.Response.asString()\" because \"com.scripted.api.RestAssuredWrapper.apiResponse\" is null",
    "statusTrace" : "java.lang.NullPointerException: Cannot invoke \"io.restassured.response.Response.asString()\" because \"com.scripted.api.RestAssuredWrapper.apiResponse\" is null\r\n\tat com.scripted.api.RestAssuredWrapper.convertFileToByte(RestAssuredWrapper.java:349)\r\n\tat com.scripted.apistepdefs.stepdefinitions.afterScenario(stepdefinitions.java:88)\r\n\tat java.base/jdk.internal.reflect.NativeMethodAccessorImpl.invoke0(Native Method)\r\n\tat java.base/jdk.internal.reflect.NativeMethodAccessorImpl.invoke(NativeMethodAccessorImpl.java:77)\r\n\tat java.base/jdk.internal.reflect.DelegatingMethodAccessorImpl.invoke(DelegatingMethodAccessorImpl.java:43)\r\n\tat java.base/java.lang.reflect.Method.invoke(Method.java:568)\r\n\tat cucumber.runtime.Utils$1.call(Utils.java:26)\r\n\tat cucumber.runtime.Timeout.timeout(Timeout.java:16)\r\n\tat cucumber.runtime.Utils.invoke(Utils.java:20)\r\n\tat cucumber.runtime.java.JavaHookDefinition.execute(JavaHookDefinition.java:65)\r\n\tat cucumber.runner.HookDefinitionMatch.runStep(HookDefinitionMatch.java:16)\r\n\tat cucumber.runner.TestStep.executeStep(TestStep.java:65)\r\n\tat cucumber.runner.TestStep.run(TestStep.java:50)\r\n\tat cucumber.runner.TestCase.run(TestCase.java:50)\r\n\tat cucumber.runner.Runner.runPickle(Runner.java:50)\r\n\tat io.cucumber.testng.TestNGCucumberRunner.runScenario(TestNGCucumberRunner.java:69)\r\n\tat io.cucumber.testng.AbstractTestNGCucumberTests.runScenario(AbstractTestNGCucumberTests.java:24)\r\n\tat java.base/jdk.internal.reflect.NativeMethodAccessorImpl.invoke0(Native Method)\r\n\tat java.base/jdk.internal.reflect.NativeMethodAccessorImpl.invoke(NativeMethodAccessorImpl.java:77)\r\n\tat java.base/jdk.internal.reflect.DelegatingMethodAccessorImpl.invoke(DelegatingMethodAccessorImpl.java:43)\r\n\tat java.base/java.lang.reflect.Method.invoke(Method.java:568)\r\n\tat org.testng.internal.MethodInvocationHelper.invokeMethod(MethodInvocationHelper.java:124)\r\n\tat org.testng.internal.Invoker.invokeMethod(Invoker.java:583)\r\n\tat org.testng.internal.Invoker.invokeTestMethod(Invoker.java:719)\r\n\tat org.testng.internal.Invoker.invokeTestMethods(Invoker.java:989)\r\n\tat org.testng.internal.TestMethodWorker.invokeTestMethods(TestMethodWorker.java:125)\r\n\tat org.testng.internal.TestMethodWorker.run(TestMethodWorker.java:109)\r\n\tat org.testng.TestRunner.privateRun(TestRunner.java:648)\r\n\tat org.testng.TestRunner.run(TestRunner.java:505)\r\n\tat org.testng.SuiteRunner.runTest(SuiteRunner.java:455)\r\n\tat org.testng.SuiteRunner.runSequentially(SuiteRunner.java:450)\r\n\tat org.testng.SuiteRunner.privateRun(SuiteRunner.java:415)\r\n\tat org.testng.SuiteRunner.run(SuiteRunner.java:364)\r\n\tat org.testng.SuiteRunnerWorker.runSuite(SuiteRunnerWorker.java:52)\r\n\tat org.testng.SuiteRunnerWorker.run(SuiteRunnerWorker.java:84)\r\n\tat org.testng.TestNG.runSuitesSequentially(TestNG.java:1208)\r\n\tat org.testng.TestNG.runSuitesLocally(TestNG.java:1137)\r\n\tat org.testng.TestNG.runSuites(TestNG.java:1049)\r\n\tat org.testng.TestNG.run(TestNG.java:1017)\r\n\tat com.intellij.rt.testng.IDEARemoteTestNG.run(IDEARemoteTestNG.java:66)\r\n\tat com.intellij.rt.testng.RemoteTestNGStarter.main(RemoteTestNGStarter.java:109)\r\n",
    "steps" : [ ],
    "attachments" : [ ],
    "parameters" : [ ],
    "hasContent" : true,
    "stepsCount" : 0,
    "attachmentsCount" : 0,
    "shouldDisplayMessage" : true
  } ],
  "labels" : [ {
    "name" : "tag",
    "value" : "TestPut"
  }, {
    "name" : "host",
    "value" : "E900DTRV"
  }, {
    "name" : "thread",
    "value" : "16524@E900DTRV.main(1)"
  }, {
    "name" : "feature",
    "value" : "Sample GET method API test"
  }, {
    "name" : "story",
    "value" : "Sample PUT method API test"
  }, {
    "name" : "package",
    "value" : "Features.Webservices.Sample GET method API test"
  }, {
    "name" : "suite",
    "value" : "Sample GET method API test"
  }, {
    "name" : "testClass",
    "value" : "Sample PUT method API test"
  }, {
    "name" : "framework",
    "value" : "cucumber4jvm"
  }, {
    "name" : "language",
    "value" : "java"
  }, {
    "name" : "gherkin_uri",
    "value" : "file:Features/Webservices/SampleAllRestApi.feature"
  }, {
    "name" : "resultFormat",
    "value" : "allure2"
  } ],
  "parameters" : [ ],
  "links" : [ ],
  "hidden" : false,
  "retry" : false,
  "extra" : {
    "severity" : "normal",
    "retries" : [ ],
    "categories" : [ {
      "name" : "Product defects",
      "matchedStatuses" : [ ],
      "flaky" : false
    } ],
    "tags" : [ "TestPut" ]
  },
  "source" : "e05769a4395728d8.json",
  "parameterValues" : [ ]
}