{
  "uid" : "8308ad1e279b0fc5",
  "name" : "Sample urlencoded POST method API test",
  "fullName" : "Sample GET method API test: Sample urlencoded POST method API test",
  "historyId" : "b13816004f542d41a0ddb4e98cde2a48",
  "time" : {
    "start" : 1661769012645,
    "stop" : 1661769013298,
    "duration" : 653
  },
  "status" : "failed",
  "statusMessage" : "Error while trying to create requestjava.lang.NullPointerException: Cannot invoke \"org.json.JSONObject.toString()\" because the return value of \"com.scripted.api.RequestParams.getJsonbody()\" is null",
  "statusTrace" : "junit.framework.AssertionFailedError: Error while trying to create requestjava.lang.NullPointerException: Cannot invoke \"org.json.JSONObject.toString()\" because the return value of \"com.scripted.api.RequestParams.getJsonbody()\" is null\r\n\tat junit.framework.Assert.fail(Assert.java:57)\r\n\tat com.scripted.api.RestAssuredWrapper.CreateRequest(RestAssuredWrapper.java:111)\r\n\tat com.scripted.apistepdefs.stepdefinitions.api_urlencoded_request_in_something(stepdefinitions.java:121)\r\n\tat ✽.I send a \"Post\" urlencoded Request with \"SamplePOSTApi\" and \"PostApiJsonReq\"(file:Features/Webservices/SampleAllRestApi.feature:22)\r\n",
  "flaky" : false,
  "newFailed" : false,
  "newBroken" : false,
  "newPassed" : false,
  "retriesCount" : 0,
  "retriesStatusChange" : false,
  "beforeStages" : [ {
    "name" : "stepdefinitions.beforeScenario(Scenario)",
    "time" : {
      "start" : 1661769012646,
      "stop" : 1661769013255,
      "duration" : 609
    },
    "status" : "passed",
    "steps" : [ ],
    "attachments" : [ ],
    "parameters" : [ ],
    "attachmentsCount" : 0,
    "shouldDisplayMessage" : false,
    "hasContent" : false,
    "stepsCount" : 0
  } ],
  "testStage" : {
    "status" : "failed",
    "statusMessage" : "Error while trying to create requestjava.lang.NullPointerException: Cannot invoke \"org.json.JSONObject.toString()\" because the return value of \"com.scripted.api.RequestParams.getJsonbody()\" is null",
    "statusTrace" : "junit.framework.AssertionFailedError: Error while trying to create requestjava.lang.NullPointerException: Cannot invoke \"org.json.JSONObject.toString()\" because the return value of \"com.scripted.api.RequestParams.getJsonbody()\" is null\r\n\tat junit.framework.Assert.fail(Assert.java:57)\r\n\tat com.scripted.api.RestAssuredWrapper.CreateRequest(RestAssuredWrapper.java:111)\r\n\tat com.scripted.apistepdefs.stepdefinitions.api_urlencoded_request_in_something(stepdefinitions.java:121)\r\n\tat ✽.I send a \"Post\" urlencoded Request with \"SamplePOSTApi\" and \"PostApiJsonReq\"(file:Features/Webservices/SampleAllRestApi.feature:22)\r\n",
    "steps" : [ {
      "name" : "Given  I have sample \"Post\" API",
      "time" : {
        "start" : 1661769013257,
        "stop" : 1661769013262,
        "duration" : 5
      },
      "status" : "passed",
      "steps" : [ ],
      "attachments" : [ ],
      "parameters" : [ ],
      "attachmentsCount" : 0,
      "shouldDisplayMessage" : false,
      "hasContent" : false,
      "stepsCount" : 0
    }, {
      "name" : "When  I send a \"Post\" urlencoded Request with \"SamplePOSTApi\" and \"PostApiJsonReq\"",
      "time" : {
        "start" : 1661769013262,
        "stop" : 1661769013274,
        "duration" : 12
      },
      "status" : "failed",
      "statusMessage" : "Error while trying to create requestjava.lang.NullPointerException: Cannot invoke \"org.json.JSONObject.toString()\" because the return value of \"com.scripted.api.RequestParams.getJsonbody()\" is null",
      "statusTrace" : "junit.framework.AssertionFailedError: Error while trying to create requestjava.lang.NullPointerException: Cannot invoke \"org.json.JSONObject.toString()\" because the return value of \"com.scripted.api.RequestParams.getJsonbody()\" is null\r\n\tat junit.framework.Assert.fail(Assert.java:57)\r\n\tat com.scripted.api.RestAssuredWrapper.CreateRequest(RestAssuredWrapper.java:111)\r\n\tat com.scripted.apistepdefs.stepdefinitions.api_urlencoded_request_in_something(stepdefinitions.java:121)\r\n\tat ✽.I send a \"Post\" urlencoded Request with \"SamplePOSTApi\" and \"PostApiJsonReq\"(file:Features/Webservices/SampleAllRestApi.feature:22)\r\n",
      "steps" : [ ],
      "attachments" : [ ],
      "parameters" : [ ],
      "attachmentsCount" : 0,
      "shouldDisplayMessage" : true,
      "hasContent" : true,
      "stepsCount" : 0
    }, {
      "name" : "Then  I should get response code 201",
      "time" : {
        "start" : 1661769013274,
        "stop" : 1661769013275,
        "duration" : 1
      },
      "status" : "skipped",
      "steps" : [ ],
      "attachments" : [ ],
      "parameters" : [ ],
      "attachmentsCount" : 0,
      "shouldDisplayMessage" : false,
      "hasContent" : false,
      "stepsCount" : 0
    }, {
      "name" : "And  the response should contain:",
      "time" : {
        "start" : 1661769013275,
        "stop" : 1661769013294,
        "duration" : 19
      },
      "status" : "skipped",
      "steps" : [ ],
      "attachments" : [ {
        "uid" : "97a89991c2da08a5",
        "name" : "Data table",
        "source" : "97a89991c2da08a5.csv",
        "type" : "text/tab-separated-values",
        "size" : 46
      } ],
      "parameters" : [ ],
      "attachmentsCount" : 1,
      "shouldDisplayMessage" : false,
      "hasContent" : true,
      "stepsCount" : 0
    } ],
    "attachments" : [ ],
    "parameters" : [ ],
    "attachmentsCount" : 1,
    "shouldDisplayMessage" : false,
    "hasContent" : true,
    "stepsCount" : 4
  },
  "afterStages" : [ {
    "name" : "stepdefinitions.afterScenario(Scenario)",
    "time" : {
      "start" : 1661769013295,
      "stop" : 1661769013296,
      "duration" : 1
    },
    "status" : "broken",
    "statusMessage" : "After is failed: Cannot invoke \"io.restassured.response.Response.asString()\" because \"com.scripted.api.RestAssuredWrapper.apiResponse\" is null",
    "statusTrace" : "java.lang.NullPointerException: Cannot invoke \"io.restassured.response.Response.asString()\" because \"com.scripted.api.RestAssuredWrapper.apiResponse\" is null\r\n\tat com.scripted.api.RestAssuredWrapper.convertFileToByte(RestAssuredWrapper.java:354)\r\n\tat com.scripted.apistepdefs.stepdefinitions.afterScenario(stepdefinitions.java:88)\r\n\tat java.base/jdk.internal.reflect.NativeMethodAccessorImpl.invoke0(Native Method)\r\n\tat java.base/jdk.internal.reflect.NativeMethodAccessorImpl.invoke(NativeMethodAccessorImpl.java:77)\r\n\tat java.base/jdk.internal.reflect.DelegatingMethodAccessorImpl.invoke(DelegatingMethodAccessorImpl.java:43)\r\n\tat java.base/java.lang.reflect.Method.invoke(Method.java:568)\r\n\tat cucumber.runtime.Utils$1.call(Utils.java:26)\r\n\tat cucumber.runtime.Timeout.timeout(Timeout.java:16)\r\n\tat cucumber.runtime.Utils.invoke(Utils.java:20)\r\n\tat cucumber.runtime.java.JavaHookDefinition.execute(JavaHookDefinition.java:65)\r\n\tat cucumber.runner.HookDefinitionMatch.runStep(HookDefinitionMatch.java:16)\r\n\tat cucumber.runner.TestStep.executeStep(TestStep.java:65)\r\n\tat cucumber.runner.TestStep.run(TestStep.java:50)\r\n\tat cucumber.runner.TestCase.run(TestCase.java:50)\r\n\tat cucumber.runner.Runner.runPickle(Runner.java:50)\r\n\tat io.cucumber.testng.TestNGCucumberRunner.runScenario(TestNGCucumberRunner.java:69)\r\n\tat io.cucumber.testng.AbstractTestNGCucumberTests.runScenario(AbstractTestNGCucumberTests.java:24)\r\n\tat java.base/jdk.internal.reflect.NativeMethodAccessorImpl.invoke0(Native Method)\r\n\tat java.base/jdk.internal.reflect.NativeMethodAccessorImpl.invoke(NativeMethodAccessorImpl.java:77)\r\n\tat java.base/jdk.internal.reflect.DelegatingMethodAccessorImpl.invoke(DelegatingMethodAccessorImpl.java:43)\r\n\tat java.base/java.lang.reflect.Method.invoke(Method.java:568)\r\n\tat org.testng.internal.MethodInvocationHelper.invokeMethod(MethodInvocationHelper.java:124)\r\n\tat org.testng.internal.Invoker.invokeMethod(Invoker.java:583)\r\n\tat org.testng.internal.Invoker.invokeTestMethod(Invoker.java:719)\r\n\tat org.testng.internal.Invoker.invokeTestMethods(Invoker.java:989)\r\n\tat org.testng.internal.TestMethodWorker.invokeTestMethods(TestMethodWorker.java:125)\r\n\tat org.testng.internal.TestMethodWorker.run(TestMethodWorker.java:109)\r\n\tat org.testng.TestRunner.privateRun(TestRunner.java:648)\r\n\tat org.testng.TestRunner.run(TestRunner.java:505)\r\n\tat org.testng.SuiteRunner.runTest(SuiteRunner.java:455)\r\n\tat org.testng.SuiteRunner.runSequentially(SuiteRunner.java:450)\r\n\tat org.testng.SuiteRunner.privateRun(SuiteRunner.java:415)\r\n\tat org.testng.SuiteRunner.run(SuiteRunner.java:364)\r\n\tat org.testng.SuiteRunnerWorker.runSuite(SuiteRunnerWorker.java:52)\r\n\tat org.testng.SuiteRunnerWorker.run(SuiteRunnerWorker.java:84)\r\n\tat org.testng.TestNG.runSuitesSequentially(TestNG.java:1208)\r\n\tat org.testng.TestNG.runSuitesLocally(TestNG.java:1137)\r\n\tat org.testng.TestNG.runSuites(TestNG.java:1049)\r\n\tat org.testng.TestNG.run(TestNG.java:1017)\r\n\tat com.intellij.rt.testng.IDEARemoteTestNG.run(IDEARemoteTestNG.java:66)\r\n\tat com.intellij.rt.testng.RemoteTestNGStarter.main(RemoteTestNGStarter.java:109)\r\n",
    "steps" : [ ],
    "attachments" : [ ],
    "parameters" : [ ],
    "attachmentsCount" : 0,
    "shouldDisplayMessage" : true,
    "hasContent" : true,
    "stepsCount" : 0
  } ],
  "labels" : [ {
    "name" : "tag",
    "value" : "TestPost2"
  }, {
    "name" : "host",
    "value" : "E900DTRV"
  }, {
    "name" : "thread",
    "value" : "11168@E900DTRV.main(1)"
  }, {
    "name" : "feature",
    "value" : "Sample GET method API test"
  }, {
    "name" : "story",
    "value" : "Sample urlencoded POST method API test"
  }, {
    "name" : "package",
    "value" : "Features.Webservices.Sample GET method API test"
  }, {
    "name" : "suite",
    "value" : "Sample GET method API test"
  }, {
    "name" : "testClass",
    "value" : "Sample urlencoded POST method API test"
  }, {
    "name" : "framework",
    "value" : "cucumber4jvm"
  }, {
    "name" : "language",
    "value" : "java"
  }, {
    "name" : "gherkin_uri",
    "value" : "file:Features/Webservices/SampleAllRestApi.feature"
  }, {
    "name" : "resultFormat",
    "value" : "allure2"
  } ],
  "parameters" : [ ],
  "links" : [ ],
  "hidden" : false,
  "retry" : false,
  "extra" : {
    "severity" : "normal",
    "retries" : [ ],
    "categories" : [ {
      "name" : "Product defects",
      "matchedStatuses" : [ ],
      "flaky" : false
    } ],
    "tags" : [ "TestPost2" ]
  },
  "source" : "8308ad1e279b0fc5.json",
  "parameterValues" : [ ]
}