{
  "uid" : "8f9cada0141ea7d6",
  "name" : "Runs Cucumber Scenarios",
  "fullName" : "io.cucumber.testng.AbstractTestNGCucumberTests.runScenario",
  "historyId" : "61181b812e48124e96e27f436c0f80f7",
  "time" : {
    "start" : 1661858194636,
    "stop" : 1661858284158,
    "duration" : 89522
  },
  "status" : "failed",
  "statusMessage" : "Error while performing the click action for the locator: Proxy element for: DefaultElementLocator 'By.id: add-to-cart-sauce-labs-backpack'Exception :org.openqa.selenium.NoSuchElementException: no such element: Unable to locate element: {\"method\":\"css selector\",\"selector\":\"#add\\-to\\-cart\\-sauce\\-labs\\-backpack\"}\n  (Session info: chrome=104.0.5112.102)\nFor documentation on this error, please visit: https://www.seleniumhq.org/exceptions/no_such_element.html\nBuild info: version: '3.141.59', revision: 'e82be7d358', time: '2018-11-14T08:17:03'\nSystem info: host: 'E900DTRV', ip: '192.168.42.2', os.name: 'Windows 10', os.arch: 'amd64', os.version: '10.0', java.version: '17.0.1'\nDriver info: org.openqa.selenium.chrome.ChromeDriver\nCapabilities {acceptInsecureCerts: false, browserName: chrome, browserVersion: 104.0.5112.102, chrome: {chromedriverVersion: 103.0.5060.134 (8ec6fce403b..., userDataDir: C:\\Users\\188680\\AppData\\Loc...}, goog:chromeOptions: {debuggerAddress: localhost:49730}, javascriptEnabled: true, networkConnectionEnabled: false, pageLoadStrategy: normal, platform: WINDOWS, platformName: WINDOWS, proxy: Proxy(), setWindowRect: true, strictFileInteractability: false, timeouts: {implicit: 0, pageLoad: 300000, script: 30000}, unhandledPromptBehavior: dismiss and notify, webauthn:extension:credBlob: true, webauthn:extension:largeBlob: true, webauthn:virtualAuthenticators: true}\nSession ID: b7bcdb5aec9811e9b5f293552a207de4\n*** Element info: {Using=id, value=add-to-cart-sauce-labs-backpack}",
  "statusTrace" : "junit.framework.AssertionFailedError: Error while performing the click action for the locator: Proxy element for: DefaultElementLocator 'By.id: add-to-cart-sauce-labs-backpack'Exception :org.openqa.selenium.NoSuchElementException: no such element: Unable to locate element: {\"method\":\"css selector\",\"selector\":\"#add\\-to\\-cart\\-sauce\\-labs\\-backpack\"}\n  (Session info: chrome=104.0.5112.102)\nFor documentation on this error, please visit: https://www.seleniumhq.org/exceptions/no_such_element.html\nBuild info: version: '3.141.59', revision: 'e82be7d358', time: '2018-11-14T08:17:03'\nSystem info: host: 'E900DTRV', ip: '192.168.42.2', os.name: 'Windows 10', os.arch: 'amd64', os.version: '10.0', java.version: '17.0.1'\nDriver info: org.openqa.selenium.chrome.ChromeDriver\nCapabilities {acceptInsecureCerts: false, browserName: chrome, browserVersion: 104.0.5112.102, chrome: {chromedriverVersion: 103.0.5060.134 (8ec6fce403b..., userDataDir: C:\\Users\\188680\\AppData\\Loc...}, goog:chromeOptions: {debuggerAddress: localhost:49730}, javascriptEnabled: true, networkConnectionEnabled: false, pageLoadStrategy: normal, platform: WINDOWS, platformName: WINDOWS, proxy: Proxy(), setWindowRect: true, strictFileInteractability: false, timeouts: {implicit: 0, pageLoad: 300000, script: 30000}, unhandledPromptBehavior: dismiss and notify, webauthn:extension:credBlob: true, webauthn:extension:largeBlob: true, webauthn:virtualAuthenticators: true}\nSession ID: b7bcdb5aec9811e9b5f293552a207de4\n*** Element info: {Using=id, value=add-to-cart-sauce-labs-backpack}\r\n\tat junit.framework.Assert.fail(Assert.java:57)\r\n\tat com.scripted.web.WebHandlers.click(WebHandlers.java:162)\r\n\tat com.scripted.Pages.SauceLab.SauceLabProductsPage.addToCart(SauceLabProductsPage.java:48)\r\n\tat com.scripted.WebStepDef.SauceLab.SauceLabStepDef.iClickOnAddToCartButton(SauceLabStepDef.java:41)\r\n\tat âœ½.I click on Add to cart button(file:Features/Web/SauceLab/SimpleSuccesfulPurchase.feature:10)\r\n",
  "flaky" : false,
  "newFailed" : false,
  "newBroken" : false,
  "newPassed" : false,
  "retriesCount" : 0,
  "retriesStatusChange" : false,
  "beforeStages" : [ {
    "name" : "setUpClass",
    "time" : {
      "start" : 1661858194276,
      "stop" : 1661858194456,
      "duration" : 180
    },
    "description" : "",
    "status" : "passed",
    "steps" : [ ],
    "attachments" : [ ],
    "parameters" : [ ],
    "hasContent" : false,
    "stepsCount" : 0,
    "attachmentsCount" : 0,
    "shouldDisplayMessage" : false
  } ],
  "afterStages" : [ {
    "name" : "tearDownClass",
    "time" : {
      "start" : 1661858284257,
      "stop" : 1661858284426,
      "duration" : 169
    },
    "description" : "",
    "status" : "passed",
    "steps" : [ ],
    "attachments" : [ ],
    "parameters" : [ ],
    "hasContent" : false,
    "stepsCount" : 0,
    "attachmentsCount" : 0,
    "shouldDisplayMessage" : false
  } ],
  "labels" : [ {
    "name" : "package",
    "value" : "com.scripted.runners.WebTestRunner"
  }, {
    "name" : "testClass",
    "value" : "com.scripted.runners.WebTestRunner"
  }, {
    "name" : "testMethod",
    "value" : "runScenario"
  }, {
    "name" : "parentSuite",
    "value" : "Default Suite"
  }, {
    "name" : "suite",
    "value" : "SkJavaConsumerDirect-CodeClenUp"
  }, {
    "name" : "subSuite",
    "value" : "com.scripted.runners.WebTestRunner"
  }, {
    "name" : "host",
    "value" : "E900DTRV"
  }, {
    "name" : "thread",
    "value" : "11432@E900DTRV.main(1)"
  }, {
    "name" : "framework",
    "value" : "testng"
  }, {
    "name" : "language",
    "value" : "java"
  }, {
    "name" : "resultFormat",
    "value" : "allure2"
  } ],
  "parameters" : [ {
    "name" : "arg0",
    "value" : "\"User is able to purchase items successfully\""
  }, {
    "name" : "arg1",
    "value" : "\"Simple Successful Purchase\""
  } ],
  "links" : [ ],
  "hidden" : false,
  "retry" : false,
  "extra" : {
    "severity" : "normal",
    "retries" : [ ],
    "categories" : [ {
      "name" : "Product defects",
      "matchedStatuses" : [ ],
      "flaky" : false
    } ],
    "tags" : [ ]
  },
  "source" : "8f9cada0141ea7d6.json",
  "parameterValues" : [ "\"User is able to purchase items successfully\"", "\"Simple Successful Purchase\"" ]
}