{
  "uid" : "fba807dade24184f",
  "name" : "Sample urlencoded POST method API test",
  "fullName" : "running all api tests: Sample urlencoded POST method API test",
  "historyId" : "b13816004f542d41a0ddb4e98cde2a48",
  "time" : {
    "start" : 1661770653542,
    "stop" : 1661770657509,
    "duration" : 3967
  },
  "status" : "failed",
  "statusMessage" : "expected [415] but found [201]",
  "statusTrace" : "java.lang.AssertionError: expected [415] but found [201]\r\n\tat org.testng.Assert.fail(Assert.java:96)\r\n\tat org.testng.Assert.failNotEquals(Assert.java:776)\r\n\tat org.testng.Assert.assertEqualsImpl(Assert.java:137)\r\n\tat org.testng.Assert.assertEquals(Assert.java:118)\r\n\tat org.testng.Assert.assertEquals(Assert.java:652)\r\n\tat org.testng.Assert.assertEquals(Assert.java:662)\r\n\tat com.scripted.api.RestAssuredWrapper.valResponseCode(RestAssuredWrapper.java:210)\r\n\tat com.scripted.apistepdefs.stepdefinitions.i_should_get_response_code_something(stepdefinitions.java:149)\r\n\tat ✽.I should get response code 201(file:Features/Webservices/SampleAllRestApi.feature:23)\r\n",
  "flaky" : false,
  "newFailed" : false,
  "newBroken" : false,
  "newPassed" : false,
  "retriesCount" : 0,
  "retriesStatusChange" : false,
  "beforeStages" : [ {
    "name" : "stepdefinitions.beforeScenario(Scenario)",
    "time" : {
      "start" : 1661770653544,
      "stop" : 1661770654150,
      "duration" : 606
    },
    "status" : "passed",
    "steps" : [ ],
    "attachments" : [ ],
    "parameters" : [ ],
    "shouldDisplayMessage" : false,
    "attachmentsCount" : 0,
    "hasContent" : false,
    "stepsCount" : 0
  } ],
  "testStage" : {
    "status" : "failed",
    "statusMessage" : "expected [415] but found [201]",
    "statusTrace" : "java.lang.AssertionError: expected [415] but found [201]\r\n\tat org.testng.Assert.fail(Assert.java:96)\r\n\tat org.testng.Assert.failNotEquals(Assert.java:776)\r\n\tat org.testng.Assert.assertEqualsImpl(Assert.java:137)\r\n\tat org.testng.Assert.assertEquals(Assert.java:118)\r\n\tat org.testng.Assert.assertEquals(Assert.java:652)\r\n\tat org.testng.Assert.assertEquals(Assert.java:662)\r\n\tat com.scripted.api.RestAssuredWrapper.valResponseCode(RestAssuredWrapper.java:210)\r\n\tat com.scripted.apistepdefs.stepdefinitions.i_should_get_response_code_something(stepdefinitions.java:149)\r\n\tat ✽.I should get response code 201(file:Features/Webservices/SampleAllRestApi.feature:23)\r\n",
    "steps" : [ {
      "name" : "Given  I have sample \"Post\" API",
      "time" : {
        "start" : 1661770654152,
        "stop" : 1661770654158,
        "duration" : 6
      },
      "status" : "passed",
      "steps" : [ ],
      "attachments" : [ ],
      "parameters" : [ ],
      "shouldDisplayMessage" : false,
      "attachmentsCount" : 0,
      "hasContent" : false,
      "stepsCount" : 0
    }, {
      "name" : "When  I send a \"Post\" urlencoded Request with \"SampleURLPOSTApi\" and \"PostApiJsonReq\"",
      "time" : {
        "start" : 1661770654159,
        "stop" : 1661770657461,
        "duration" : 3302
      },
      "status" : "passed",
      "steps" : [ ],
      "attachments" : [ ],
      "parameters" : [ ],
      "shouldDisplayMessage" : false,
      "attachmentsCount" : 0,
      "hasContent" : false,
      "stepsCount" : 0
    }, {
      "name" : "Then  I should get response code 201",
      "time" : {
        "start" : 1661770657461,
        "stop" : 1661770657466,
        "duration" : 5
      },
      "status" : "failed",
      "statusMessage" : "expected [415] but found [201]",
      "statusTrace" : "java.lang.AssertionError: expected [415] but found [201]\r\n\tat org.testng.Assert.fail(Assert.java:96)\r\n\tat org.testng.Assert.failNotEquals(Assert.java:776)\r\n\tat org.testng.Assert.assertEqualsImpl(Assert.java:137)\r\n\tat org.testng.Assert.assertEquals(Assert.java:118)\r\n\tat org.testng.Assert.assertEquals(Assert.java:652)\r\n\tat org.testng.Assert.assertEquals(Assert.java:662)\r\n\tat com.scripted.api.RestAssuredWrapper.valResponseCode(RestAssuredWrapper.java:210)\r\n\tat com.scripted.apistepdefs.stepdefinitions.i_should_get_response_code_something(stepdefinitions.java:149)\r\n\tat ✽.I should get response code 201(file:Features/Webservices/SampleAllRestApi.feature:23)\r\n",
      "steps" : [ ],
      "attachments" : [ ],
      "parameters" : [ ],
      "shouldDisplayMessage" : true,
      "attachmentsCount" : 0,
      "hasContent" : true,
      "stepsCount" : 0
    }, {
      "name" : "And  the response should contain:",
      "time" : {
        "start" : 1661770657467,
        "stop" : 1661770657480,
        "duration" : 13
      },
      "status" : "skipped",
      "steps" : [ ],
      "attachments" : [ {
        "uid" : "b649d747f7bb39b1",
        "name" : "Data table",
        "source" : "b649d747f7bb39b1.csv",
        "type" : "text/tab-separated-values",
        "size" : 46
      } ],
      "parameters" : [ ],
      "shouldDisplayMessage" : false,
      "attachmentsCount" : 1,
      "hasContent" : true,
      "stepsCount" : 0
    } ],
    "attachments" : [ ],
    "parameters" : [ ],
    "shouldDisplayMessage" : false,
    "attachmentsCount" : 1,
    "hasContent" : true,
    "stepsCount" : 4
  },
  "afterStages" : [ {
    "name" : "stepdefinitions.afterScenario(Scenario)",
    "time" : {
      "start" : 1661770657481,
      "stop" : 1661770657508,
      "duration" : 27
    },
    "status" : "passed",
    "steps" : [ ],
    "attachments" : [ {
      "uid" : "f1c9c7fce2575ba3",
      "name" : "Screenshot",
      "source" : "f1c9c7fce2575ba3.html",
      "type" : "text/html",
      "size" : 149
    } ],
    "parameters" : [ ],
    "shouldDisplayMessage" : false,
    "attachmentsCount" : 1,
    "hasContent" : true,
    "stepsCount" : 0
  } ],
  "labels" : [ {
    "name" : "tag",
    "value" : "TestPost2"
  }, {
    "name" : "host",
    "value" : "E900DTRV"
  }, {
    "name" : "thread",
    "value" : "13292@E900DTRV.main(1)"
  }, {
    "name" : "feature",
    "value" : "running all api tests"
  }, {
    "name" : "story",
    "value" : "Sample urlencoded POST method API test"
  }, {
    "name" : "package",
    "value" : "Features.Webservices.running all api tests"
  }, {
    "name" : "suite",
    "value" : "running all api tests"
  }, {
    "name" : "testClass",
    "value" : "Sample urlencoded POST method API test"
  }, {
    "name" : "framework",
    "value" : "cucumber4jvm"
  }, {
    "name" : "language",
    "value" : "java"
  }, {
    "name" : "gherkin_uri",
    "value" : "file:Features/Webservices/SampleAllRestApi.feature"
  }, {
    "name" : "resultFormat",
    "value" : "allure2"
  } ],
  "parameters" : [ ],
  "links" : [ ],
  "hidden" : false,
  "retry" : false,
  "extra" : {
    "severity" : "normal",
    "retries" : [ ],
    "categories" : [ {
      "name" : "Product defects",
      "matchedStatuses" : [ ],
      "flaky" : false
    } ],
    "tags" : [ "TestPost2" ]
  },
  "source" : "fba807dade24184f.json",
  "parameterValues" : [ ]
}