{
  "uid" : "b7c66921fa7b9561",
  "name" : "Sample PUT method API test",
  "fullName" : "Running all api tests: Sample PUT method API test",
  "historyId" : "179810000c1e7eab9a42132ae424d4b",
  "time" : {
    "start" : 1662958052135,
    "stop" : 1662958058377,
    "duration" : 6242
  },
  "status" : "failed",
  "statusMessage" : "Fail to send the request, Exception :java.net.ConnectException: Connection refused: connect",
  "statusTrace" : "junit.framework.AssertionFailedError: Fail to send the request, Exception :java.net.ConnectException: Connection refused: connect\r\n\tat junit.framework.Assert.fail(Assert.java:57)\r\n\tat com.scripted.api.RestAssuredWrapper.sendRequest(RestAssuredWrapper.java:206)\r\n\tat com.scripted.apistepdefs.stepdefinitions.api_json_request_in_something(stepdefinitions.java:114)\r\n\tat ✽.I send a \"Put\" Request with \"SamplePUTApi\" and \"PutApiJsonReq\"(file:Features/Webservices/SampleAllRestApi.feature:32)\r\n",
  "flaky" : false,
  "newFailed" : false,
  "newBroken" : false,
  "newPassed" : false,
  "retriesCount" : 0,
  "retriesStatusChange" : false,
  "beforeStages" : [ {
    "name" : "stepdefinitions.beforeScenario(Scenario)",
    "time" : {
      "start" : 1662958052135,
      "stop" : 1662958052138,
      "duration" : 3
    },
    "status" : "passed",
    "steps" : [ ],
    "attachments" : [ ],
    "parameters" : [ ],
    "stepsCount" : 0,
    "hasContent" : false,
    "shouldDisplayMessage" : false,
    "attachmentsCount" : 0
  } ],
  "testStage" : {
    "status" : "failed",
    "statusMessage" : "Fail to send the request, Exception :java.net.ConnectException: Connection refused: connect",
    "statusTrace" : "junit.framework.AssertionFailedError: Fail to send the request, Exception :java.net.ConnectException: Connection refused: connect\r\n\tat junit.framework.Assert.fail(Assert.java:57)\r\n\tat com.scripted.api.RestAssuredWrapper.sendRequest(RestAssuredWrapper.java:206)\r\n\tat com.scripted.apistepdefs.stepdefinitions.api_json_request_in_something(stepdefinitions.java:114)\r\n\tat ✽.I send a \"Put\" Request with \"SamplePUTApi\" and \"PutApiJsonReq\"(file:Features/Webservices/SampleAllRestApi.feature:32)\r\n",
    "steps" : [ {
      "name" : "Given  I have sample \"Put\" API",
      "time" : {
        "start" : 1662958052138,
        "stop" : 1662958052138,
        "duration" : 0
      },
      "status" : "passed",
      "steps" : [ ],
      "attachments" : [ ],
      "parameters" : [ ],
      "stepsCount" : 0,
      "hasContent" : false,
      "shouldDisplayMessage" : false,
      "attachmentsCount" : 0
    }, {
      "name" : "When  I send a \"Put\" Request with \"SamplePUTApi\" and \"PutApiJsonReq\"",
      "time" : {
        "start" : 1662958052138,
        "stop" : 1662958058363,
        "duration" : 6225
      },
      "status" : "failed",
      "statusMessage" : "Fail to send the request, Exception :java.net.ConnectException: Connection refused: connect",
      "statusTrace" : "junit.framework.AssertionFailedError: Fail to send the request, Exception :java.net.ConnectException: Connection refused: connect\r\n\tat junit.framework.Assert.fail(Assert.java:57)\r\n\tat com.scripted.api.RestAssuredWrapper.sendRequest(RestAssuredWrapper.java:206)\r\n\tat com.scripted.apistepdefs.stepdefinitions.api_json_request_in_something(stepdefinitions.java:114)\r\n\tat ✽.I send a \"Put\" Request with \"SamplePUTApi\" and \"PutApiJsonReq\"(file:Features/Webservices/SampleAllRestApi.feature:32)\r\n",
      "steps" : [ ],
      "attachments" : [ ],
      "parameters" : [ ],
      "stepsCount" : 0,
      "hasContent" : true,
      "shouldDisplayMessage" : true,
      "attachmentsCount" : 0
    }, {
      "name" : "Then  I should get response code 200",
      "time" : {
        "start" : 1662958058363,
        "stop" : 1662958058363,
        "duration" : 0
      },
      "status" : "skipped",
      "steps" : [ ],
      "attachments" : [ ],
      "parameters" : [ ],
      "stepsCount" : 0,
      "hasContent" : false,
      "shouldDisplayMessage" : false,
      "attachmentsCount" : 0
    }, {
      "name" : "And  the response should contain:",
      "time" : {
        "start" : 1662958058363,
        "stop" : 1662958058376,
        "duration" : 13
      },
      "status" : "skipped",
      "steps" : [ ],
      "attachments" : [ {
        "uid" : "6020299011530729",
        "name" : "Data table",
        "source" : "6020299011530729.csv",
        "type" : "text/tab-separated-values",
        "size" : 53
      } ],
      "parameters" : [ ],
      "stepsCount" : 0,
      "hasContent" : true,
      "shouldDisplayMessage" : false,
      "attachmentsCount" : 1
    } ],
    "attachments" : [ ],
    "parameters" : [ ],
    "stepsCount" : 4,
    "hasContent" : true,
    "shouldDisplayMessage" : false,
    "attachmentsCount" : 1
  },
  "afterStages" : [ {
    "name" : "stepdefinitions.afterScenario(Scenario)",
    "time" : {
      "start" : 1662958058377,
      "stop" : 1662958058377,
      "duration" : 0
    },
    "status" : "broken",
    "statusMessage" : "After is failed: Cannot invoke \"io.restassured.response.Response.asString()\" because \"com.scripted.api.RestAssuredWrapper.apiResponse\" is null",
    "statusTrace" : "java.lang.NullPointerException: Cannot invoke \"io.restassured.response.Response.asString()\" because \"com.scripted.api.RestAssuredWrapper.apiResponse\" is null\r\n\tat com.scripted.api.RestAssuredWrapper.convertFileToByte(RestAssuredWrapper.java:384)\r\n\tat com.scripted.apistepdefs.stepdefinitions.afterScenario(stepdefinitions.java:88)\r\n\tat java.base/jdk.internal.reflect.NativeMethodAccessorImpl.invoke0(Native Method)\r\n\tat java.base/jdk.internal.reflect.NativeMethodAccessorImpl.invoke(NativeMethodAccessorImpl.java:77)\r\n\tat java.base/jdk.internal.reflect.DelegatingMethodAccessorImpl.invoke(DelegatingMethodAccessorImpl.java:43)\r\n\tat java.base/java.lang.reflect.Method.invoke(Method.java:568)\r\n\tat cucumber.runtime.Utils$1.call(Utils.java:26)\r\n\tat cucumber.runtime.Timeout.timeout(Timeout.java:16)\r\n\tat cucumber.runtime.Utils.invoke(Utils.java:20)\r\n\tat cucumber.runtime.java.JavaHookDefinition.execute(JavaHookDefinition.java:65)\r\n\tat cucumber.runner.HookDefinitionMatch.runStep(HookDefinitionMatch.java:16)\r\n\tat cucumber.runner.TestStep.executeStep(TestStep.java:65)\r\n\tat cucumber.runner.TestStep.run(TestStep.java:50)\r\n\tat cucumber.runner.TestCase.run(TestCase.java:50)\r\n\tat cucumber.runner.Runner.runPickle(Runner.java:50)\r\n\tat io.cucumber.testng.TestNGCucumberRunner.runScenario(TestNGCucumberRunner.java:69)\r\n\tat io.cucumber.testng.AbstractTestNGCucumberTests.runScenario(AbstractTestNGCucumberTests.java:24)\r\n\tat java.base/jdk.internal.reflect.NativeMethodAccessorImpl.invoke0(Native Method)\r\n\tat java.base/jdk.internal.reflect.NativeMethodAccessorImpl.invoke(NativeMethodAccessorImpl.java:77)\r\n\tat java.base/jdk.internal.reflect.DelegatingMethodAccessorImpl.invoke(DelegatingMethodAccessorImpl.java:43)\r\n\tat java.base/java.lang.reflect.Method.invoke(Method.java:568)\r\n\tat org.testng.internal.MethodInvocationHelper.invokeMethod(MethodInvocationHelper.java:124)\r\n\tat org.testng.internal.Invoker.invokeMethod(Invoker.java:583)\r\n\tat org.testng.internal.Invoker.invokeTestMethod(Invoker.java:719)\r\n\tat org.testng.internal.Invoker.invokeTestMethods(Invoker.java:989)\r\n\tat org.testng.internal.TestMethodWorker.invokeTestMethods(TestMethodWorker.java:125)\r\n\tat org.testng.internal.TestMethodWorker.run(TestMethodWorker.java:109)\r\n\tat org.testng.TestRunner.privateRun(TestRunner.java:648)\r\n\tat org.testng.TestRunner.run(TestRunner.java:505)\r\n\tat org.testng.SuiteRunner.runTest(SuiteRunner.java:455)\r\n\tat org.testng.SuiteRunner.runSequentially(SuiteRunner.java:450)\r\n\tat org.testng.SuiteRunner.privateRun(SuiteRunner.java:415)\r\n\tat org.testng.SuiteRunner.run(SuiteRunner.java:364)\r\n\tat org.testng.SuiteRunnerWorker.runSuite(SuiteRunnerWorker.java:52)\r\n\tat org.testng.SuiteRunnerWorker.run(SuiteRunnerWorker.java:84)\r\n\tat org.testng.TestNG.runSuitesSequentially(TestNG.java:1208)\r\n\tat org.testng.TestNG.runSuitesLocally(TestNG.java:1137)\r\n\tat org.testng.TestNG.runSuites(TestNG.java:1049)\r\n\tat org.testng.TestNG.run(TestNG.java:1017)\r\n\tat com.intellij.rt.testng.IDEARemoteTestNG.run(IDEARemoteTestNG.java:66)\r\n\tat com.intellij.rt.testng.RemoteTestNGStarter.main(RemoteTestNGStarter.java:109)\r\n",
    "steps" : [ ],
    "attachments" : [ ],
    "parameters" : [ ],
    "stepsCount" : 0,
    "hasContent" : true,
    "shouldDisplayMessage" : true,
    "attachmentsCount" : 0
  } ],
  "labels" : [ {
    "name" : "tag",
    "value" : "TestPut"
  }, {
    "name" : "host",
    "value" : "E900DTRV"
  }, {
    "name" : "thread",
    "value" : "9976@E900DTRV.main(1)"
  }, {
    "name" : "feature",
    "value" : "Running all api tests"
  }, {
    "name" : "story",
    "value" : "Sample PUT method API test"
  }, {
    "name" : "package",
    "value" : "Features.Webservices.Running all api tests"
  }, {
    "name" : "suite",
    "value" : "Running all api tests"
  }, {
    "name" : "testClass",
    "value" : "Sample PUT method API test"
  }, {
    "name" : "framework",
    "value" : "cucumber4jvm"
  }, {
    "name" : "language",
    "value" : "java"
  }, {
    "name" : "gherkin_uri",
    "value" : "file:Features/Webservices/SampleAllRestApi.feature"
  }, {
    "name" : "resultFormat",
    "value" : "allure2"
  } ],
  "parameters" : [ ],
  "links" : [ ],
  "hidden" : false,
  "retry" : false,
  "extra" : {
    "severity" : "normal",
    "retries" : [ ],
    "categories" : [ {
      "name" : "Product defects",
      "matchedStatuses" : [ ],
      "flaky" : false
    } ],
    "tags" : [ "TestPut" ]
  },
  "source" : "b7c66921fa7b9561.json",
  "parameterValues" : [ ]
}