{
  "uid" : "52e6978504cfcf37",
  "name" : "User is able to purchase items successfully",
  "fullName" : "Simple Successful Purchase: User is able to purchase items successfully",
  "historyId" : "757c08b3acd55410fcccba99db1cf1c6",
  "time" : {
    "start" : 1662355311930,
    "stop" : 1662355403243,
    "duration" : 91313
  },
  "status" : "failed",
  "statusMessage" : "Error while performing the click action for the locator: nullException :java.lang.NullPointerException: Cannot invoke \"org.openqa.selenium.WebElement.click()\" because \"locator\" is null",
  "statusTrace" : "junit.framework.AssertionFailedError: Error while performing the click action for the locator: nullException :java.lang.NullPointerException: Cannot invoke \"org.openqa.selenium.WebElement.click()\" because \"locator\" is null\r\n\tat junit.framework.Assert.fail(Assert.java:57)\r\n\tat com.scripted.web.WebHandlers.click(WebHandlers.java:162)\r\n\tat com.scripted.Pages.SauceLab.SauceLabCheckoutStepTwoPage.clickOnFinish(SauceLabCheckoutStepTwoPage.java:43)\r\n\tat com.scripted.WebStepDef.SauceLab.SauceLabStepDef.iClickOnFinish(SauceLabStepDef.java:71)\r\n\tat ✽.I click on finish(file:Features/Web/SauceLab/SimpleSuccesfulPurchase.feature:16)\r\n",
  "flaky" : false,
  "newFailed" : false,
  "newBroken" : false,
  "newPassed" : false,
  "retriesCount" : 0,
  "retriesStatusChange" : false,
  "beforeStages" : [ {
    "name" : "CommonStepdef.driverSetup()",
    "time" : {
      "start" : 1662355311932,
      "stop" : 1662355315842,
      "duration" : 3910
    },
    "status" : "passed",
    "steps" : [ ],
    "attachments" : [ ],
    "parameters" : [ ],
    "shouldDisplayMessage" : false,
    "attachmentsCount" : 0,
    "hasContent" : false,
    "stepsCount" : 0
  } ],
  "testStage" : {
    "status" : "failed",
    "statusMessage" : "Error while performing the click action for the locator: nullException :java.lang.NullPointerException: Cannot invoke \"org.openqa.selenium.WebElement.click()\" because \"locator\" is null",
    "statusTrace" : "junit.framework.AssertionFailedError: Error while performing the click action for the locator: nullException :java.lang.NullPointerException: Cannot invoke \"org.openqa.selenium.WebElement.click()\" because \"locator\" is null\r\n\tat junit.framework.Assert.fail(Assert.java:57)\r\n\tat com.scripted.web.WebHandlers.click(WebHandlers.java:162)\r\n\tat com.scripted.Pages.SauceLab.SauceLabCheckoutStepTwoPage.clickOnFinish(SauceLabCheckoutStepTwoPage.java:43)\r\n\tat com.scripted.WebStepDef.SauceLab.SauceLabStepDef.iClickOnFinish(SauceLabStepDef.java:71)\r\n\tat ✽.I click on finish(file:Features/Web/SauceLab/SimpleSuccesfulPurchase.feature:16)\r\n",
    "steps" : [ {
      "name" : "Given  I launched sauce lab application",
      "time" : {
        "start" : 1662355315844,
        "stop" : 1662355321185,
        "duration" : 5341
      },
      "status" : "passed",
      "steps" : [ ],
      "attachments" : [ ],
      "parameters" : [ ],
      "shouldDisplayMessage" : false,
      "attachmentsCount" : 0,
      "hasContent" : false,
      "stepsCount" : 0
    }, {
      "name" : "When  I enter username as \"standard_user\"",
      "time" : {
        "start" : 1662355321186,
        "stop" : 1662355321504,
        "duration" : 318
      },
      "status" : "passed",
      "steps" : [ ],
      "attachments" : [ ],
      "parameters" : [ ],
      "shouldDisplayMessage" : false,
      "attachmentsCount" : 0,
      "hasContent" : false,
      "stepsCount" : 0
    }, {
      "name" : "And  I enter password as \"secret_sauce\"",
      "time" : {
        "start" : 1662355321505,
        "stop" : 1662355321727,
        "duration" : 222
      },
      "status" : "passed",
      "steps" : [ ],
      "attachments" : [ ],
      "parameters" : [ ],
      "shouldDisplayMessage" : false,
      "attachmentsCount" : 0,
      "hasContent" : false,
      "stepsCount" : 0
    }, {
      "name" : "Then  I click on sauce lab log in button",
      "time" : {
        "start" : 1662355321727,
        "stop" : 1662355341981,
        "duration" : 20254
      },
      "status" : "passed",
      "steps" : [ ],
      "attachments" : [ ],
      "parameters" : [ ],
      "shouldDisplayMessage" : false,
      "attachmentsCount" : 0,
      "hasContent" : false,
      "stepsCount" : 0
    }, {
      "name" : "When  I select an item",
      "time" : {
        "start" : 1662355341982,
        "stop" : 1662355342063,
        "duration" : 81
      },
      "status" : "passed",
      "steps" : [ ],
      "attachments" : [ ],
      "parameters" : [ ],
      "shouldDisplayMessage" : false,
      "attachmentsCount" : 0,
      "hasContent" : false,
      "stepsCount" : 0
    }, {
      "name" : "And  I click on Add to cart button",
      "time" : {
        "start" : 1662355342064,
        "stop" : 1662355362177,
        "duration" : 20113
      },
      "status" : "passed",
      "steps" : [ ],
      "attachments" : [ ],
      "parameters" : [ ],
      "shouldDisplayMessage" : false,
      "attachmentsCount" : 0,
      "hasContent" : false,
      "stepsCount" : 0
    }, {
      "name" : "And  I view my shopping cart",
      "time" : {
        "start" : 1662355362177,
        "stop" : 1662355362277,
        "duration" : 100
      },
      "status" : "passed",
      "steps" : [ ],
      "attachments" : [ ],
      "parameters" : [ ],
      "shouldDisplayMessage" : false,
      "attachmentsCount" : 0,
      "hasContent" : false,
      "stepsCount" : 0
    }, {
      "name" : "And  I click on checkout",
      "time" : {
        "start" : 1662355362277,
        "stop" : 1662355382359,
        "duration" : 20082
      },
      "status" : "passed",
      "steps" : [ ],
      "attachments" : [ ],
      "parameters" : [ ],
      "shouldDisplayMessage" : false,
      "attachmentsCount" : 0,
      "hasContent" : false,
      "stepsCount" : 0
    }, {
      "name" : "And  I input my details",
      "time" : {
        "start" : 1662355382359,
        "stop" : 1662355382698,
        "duration" : 339
      },
      "status" : "passed",
      "steps" : [ ],
      "attachments" : [ ],
      "parameters" : [ ],
      "shouldDisplayMessage" : false,
      "attachmentsCount" : 0,
      "hasContent" : false,
      "stepsCount" : 0
    }, {
      "name" : "And  select continue",
      "time" : {
        "start" : 1662355382698,
        "stop" : 1662355402800,
        "duration" : 20102
      },
      "status" : "passed",
      "steps" : [ ],
      "attachments" : [ ],
      "parameters" : [ ],
      "shouldDisplayMessage" : false,
      "attachmentsCount" : 0,
      "hasContent" : false,
      "stepsCount" : 0
    }, {
      "name" : "And  I click on finish",
      "time" : {
        "start" : 1662355402800,
        "stop" : 1662355402811,
        "duration" : 11
      },
      "status" : "failed",
      "statusMessage" : "Error while performing the click action for the locator: nullException :java.lang.NullPointerException: Cannot invoke \"org.openqa.selenium.WebElement.click()\" because \"locator\" is null",
      "statusTrace" : "junit.framework.AssertionFailedError: Error while performing the click action for the locator: nullException :java.lang.NullPointerException: Cannot invoke \"org.openqa.selenium.WebElement.click()\" because \"locator\" is null\r\n\tat junit.framework.Assert.fail(Assert.java:57)\r\n\tat com.scripted.web.WebHandlers.click(WebHandlers.java:162)\r\n\tat com.scripted.Pages.SauceLab.SauceLabCheckoutStepTwoPage.clickOnFinish(SauceLabCheckoutStepTwoPage.java:43)\r\n\tat com.scripted.WebStepDef.SauceLab.SauceLabStepDef.iClickOnFinish(SauceLabStepDef.java:71)\r\n\tat ✽.I click on finish(file:Features/Web/SauceLab/SimpleSuccesfulPurchase.feature:16)\r\n",
      "steps" : [ ],
      "attachments" : [ ],
      "parameters" : [ ],
      "shouldDisplayMessage" : true,
      "attachmentsCount" : 0,
      "hasContent" : true,
      "stepsCount" : 0
    } ],
    "attachments" : [ ],
    "parameters" : [ ],
    "shouldDisplayMessage" : false,
    "attachmentsCount" : 0,
    "hasContent" : true,
    "stepsCount" : 11
  },
  "afterStages" : [ {
    "name" : "CommonStepdef.afterScenario(Scenario)",
    "time" : {
      "start" : 1662355402813,
      "stop" : 1662355403240,
      "duration" : 427
    },
    "status" : "passed",
    "steps" : [ ],
    "attachments" : [ {
      "uid" : "c6cb0ff60b006877",
      "name" : "Screenshot",
      "source" : "c6cb0ff60b006877.png",
      "type" : "image/png",
      "size" : 34005
    } ],
    "parameters" : [ ],
    "shouldDisplayMessage" : false,
    "attachmentsCount" : 1,
    "hasContent" : true,
    "stepsCount" : 0
  } ],
  "labels" : [ {
    "name" : "tag",
    "value" : "Test-2"
  }, {
    "name" : "tag",
    "value" : "Web"
  }, {
    "name" : "tag",
    "value" : "Demo"
  }, {
    "name" : "tag",
    "value" : "Training"
  }, {
    "name" : "host",
    "value" : "E900DTRV"
  }, {
    "name" : "thread",
    "value" : "11800@E900DTRV.main(1)"
  }, {
    "name" : "feature",
    "value" : "Simple Successful Purchase"
  }, {
    "name" : "story",
    "value" : "User is able to purchase items successfully"
  }, {
    "name" : "package",
    "value" : "Features.Web.SauceLab.Simple Successful Purchase"
  }, {
    "name" : "suite",
    "value" : "Simple Successful Purchase"
  }, {
    "name" : "testClass",
    "value" : "User is able to purchase items successfully"
  }, {
    "name" : "framework",
    "value" : "cucumber4jvm"
  }, {
    "name" : "language",
    "value" : "java"
  }, {
    "name" : "gherkin_uri",
    "value" : "file:Features/Web/SauceLab/SimpleSuccesfulPurchase.feature"
  }, {
    "name" : "resultFormat",
    "value" : "allure2"
  } ],
  "parameters" : [ {
    "name" : "password",
    "value" : "secret_sauce"
  }, {
    "name" : "username",
    "value" : "standard_user"
  } ],
  "links" : [ ],
  "hidden" : false,
  "retry" : false,
  "extra" : {
    "severity" : "normal",
    "retries" : [ ],
    "categories" : [ {
      "name" : "Product defects",
      "matchedStatuses" : [ ],
      "flaky" : false
    } ],
    "tags" : [ "Training", "Demo", "Web", "Test-2" ]
  },
  "source" : "52e6978504cfcf37.json",
  "parameterValues" : [ "secret_sauce", "standard_user" ]
}