{
  "uid" : "a78960f62f3dc594",
  "name" : "Sample DELETE method API test",
  "fullName" : "Running all api tests: Sample DELETE method API test",
  "historyId" : "179810000c1e7eab9a42132ae424d4b",
  "time" : {
    "start" : 1663135613686,
    "stop" : 1663135616240,
    "duration" : 2554
  },
  "status" : "failed",
  "statusMessage" : "expected [200] but found [204]",
  "statusTrace" : "java.lang.AssertionError: expected [200] but found [204]\r\n\tat org.testng.Assert.fail(Assert.java:96)\r\n\tat org.testng.Assert.failNotEquals(Assert.java:776)\r\n\tat org.testng.Assert.assertEqualsImpl(Assert.java:137)\r\n\tat org.testng.Assert.assertEquals(Assert.java:118)\r\n\tat org.testng.Assert.assertEquals(Assert.java:652)\r\n\tat org.testng.Assert.assertEquals(Assert.java:662)\r\n\tat com.scripted.api.RestAssuredWrapper.valResponseCode(RestAssuredWrapper.java:225)\r\n\tat com.scripted.apistepdefs.stepdefinitions.i_should_get_response_code_something(stepdefinitions.java:141)\r\n\tat ✽.I should get response code 204(file:Features/Webservices/SampleAllRestApi.feature:34)\r\n",
  "flaky" : false,
  "newFailed" : false,
  "newBroken" : false,
  "newPassed" : false,
  "retriesCount" : 0,
  "retriesStatusChange" : false,
  "beforeStages" : [ {
    "name" : "stepdefinitions.beforeScenario(Scenario)",
    "time" : {
      "start" : 1663135613688,
      "stop" : 1663135614319,
      "duration" : 631
    },
    "status" : "passed",
    "steps" : [ ],
    "attachments" : [ ],
    "parameters" : [ ],
    "stepsCount" : 0,
    "hasContent" : false,
    "shouldDisplayMessage" : false,
    "attachmentsCount" : 0
  } ],
  "testStage" : {
    "status" : "failed",
    "statusMessage" : "expected [200] but found [204]",
    "statusTrace" : "java.lang.AssertionError: expected [200] but found [204]\r\n\tat org.testng.Assert.fail(Assert.java:96)\r\n\tat org.testng.Assert.failNotEquals(Assert.java:776)\r\n\tat org.testng.Assert.assertEqualsImpl(Assert.java:137)\r\n\tat org.testng.Assert.assertEquals(Assert.java:118)\r\n\tat org.testng.Assert.assertEquals(Assert.java:652)\r\n\tat org.testng.Assert.assertEquals(Assert.java:662)\r\n\tat com.scripted.api.RestAssuredWrapper.valResponseCode(RestAssuredWrapper.java:225)\r\n\tat com.scripted.apistepdefs.stepdefinitions.i_should_get_response_code_something(stepdefinitions.java:141)\r\n\tat ✽.I should get response code 204(file:Features/Webservices/SampleAllRestApi.feature:34)\r\n",
    "steps" : [ {
      "name" : "Given  I have sample \"Delete\" API",
      "time" : {
        "start" : 1663135614323,
        "stop" : 1663135614328,
        "duration" : 5
      },
      "status" : "passed",
      "steps" : [ ],
      "attachments" : [ ],
      "parameters" : [ ],
      "stepsCount" : 0,
      "hasContent" : false,
      "shouldDisplayMessage" : false,
      "attachmentsCount" : 0
    }, {
      "name" : "When  I send a \"Put\" Request with \"SamplePUTApi\" properties",
      "time" : {
        "start" : 1663135614329,
        "stop" : 1663135616219,
        "duration" : 1890
      },
      "status" : "passed",
      "steps" : [ ],
      "attachments" : [ ],
      "parameters" : [ ],
      "stepsCount" : 0,
      "hasContent" : false,
      "shouldDisplayMessage" : false,
      "attachmentsCount" : 0
    }, {
      "name" : "Then  I should get response code 204",
      "time" : {
        "start" : 1663135616220,
        "stop" : 1663135616224,
        "duration" : 4
      },
      "status" : "failed",
      "statusMessage" : "expected [200] but found [204]",
      "statusTrace" : "java.lang.AssertionError: expected [200] but found [204]\r\n\tat org.testng.Assert.fail(Assert.java:96)\r\n\tat org.testng.Assert.failNotEquals(Assert.java:776)\r\n\tat org.testng.Assert.assertEqualsImpl(Assert.java:137)\r\n\tat org.testng.Assert.assertEquals(Assert.java:118)\r\n\tat org.testng.Assert.assertEquals(Assert.java:652)\r\n\tat org.testng.Assert.assertEquals(Assert.java:662)\r\n\tat com.scripted.api.RestAssuredWrapper.valResponseCode(RestAssuredWrapper.java:225)\r\n\tat com.scripted.apistepdefs.stepdefinitions.i_should_get_response_code_something(stepdefinitions.java:141)\r\n\tat ✽.I should get response code 204(file:Features/Webservices/SampleAllRestApi.feature:34)\r\n",
      "steps" : [ ],
      "attachments" : [ ],
      "parameters" : [ ],
      "stepsCount" : 0,
      "hasContent" : true,
      "shouldDisplayMessage" : true,
      "attachmentsCount" : 0
    } ],
    "attachments" : [ ],
    "parameters" : [ ],
    "stepsCount" : 3,
    "hasContent" : true,
    "shouldDisplayMessage" : false,
    "attachmentsCount" : 0
  },
  "afterStages" : [ {
    "name" : "stepdefinitions.afterScenario(Scenario)",
    "time" : {
      "start" : 1663135616225,
      "stop" : 1663135616239,
      "duration" : 14
    },
    "status" : "passed",
    "steps" : [ ],
    "attachments" : [ {
      "uid" : "5266b1ee90b3714c",
      "name" : "Screenshot",
      "source" : "5266b1ee90b3714c.txt",
      "type" : "text/plain",
      "size" : 40
    } ],
    "parameters" : [ ],
    "stepsCount" : 0,
    "hasContent" : true,
    "shouldDisplayMessage" : false,
    "attachmentsCount" : 1
  } ],
  "labels" : [ {
    "name" : "tag",
    "value" : "apiTest"
  }, {
    "name" : "tag",
    "value" : "TestDelete"
  }, {
    "name" : "host",
    "value" : "E900DTRV"
  }, {
    "name" : "thread",
    "value" : "14264@E900DTRV.main(1)"
  }, {
    "name" : "feature",
    "value" : "Running all api tests"
  }, {
    "name" : "story",
    "value" : "Sample DELETE method API test"
  }, {
    "name" : "package",
    "value" : "Features.Webservices.Running all api tests"
  }, {
    "name" : "suite",
    "value" : "Running all api tests"
  }, {
    "name" : "testClass",
    "value" : "Sample DELETE method API test"
  }, {
    "name" : "framework",
    "value" : "cucumber4jvm"
  }, {
    "name" : "language",
    "value" : "java"
  }, {
    "name" : "gherkin_uri",
    "value" : "file:Features/Webservices/SampleAllRestApi.feature"
  }, {
    "name" : "resultFormat",
    "value" : "allure2"
  } ],
  "parameters" : [ ],
  "links" : [ ],
  "hidden" : false,
  "retry" : false,
  "extra" : {
    "severity" : "normal",
    "retries" : [ ],
    "categories" : [ {
      "name" : "Product defects",
      "matchedStatuses" : [ ],
      "flaky" : false
    } ],
    "tags" : [ "TestDelete", "apiTest" ]
  },
  "source" : "a78960f62f3dc594.json",
  "parameterValues" : [ ]
}