{
  "uid" : "71a1ee18741cc2f1",
  "name" : "Sample GET method API test",
  "fullName" : "Running api test: Sample GET method API test",
  "historyId" : "4e233408d1f33b885c8864210dbc5ccc",
  "time" : {
    "start" : 1663067600939,
    "stop" : 1663067601701,
    "duration" : 762
  },
  "status" : "broken",
  "statusMessage" : "Step [I send a {string} Request with {string} properties with dynamic parameters] is defined with 2 parameters at 'com.scripted.apistepdefs.stepdefinitions.updateUrlPathWithPropertiesWithDynamicParameters(String,DataTable) in file:/C:/Users/188680/Downloads/SkJavaConsumerDirect-CodeClenUp/SkJavaConsumerDirect-CodeClenUp/TAF-Scripting/target/test-classes/'.\nHowever, the gherkin step has 3 arguments:\n * \"Get\"\n * \"DemoSample\"\n * Table:\n      | TouristId | 149428 |\n      | accountId | 123456 |\n\nStep text: I send a \"Get\" Request with \"DemoSample\" properties with dynamic parameters",
  "statusTrace" : "cucumber.runtime.CucumberException: Step [I send a {string} Request with {string} properties with dynamic parameters] is defined with 2 parameters at 'com.scripted.apistepdefs.stepdefinitions.updateUrlPathWithPropertiesWithDynamicParameters(String,DataTable) in file:/C:/Users/188680/Downloads/SkJavaConsumerDirect-CodeClenUp/SkJavaConsumerDirect-CodeClenUp/TAF-Scripting/target/test-classes/'.\nHowever, the gherkin step has 3 arguments:\n * \"Get\"\n * \"DemoSample\"\n * Table:\n      | TouristId | 149428 |\n      | accountId | 123456 |\n\nStep text: I send a \"Get\" Request with \"DemoSample\" properties with dynamic parameters\r\n\tat cucumber.runner.PickleStepDefinitionMatch.arityMismatch(PickleStepDefinitionMatch.java:84)\r\n\tat cucumber.runner.PickleStepDefinitionMatch.runStep(PickleStepDefinitionMatch.java:36)\r\n\tat cucumber.runner.TestStep.executeStep(TestStep.java:65)\r\n\tat cucumber.runner.TestStep.run(TestStep.java:50)\r\n\tat cucumber.runner.PickleStepTestStep.run(PickleStepTestStep.java:43)\r\n\tat cucumber.runner.TestCase.run(TestCase.java:46)\r\n\tat cucumber.runner.Runner.runPickle(Runner.java:50)\r\n\tat io.cucumber.testng.TestNGCucumberRunner.runScenario(TestNGCucumberRunner.java:69)\r\n\tat io.cucumber.testng.AbstractTestNGCucumberTests.runScenario(AbstractTestNGCucumberTests.java:24)\r\n\tat java.base/jdk.internal.reflect.NativeMethodAccessorImpl.invoke0(Native Method)\r\n\tat java.base/jdk.internal.reflect.NativeMethodAccessorImpl.invoke(NativeMethodAccessorImpl.java:77)\r\n\tat java.base/jdk.internal.reflect.DelegatingMethodAccessorImpl.invoke(DelegatingMethodAccessorImpl.java:43)\r\n\tat java.base/java.lang.reflect.Method.invoke(Method.java:568)\r\n\tat org.testng.internal.MethodInvocationHelper.invokeMethod(MethodInvocationHelper.java:124)\r\n\tat org.testng.internal.Invoker.invokeMethod(Invoker.java:583)\r\n\tat org.testng.internal.Invoker.invokeTestMethod(Invoker.java:719)\r\n\tat org.testng.internal.Invoker.invokeTestMethods(Invoker.java:989)\r\n\tat org.testng.internal.TestMethodWorker.invokeTestMethods(TestMethodWorker.java:125)\r\n\tat org.testng.internal.TestMethodWorker.run(TestMethodWorker.java:109)\r\n\tat org.testng.TestRunner.privateRun(TestRunner.java:648)\r\n\tat org.testng.TestRunner.run(TestRunner.java:505)\r\n\tat org.testng.SuiteRunner.runTest(SuiteRunner.java:455)\r\n\tat org.testng.SuiteRunner.runSequentially(SuiteRunner.java:450)\r\n\tat org.testng.SuiteRunner.privateRun(SuiteRunner.java:415)\r\n\tat org.testng.SuiteRunner.run(SuiteRunner.java:364)\r\n\tat org.testng.SuiteRunnerWorker.runSuite(SuiteRunnerWorker.java:52)\r\n\tat org.testng.SuiteRunnerWorker.run(SuiteRunnerWorker.java:84)\r\n\tat org.testng.TestNG.runSuitesSequentially(TestNG.java:1208)\r\n\tat org.testng.TestNG.runSuitesLocally(TestNG.java:1137)\r\n\tat org.testng.TestNG.runSuites(TestNG.java:1049)\r\n\tat org.testng.TestNG.run(TestNG.java:1017)\r\n\tat com.intellij.rt.testng.IDEARemoteTestNG.run(IDEARemoteTestNG.java:66)\r\n\tat com.intellij.rt.testng.RemoteTestNGStarter.main(RemoteTestNGStarter.java:109)\r\n",
  "flaky" : false,
  "newFailed" : false,
  "newBroken" : false,
  "newPassed" : false,
  "retriesCount" : 0,
  "retriesStatusChange" : false,
  "beforeStages" : [ {
    "name" : "stepdefinitions.beforeScenario(Scenario)",
    "time" : {
      "start" : 1663067600940,
      "stop" : 1663067601653,
      "duration" : 713
    },
    "status" : "passed",
    "steps" : [ ],
    "attachments" : [ ],
    "parameters" : [ ],
    "shouldDisplayMessage" : false,
    "attachmentsCount" : 0,
    "hasContent" : false,
    "stepsCount" : 0
  } ],
  "testStage" : {
    "status" : "broken",
    "statusMessage" : "Step [I send a {string} Request with {string} properties with dynamic parameters] is defined with 2 parameters at 'com.scripted.apistepdefs.stepdefinitions.updateUrlPathWithPropertiesWithDynamicParameters(String,DataTable) in file:/C:/Users/188680/Downloads/SkJavaConsumerDirect-CodeClenUp/SkJavaConsumerDirect-CodeClenUp/TAF-Scripting/target/test-classes/'.\nHowever, the gherkin step has 3 arguments:\n * \"Get\"\n * \"DemoSample\"\n * Table:\n      | TouristId | 149428 |\n      | accountId | 123456 |\n\nStep text: I send a \"Get\" Request with \"DemoSample\" properties with dynamic parameters",
    "statusTrace" : "cucumber.runtime.CucumberException: Step [I send a {string} Request with {string} properties with dynamic parameters] is defined with 2 parameters at 'com.scripted.apistepdefs.stepdefinitions.updateUrlPathWithPropertiesWithDynamicParameters(String,DataTable) in file:/C:/Users/188680/Downloads/SkJavaConsumerDirect-CodeClenUp/SkJavaConsumerDirect-CodeClenUp/TAF-Scripting/target/test-classes/'.\nHowever, the gherkin step has 3 arguments:\n * \"Get\"\n * \"DemoSample\"\n * Table:\n      | TouristId | 149428 |\n      | accountId | 123456 |\n\nStep text: I send a \"Get\" Request with \"DemoSample\" properties with dynamic parameters\r\n\tat cucumber.runner.PickleStepDefinitionMatch.arityMismatch(PickleStepDefinitionMatch.java:84)\r\n\tat cucumber.runner.PickleStepDefinitionMatch.runStep(PickleStepDefinitionMatch.java:36)\r\n\tat cucumber.runner.TestStep.executeStep(TestStep.java:65)\r\n\tat cucumber.runner.TestStep.run(TestStep.java:50)\r\n\tat cucumber.runner.PickleStepTestStep.run(PickleStepTestStep.java:43)\r\n\tat cucumber.runner.TestCase.run(TestCase.java:46)\r\n\tat cucumber.runner.Runner.runPickle(Runner.java:50)\r\n\tat io.cucumber.testng.TestNGCucumberRunner.runScenario(TestNGCucumberRunner.java:69)\r\n\tat io.cucumber.testng.AbstractTestNGCucumberTests.runScenario(AbstractTestNGCucumberTests.java:24)\r\n\tat java.base/jdk.internal.reflect.NativeMethodAccessorImpl.invoke0(Native Method)\r\n\tat java.base/jdk.internal.reflect.NativeMethodAccessorImpl.invoke(NativeMethodAccessorImpl.java:77)\r\n\tat java.base/jdk.internal.reflect.DelegatingMethodAccessorImpl.invoke(DelegatingMethodAccessorImpl.java:43)\r\n\tat java.base/java.lang.reflect.Method.invoke(Method.java:568)\r\n\tat org.testng.internal.MethodInvocationHelper.invokeMethod(MethodInvocationHelper.java:124)\r\n\tat org.testng.internal.Invoker.invokeMethod(Invoker.java:583)\r\n\tat org.testng.internal.Invoker.invokeTestMethod(Invoker.java:719)\r\n\tat org.testng.internal.Invoker.invokeTestMethods(Invoker.java:989)\r\n\tat org.testng.internal.TestMethodWorker.invokeTestMethods(TestMethodWorker.java:125)\r\n\tat org.testng.internal.TestMethodWorker.run(TestMethodWorker.java:109)\r\n\tat org.testng.TestRunner.privateRun(TestRunner.java:648)\r\n\tat org.testng.TestRunner.run(TestRunner.java:505)\r\n\tat org.testng.SuiteRunner.runTest(SuiteRunner.java:455)\r\n\tat org.testng.SuiteRunner.runSequentially(SuiteRunner.java:450)\r\n\tat org.testng.SuiteRunner.privateRun(SuiteRunner.java:415)\r\n\tat org.testng.SuiteRunner.run(SuiteRunner.java:364)\r\n\tat org.testng.SuiteRunnerWorker.runSuite(SuiteRunnerWorker.java:52)\r\n\tat org.testng.SuiteRunnerWorker.run(SuiteRunnerWorker.java:84)\r\n\tat org.testng.TestNG.runSuitesSequentially(TestNG.java:1208)\r\n\tat org.testng.TestNG.runSuitesLocally(TestNG.java:1137)\r\n\tat org.testng.TestNG.runSuites(TestNG.java:1049)\r\n\tat org.testng.TestNG.run(TestNG.java:1017)\r\n\tat com.intellij.rt.testng.IDEARemoteTestNG.run(IDEARemoteTestNG.java:66)\r\n\tat com.intellij.rt.testng.RemoteTestNGStarter.main(RemoteTestNGStarter.java:109)\r\n",
    "steps" : [ {
      "name" : "Given  I have sample \"Get\" API",
      "time" : {
        "start" : 1663067601656,
        "stop" : 1663067601662,
        "duration" : 6
      },
      "status" : "passed",
      "steps" : [ ],
      "attachments" : [ ],
      "parameters" : [ ],
      "shouldDisplayMessage" : false,
      "attachmentsCount" : 0,
      "hasContent" : false,
      "stepsCount" : 0
    }, {
      "name" : "Then  I send a \"Get\" Request with \"DemoSample\" properties with dynamic parameters",
      "time" : {
        "start" : 1663067601663,
        "stop" : 1663067601686,
        "duration" : 23
      },
      "status" : "broken",
      "statusMessage" : "Step [I send a {string} Request with {string} properties with dynamic parameters] is defined with 2 parameters at 'com.scripted.apistepdefs.stepdefinitions.updateUrlPathWithPropertiesWithDynamicParameters(String,DataTable) in file:/C:/Users/188680/Downloads/SkJavaConsumerDirect-CodeClenUp/SkJavaConsumerDirect-CodeClenUp/TAF-Scripting/target/test-classes/'.\nHowever, the gherkin step has 3 arguments:\n * \"Get\"\n * \"DemoSample\"\n * Table:\n      | TouristId | 149428 |\n      | accountId | 123456 |\n\nStep text: I send a \"Get\" Request with \"DemoSample\" properties with dynamic parameters",
      "statusTrace" : "cucumber.runtime.CucumberException: Step [I send a {string} Request with {string} properties with dynamic parameters] is defined with 2 parameters at 'com.scripted.apistepdefs.stepdefinitions.updateUrlPathWithPropertiesWithDynamicParameters(String,DataTable) in file:/C:/Users/188680/Downloads/SkJavaConsumerDirect-CodeClenUp/SkJavaConsumerDirect-CodeClenUp/TAF-Scripting/target/test-classes/'.\nHowever, the gherkin step has 3 arguments:\n * \"Get\"\n * \"DemoSample\"\n * Table:\n      | TouristId | 149428 |\n      | accountId | 123456 |\n\nStep text: I send a \"Get\" Request with \"DemoSample\" properties with dynamic parameters\r\n\tat cucumber.runner.PickleStepDefinitionMatch.arityMismatch(PickleStepDefinitionMatch.java:84)\r\n\tat cucumber.runner.PickleStepDefinitionMatch.runStep(PickleStepDefinitionMatch.java:36)\r\n\tat cucumber.runner.TestStep.executeStep(TestStep.java:65)\r\n\tat cucumber.runner.TestStep.run(TestStep.java:50)\r\n\tat cucumber.runner.PickleStepTestStep.run(PickleStepTestStep.java:43)\r\n\tat cucumber.runner.TestCase.run(TestCase.java:46)\r\n\tat cucumber.runner.Runner.runPickle(Runner.java:50)\r\n\tat io.cucumber.testng.TestNGCucumberRunner.runScenario(TestNGCucumberRunner.java:69)\r\n\tat io.cucumber.testng.AbstractTestNGCucumberTests.runScenario(AbstractTestNGCucumberTests.java:24)\r\n\tat java.base/jdk.internal.reflect.NativeMethodAccessorImpl.invoke0(Native Method)\r\n\tat java.base/jdk.internal.reflect.NativeMethodAccessorImpl.invoke(NativeMethodAccessorImpl.java:77)\r\n\tat java.base/jdk.internal.reflect.DelegatingMethodAccessorImpl.invoke(DelegatingMethodAccessorImpl.java:43)\r\n\tat java.base/java.lang.reflect.Method.invoke(Method.java:568)\r\n\tat org.testng.internal.MethodInvocationHelper.invokeMethod(MethodInvocationHelper.java:124)\r\n\tat org.testng.internal.Invoker.invokeMethod(Invoker.java:583)\r\n\tat org.testng.internal.Invoker.invokeTestMethod(Invoker.java:719)\r\n\tat org.testng.internal.Invoker.invokeTestMethods(Invoker.java:989)\r\n\tat org.testng.internal.TestMethodWorker.invokeTestMethods(TestMethodWorker.java:125)\r\n\tat org.testng.internal.TestMethodWorker.run(TestMethodWorker.java:109)\r\n\tat org.testng.TestRunner.privateRun(TestRunner.java:648)\r\n\tat org.testng.TestRunner.run(TestRunner.java:505)\r\n\tat org.testng.SuiteRunner.runTest(SuiteRunner.java:455)\r\n\tat org.testng.SuiteRunner.runSequentially(SuiteRunner.java:450)\r\n\tat org.testng.SuiteRunner.privateRun(SuiteRunner.java:415)\r\n\tat org.testng.SuiteRunner.run(SuiteRunner.java:364)\r\n\tat org.testng.SuiteRunnerWorker.runSuite(SuiteRunnerWorker.java:52)\r\n\tat org.testng.SuiteRunnerWorker.run(SuiteRunnerWorker.java:84)\r\n\tat org.testng.TestNG.runSuitesSequentially(TestNG.java:1208)\r\n\tat org.testng.TestNG.runSuitesLocally(TestNG.java:1137)\r\n\tat org.testng.TestNG.runSuites(TestNG.java:1049)\r\n\tat org.testng.TestNG.run(TestNG.java:1017)\r\n\tat com.intellij.rt.testng.IDEARemoteTestNG.run(IDEARemoteTestNG.java:66)\r\n\tat com.intellij.rt.testng.RemoteTestNGStarter.main(RemoteTestNGStarter.java:109)\r\n",
      "steps" : [ ],
      "attachments" : [ {
        "uid" : "d87f500006bb70ce",
        "name" : "Data table",
        "source" : "d87f500006bb70ce.csv",
        "type" : "text/tab-separated-values",
        "size" : 34
      } ],
      "parameters" : [ ],
      "shouldDisplayMessage" : true,
      "attachmentsCount" : 1,
      "hasContent" : true,
      "stepsCount" : 0
    } ],
    "attachments" : [ ],
    "parameters" : [ ],
    "shouldDisplayMessage" : false,
    "attachmentsCount" : 1,
    "hasContent" : true,
    "stepsCount" : 2
  },
  "afterStages" : [ {
    "name" : "stepdefinitions.afterScenario(Scenario)",
    "time" : {
      "start" : 1663067601686,
      "stop" : 1663067601700,
      "duration" : 14
    },
    "status" : "broken",
    "statusMessage" : "After is failed: Cannot invoke \"io.restassured.response.Response.asString()\" because \"com.scripted.api.RestAssuredWrapper.apiResponse\" is null",
    "statusTrace" : "java.lang.NullPointerException: Cannot invoke \"io.restassured.response.Response.asString()\" because \"com.scripted.api.RestAssuredWrapper.apiResponse\" is null\r\n\tat com.scripted.api.RestAssuredWrapper.convertFileToByte(RestAssuredWrapper.java:371)\r\n\tat com.scripted.apistepdefs.stepdefinitions.afterScenario(stepdefinitions.java:88)\r\n\tat java.base/jdk.internal.reflect.NativeMethodAccessorImpl.invoke0(Native Method)\r\n\tat java.base/jdk.internal.reflect.NativeMethodAccessorImpl.invoke(NativeMethodAccessorImpl.java:77)\r\n\tat java.base/jdk.internal.reflect.DelegatingMethodAccessorImpl.invoke(DelegatingMethodAccessorImpl.java:43)\r\n\tat java.base/java.lang.reflect.Method.invoke(Method.java:568)\r\n\tat cucumber.runtime.Utils$1.call(Utils.java:26)\r\n\tat cucumber.runtime.Timeout.timeout(Timeout.java:16)\r\n\tat cucumber.runtime.Utils.invoke(Utils.java:20)\r\n\tat cucumber.runtime.java.JavaHookDefinition.execute(JavaHookDefinition.java:65)\r\n\tat cucumber.runner.HookDefinitionMatch.runStep(HookDefinitionMatch.java:16)\r\n\tat cucumber.runner.TestStep.executeStep(TestStep.java:65)\r\n\tat cucumber.runner.TestStep.run(TestStep.java:50)\r\n\tat cucumber.runner.TestCase.run(TestCase.java:50)\r\n\tat cucumber.runner.Runner.runPickle(Runner.java:50)\r\n\tat io.cucumber.testng.TestNGCucumberRunner.runScenario(TestNGCucumberRunner.java:69)\r\n\tat io.cucumber.testng.AbstractTestNGCucumberTests.runScenario(AbstractTestNGCucumberTests.java:24)\r\n\tat java.base/jdk.internal.reflect.NativeMethodAccessorImpl.invoke0(Native Method)\r\n\tat java.base/jdk.internal.reflect.NativeMethodAccessorImpl.invoke(NativeMethodAccessorImpl.java:77)\r\n\tat java.base/jdk.internal.reflect.DelegatingMethodAccessorImpl.invoke(DelegatingMethodAccessorImpl.java:43)\r\n\tat java.base/java.lang.reflect.Method.invoke(Method.java:568)\r\n\tat org.testng.internal.MethodInvocationHelper.invokeMethod(MethodInvocationHelper.java:124)\r\n\tat org.testng.internal.Invoker.invokeMethod(Invoker.java:583)\r\n\tat org.testng.internal.Invoker.invokeTestMethod(Invoker.java:719)\r\n\tat org.testng.internal.Invoker.invokeTestMethods(Invoker.java:989)\r\n\tat org.testng.internal.TestMethodWorker.invokeTestMethods(TestMethodWorker.java:125)\r\n\tat org.testng.internal.TestMethodWorker.run(TestMethodWorker.java:109)\r\n\tat org.testng.TestRunner.privateRun(TestRunner.java:648)\r\n\tat org.testng.TestRunner.run(TestRunner.java:505)\r\n\tat org.testng.SuiteRunner.runTest(SuiteRunner.java:455)\r\n\tat org.testng.SuiteRunner.runSequentially(SuiteRunner.java:450)\r\n\tat org.testng.SuiteRunner.privateRun(SuiteRunner.java:415)\r\n\tat org.testng.SuiteRunner.run(SuiteRunner.java:364)\r\n\tat org.testng.SuiteRunnerWorker.runSuite(SuiteRunnerWorker.java:52)\r\n\tat org.testng.SuiteRunnerWorker.run(SuiteRunnerWorker.java:84)\r\n\tat org.testng.TestNG.runSuitesSequentially(TestNG.java:1208)\r\n\tat org.testng.TestNG.runSuitesLocally(TestNG.java:1137)\r\n\tat org.testng.TestNG.runSuites(TestNG.java:1049)\r\n\tat org.testng.TestNG.run(TestNG.java:1017)\r\n\tat com.intellij.rt.testng.IDEARemoteTestNG.run(IDEARemoteTestNG.java:66)\r\n\tat com.intellij.rt.testng.RemoteTestNGStarter.main(RemoteTestNGStarter.java:109)\r\n",
    "steps" : [ ],
    "attachments" : [ ],
    "parameters" : [ ],
    "shouldDisplayMessage" : true,
    "attachmentsCount" : 0,
    "hasContent" : true,
    "stepsCount" : 0
  } ],
  "labels" : [ {
    "name" : "tag",
    "value" : "apiTest-2"
  }, {
    "name" : "tag",
    "value" : "TestGet"
  }, {
    "name" : "host",
    "value" : "E900DTRV"
  }, {
    "name" : "thread",
    "value" : "16312@E900DTRV.main(1)"
  }, {
    "name" : "feature",
    "value" : "Running api test"
  }, {
    "name" : "story",
    "value" : "Sample GET method API test"
  }, {
    "name" : "package",
    "value" : "Features.Webservices.Running api test"
  }, {
    "name" : "suite",
    "value" : "Running api test"
  }, {
    "name" : "testClass",
    "value" : "Sample GET method API test"
  }, {
    "name" : "framework",
    "value" : "cucumber4jvm"
  }, {
    "name" : "language",
    "value" : "java"
  }, {
    "name" : "gherkin_uri",
    "value" : "file:Features/Webservices/DemoSample.feature"
  }, {
    "name" : "resultFormat",
    "value" : "allure2"
  } ],
  "parameters" : [ ],
  "links" : [ ],
  "hidden" : false,
  "retry" : false,
  "extra" : {
    "severity" : "normal",
    "retries" : [ ],
    "categories" : [ {
      "name" : "Test defects",
      "matchedStatuses" : [ ],
      "flaky" : false
    } ],
    "tags" : [ "TestGet", "apiTest-2" ]
  },
  "source" : "71a1ee18741cc2f1.json",
  "parameterValues" : [ ]
}