{
  "uid" : "cc55b965f1c8faf2",
  "name" : "User is able to purchase items successfully",
  "fullName" : "Successful Purchase: User is able to purchase items successfully",
  "historyId" : "a872435a31e2e99a914d5e52069d82ec",
  "time" : {
    "start" : 1662541937029,
    "stop" : 1662542153909,
    "duration" : 216880
  },
  "status" : "failed",
  "statusMessage" : "Error while entering the text for the locator: Proxy element for: DefaultElementLocator 'By.id: user-name'Exception :org.openqa.selenium.NoSuchElementException: no such element: Unable to locate element: {\"method\":\"css selector\",\"selector\":\"#user\\-name\"}\n  (Session info: chrome=105.0.5195.102)\nFor documentation on this error, please visit: https://www.seleniumhq.org/exceptions/no_such_element.html\nBuild info: version: '3.141.59', revision: 'e82be7d358', time: '2018-11-14T08:17:03'\nSystem info: host: 'E900DTRV', ip: '10.5.20.87', os.name: 'Windows 10', os.arch: 'amd64', os.version: '10.0', java.version: '17.0.1'\nDriver info: org.openqa.selenium.chrome.ChromeDriver\nCapabilities {acceptInsecureCerts: false, browserName: chrome, browserVersion: 105.0.5195.102, chrome: {chromedriverVersion: 105.0.5195.52 (412c95e51883..., userDataDir: C:\\Users\\188680\\AppData\\Loc...}, goog:chromeOptions: {debuggerAddress: localhost:57248}, javascriptEnabled: true, networkConnectionEnabled: false, pageLoadStrategy: normal, platform: WINDOWS, platformName: WINDOWS, proxy: Proxy(), setWindowRect: true, strictFileInteractability: false, timeouts: {implicit: 0, pageLoad: 300000, script: 30000}, unhandledPromptBehavior: dismiss and notify, webauthn:extension:credBlob: true, webauthn:extension:largeBlob: true, webauthn:virtualAuthenticators: true}\nSession ID: 7ef4e48b871005e14779f8c9983823f1\n*** Element info: {Using=id, value=user-name}",
  "statusTrace" : "junit.framework.AssertionFailedError: Error while entering the text for the locator: Proxy element for: DefaultElementLocator 'By.id: user-name'Exception :org.openqa.selenium.NoSuchElementException: no such element: Unable to locate element: {\"method\":\"css selector\",\"selector\":\"#user\\-name\"}\n  (Session info: chrome=105.0.5195.102)\nFor documentation on this error, please visit: https://www.seleniumhq.org/exceptions/no_such_element.html\nBuild info: version: '3.141.59', revision: 'e82be7d358', time: '2018-11-14T08:17:03'\nSystem info: host: 'E900DTRV', ip: '10.5.20.87', os.name: 'Windows 10', os.arch: 'amd64', os.version: '10.0', java.version: '17.0.1'\nDriver info: org.openqa.selenium.chrome.ChromeDriver\nCapabilities {acceptInsecureCerts: false, browserName: chrome, browserVersion: 105.0.5195.102, chrome: {chromedriverVersion: 105.0.5195.52 (412c95e51883..., userDataDir: C:\\Users\\188680\\AppData\\Loc...}, goog:chromeOptions: {debuggerAddress: localhost:57248}, javascriptEnabled: true, networkConnectionEnabled: false, pageLoadStrategy: normal, platform: WINDOWS, platformName: WINDOWS, proxy: Proxy(), setWindowRect: true, strictFileInteractability: false, timeouts: {implicit: 0, pageLoad: 300000, script: 30000}, unhandledPromptBehavior: dismiss and notify, webauthn:extension:credBlob: true, webauthn:extension:largeBlob: true, webauthn:virtualAuthenticators: true}\nSession ID: 7ef4e48b871005e14779f8c9983823f1\n*** Element info: {Using=id, value=user-name}\r\n\tat junit.framework.Assert.fail(Assert.java:57)\r\n\tat com.scripted.web.WebHandlers.enterText(WebHandlers.java:144)\r\n\tat com.scripted.Pages.SauceLab.SauceLabLoginPage.enterUserName(SauceLabLoginPage.java:29)\r\n\tat com.scripted.WebStepDef.SauceLab.SauceLabLoginStepDef.iEnterUsernameAs(SauceLabLoginStepDef.java:14)\r\n\tat ✽.I enter username as \"standard_user\"(file:Features/Web/SauceLab/SuccessfulPurchase.feature:6)\r\n",
  "flaky" : false,
  "newFailed" : false,
  "newBroken" : false,
  "newPassed" : false,
  "retriesCount" : 0,
  "retriesStatusChange" : false,
  "beforeStages" : [ {
    "name" : "CommonStepdef.driverSetup()",
    "time" : {
      "start" : 1662541937029,
      "stop" : 1662541947991,
      "duration" : 10962
    },
    "status" : "passed",
    "steps" : [ ],
    "attachments" : [ ],
    "parameters" : [ ],
    "shouldDisplayMessage" : false,
    "attachmentsCount" : 0,
    "stepsCount" : 0,
    "hasContent" : false
  } ],
  "testStage" : {
    "status" : "failed",
    "statusMessage" : "Error while entering the text for the locator: Proxy element for: DefaultElementLocator 'By.id: user-name'Exception :org.openqa.selenium.NoSuchElementException: no such element: Unable to locate element: {\"method\":\"css selector\",\"selector\":\"#user\\-name\"}\n  (Session info: chrome=105.0.5195.102)\nFor documentation on this error, please visit: https://www.seleniumhq.org/exceptions/no_such_element.html\nBuild info: version: '3.141.59', revision: 'e82be7d358', time: '2018-11-14T08:17:03'\nSystem info: host: 'E900DTRV', ip: '10.5.20.87', os.name: 'Windows 10', os.arch: 'amd64', os.version: '10.0', java.version: '17.0.1'\nDriver info: org.openqa.selenium.chrome.ChromeDriver\nCapabilities {acceptInsecureCerts: false, browserName: chrome, browserVersion: 105.0.5195.102, chrome: {chromedriverVersion: 105.0.5195.52 (412c95e51883..., userDataDir: C:\\Users\\188680\\AppData\\Loc...}, goog:chromeOptions: {debuggerAddress: localhost:57248}, javascriptEnabled: true, networkConnectionEnabled: false, pageLoadStrategy: normal, platform: WINDOWS, platformName: WINDOWS, proxy: Proxy(), setWindowRect: true, strictFileInteractability: false, timeouts: {implicit: 0, pageLoad: 300000, script: 30000}, unhandledPromptBehavior: dismiss and notify, webauthn:extension:credBlob: true, webauthn:extension:largeBlob: true, webauthn:virtualAuthenticators: true}\nSession ID: 7ef4e48b871005e14779f8c9983823f1\n*** Element info: {Using=id, value=user-name}",
    "statusTrace" : "junit.framework.AssertionFailedError: Error while entering the text for the locator: Proxy element for: DefaultElementLocator 'By.id: user-name'Exception :org.openqa.selenium.NoSuchElementException: no such element: Unable to locate element: {\"method\":\"css selector\",\"selector\":\"#user\\-name\"}\n  (Session info: chrome=105.0.5195.102)\nFor documentation on this error, please visit: https://www.seleniumhq.org/exceptions/no_such_element.html\nBuild info: version: '3.141.59', revision: 'e82be7d358', time: '2018-11-14T08:17:03'\nSystem info: host: 'E900DTRV', ip: '10.5.20.87', os.name: 'Windows 10', os.arch: 'amd64', os.version: '10.0', java.version: '17.0.1'\nDriver info: org.openqa.selenium.chrome.ChromeDriver\nCapabilities {acceptInsecureCerts: false, browserName: chrome, browserVersion: 105.0.5195.102, chrome: {chromedriverVersion: 105.0.5195.52 (412c95e51883..., userDataDir: C:\\Users\\188680\\AppData\\Loc...}, goog:chromeOptions: {debuggerAddress: localhost:57248}, javascriptEnabled: true, networkConnectionEnabled: false, pageLoadStrategy: normal, platform: WINDOWS, platformName: WINDOWS, proxy: Proxy(), setWindowRect: true, strictFileInteractability: false, timeouts: {implicit: 0, pageLoad: 300000, script: 30000}, unhandledPromptBehavior: dismiss and notify, webauthn:extension:credBlob: true, webauthn:extension:largeBlob: true, webauthn:virtualAuthenticators: true}\nSession ID: 7ef4e48b871005e14779f8c9983823f1\n*** Element info: {Using=id, value=user-name}\r\n\tat junit.framework.Assert.fail(Assert.java:57)\r\n\tat com.scripted.web.WebHandlers.enterText(WebHandlers.java:144)\r\n\tat com.scripted.Pages.SauceLab.SauceLabLoginPage.enterUserName(SauceLabLoginPage.java:29)\r\n\tat com.scripted.WebStepDef.SauceLab.SauceLabLoginStepDef.iEnterUsernameAs(SauceLabLoginStepDef.java:14)\r\n\tat ✽.I enter username as \"standard_user\"(file:Features/Web/SauceLab/SuccessfulPurchase.feature:6)\r\n",
    "steps" : [ {
      "name" : "Given  I launched sauce lab application",
      "time" : {
        "start" : 1662541947991,
        "stop" : 1662541950949,
        "duration" : 2958
      },
      "status" : "passed",
      "steps" : [ ],
      "attachments" : [ ],
      "parameters" : [ ],
      "shouldDisplayMessage" : false,
      "attachmentsCount" : 0,
      "stepsCount" : 0,
      "hasContent" : false
    }, {
      "name" : "When  I enter username as \"standard_user\"",
      "time" : {
        "start" : 1662541950950,
        "stop" : 1662542153338,
        "duration" : 202388
      },
      "status" : "failed",
      "statusMessage" : "Error while entering the text for the locator: Proxy element for: DefaultElementLocator 'By.id: user-name'Exception :org.openqa.selenium.NoSuchElementException: no such element: Unable to locate element: {\"method\":\"css selector\",\"selector\":\"#user\\-name\"}\n  (Session info: chrome=105.0.5195.102)\nFor documentation on this error, please visit: https://www.seleniumhq.org/exceptions/no_such_element.html\nBuild info: version: '3.141.59', revision: 'e82be7d358', time: '2018-11-14T08:17:03'\nSystem info: host: 'E900DTRV', ip: '10.5.20.87', os.name: 'Windows 10', os.arch: 'amd64', os.version: '10.0', java.version: '17.0.1'\nDriver info: org.openqa.selenium.chrome.ChromeDriver\nCapabilities {acceptInsecureCerts: false, browserName: chrome, browserVersion: 105.0.5195.102, chrome: {chromedriverVersion: 105.0.5195.52 (412c95e51883..., userDataDir: C:\\Users\\188680\\AppData\\Loc...}, goog:chromeOptions: {debuggerAddress: localhost:57248}, javascriptEnabled: true, networkConnectionEnabled: false, pageLoadStrategy: normal, platform: WINDOWS, platformName: WINDOWS, proxy: Proxy(), setWindowRect: true, strictFileInteractability: false, timeouts: {implicit: 0, pageLoad: 300000, script: 30000}, unhandledPromptBehavior: dismiss and notify, webauthn:extension:credBlob: true, webauthn:extension:largeBlob: true, webauthn:virtualAuthenticators: true}\nSession ID: 7ef4e48b871005e14779f8c9983823f1\n*** Element info: {Using=id, value=user-name}",
      "statusTrace" : "junit.framework.AssertionFailedError: Error while entering the text for the locator: Proxy element for: DefaultElementLocator 'By.id: user-name'Exception :org.openqa.selenium.NoSuchElementException: no such element: Unable to locate element: {\"method\":\"css selector\",\"selector\":\"#user\\-name\"}\n  (Session info: chrome=105.0.5195.102)\nFor documentation on this error, please visit: https://www.seleniumhq.org/exceptions/no_such_element.html\nBuild info: version: '3.141.59', revision: 'e82be7d358', time: '2018-11-14T08:17:03'\nSystem info: host: 'E900DTRV', ip: '10.5.20.87', os.name: 'Windows 10', os.arch: 'amd64', os.version: '10.0', java.version: '17.0.1'\nDriver info: org.openqa.selenium.chrome.ChromeDriver\nCapabilities {acceptInsecureCerts: false, browserName: chrome, browserVersion: 105.0.5195.102, chrome: {chromedriverVersion: 105.0.5195.52 (412c95e51883..., userDataDir: C:\\Users\\188680\\AppData\\Loc...}, goog:chromeOptions: {debuggerAddress: localhost:57248}, javascriptEnabled: true, networkConnectionEnabled: false, pageLoadStrategy: normal, platform: WINDOWS, platformName: WINDOWS, proxy: Proxy(), setWindowRect: true, strictFileInteractability: false, timeouts: {implicit: 0, pageLoad: 300000, script: 30000}, unhandledPromptBehavior: dismiss and notify, webauthn:extension:credBlob: true, webauthn:extension:largeBlob: true, webauthn:virtualAuthenticators: true}\nSession ID: 7ef4e48b871005e14779f8c9983823f1\n*** Element info: {Using=id, value=user-name}\r\n\tat junit.framework.Assert.fail(Assert.java:57)\r\n\tat com.scripted.web.WebHandlers.enterText(WebHandlers.java:144)\r\n\tat com.scripted.Pages.SauceLab.SauceLabLoginPage.enterUserName(SauceLabLoginPage.java:29)\r\n\tat com.scripted.WebStepDef.SauceLab.SauceLabLoginStepDef.iEnterUsernameAs(SauceLabLoginStepDef.java:14)\r\n\tat ✽.I enter username as \"standard_user\"(file:Features/Web/SauceLab/SuccessfulPurchase.feature:6)\r\n",
      "steps" : [ ],
      "attachments" : [ ],
      "parameters" : [ ],
      "shouldDisplayMessage" : true,
      "attachmentsCount" : 0,
      "stepsCount" : 0,
      "hasContent" : true
    }, {
      "name" : "And  I enter password as \"secret_sauce\"",
      "time" : {
        "start" : 1662542153338,
        "stop" : 1662542153338,
        "duration" : 0
      },
      "status" : "skipped",
      "steps" : [ ],
      "attachments" : [ ],
      "parameters" : [ ],
      "shouldDisplayMessage" : false,
      "attachmentsCount" : 0,
      "stepsCount" : 0,
      "hasContent" : false
    }, {
      "name" : "Then  I click on sauce lab log in button",
      "time" : {
        "start" : 1662542153339,
        "stop" : 1662542153339,
        "duration" : 0
      },
      "status" : "skipped",
      "steps" : [ ],
      "attachments" : [ ],
      "parameters" : [ ],
      "shouldDisplayMessage" : false,
      "attachmentsCount" : 0,
      "stepsCount" : 0,
      "hasContent" : false
    }, {
      "name" : "When  I select filter as \"Price (low to high)\"",
      "time" : {
        "start" : 1662542153339,
        "stop" : 1662542153339,
        "duration" : 0
      },
      "status" : "skipped",
      "steps" : [ ],
      "attachments" : [ ],
      "parameters" : [ ],
      "shouldDisplayMessage" : false,
      "attachmentsCount" : 0,
      "stepsCount" : 0,
      "hasContent" : false
    }, {
      "name" : "Then  I validate selected filter",
      "time" : {
        "start" : 1662542153340,
        "stop" : 1662542153340,
        "duration" : 0
      },
      "status" : "skipped",
      "steps" : [ ],
      "attachments" : [ ],
      "parameters" : [ ],
      "shouldDisplayMessage" : false,
      "attachmentsCount" : 0,
      "stepsCount" : 0,
      "hasContent" : false
    }, {
      "name" : "When  I select items",
      "time" : {
        "start" : 1662542153340,
        "stop" : 1662542153351,
        "duration" : 11
      },
      "status" : "skipped",
      "steps" : [ ],
      "attachments" : [ {
        "uid" : "804d6026c82d6773",
        "name" : "Data table",
        "source" : "804d6026c82d6773.csv",
        "type" : "text/tab-separated-values",
        "size" : 79
      } ],
      "parameters" : [ ],
      "shouldDisplayMessage" : false,
      "attachmentsCount" : 1,
      "stepsCount" : 0,
      "hasContent" : true
    }, {
      "name" : "And  I view my shopping cart",
      "time" : {
        "start" : 1662542153351,
        "stop" : 1662542153351,
        "duration" : 0
      },
      "status" : "skipped",
      "steps" : [ ],
      "attachments" : [ ],
      "parameters" : [ ],
      "shouldDisplayMessage" : false,
      "attachmentsCount" : 0,
      "stepsCount" : 0,
      "hasContent" : false
    }, {
      "name" : "And  I remove item from cart",
      "time" : {
        "start" : 1662542153352,
        "stop" : 1662542153362,
        "duration" : 10
      },
      "status" : "skipped",
      "steps" : [ ],
      "attachments" : [ {
        "uid" : "2cfdf26efffdb46e",
        "name" : "Data table",
        "source" : "2cfdf26efffdb46e.csv",
        "type" : "text/tab-separated-values",
        "size" : 34
      } ],
      "parameters" : [ ],
      "shouldDisplayMessage" : false,
      "attachmentsCount" : 1,
      "stepsCount" : 0,
      "hasContent" : true
    }, {
      "name" : "Then  I validate items in cart",
      "time" : {
        "start" : 1662542153362,
        "stop" : 1662542153372,
        "duration" : 10
      },
      "status" : "skipped",
      "steps" : [ ],
      "attachments" : [ {
        "uid" : "eb8e2b707254f0ed",
        "name" : "Data table",
        "source" : "eb8e2b707254f0ed.csv",
        "type" : "text/tab-separated-values",
        "size" : 45
      } ],
      "parameters" : [ ],
      "shouldDisplayMessage" : false,
      "attachmentsCount" : 1,
      "stepsCount" : 0,
      "hasContent" : true
    }, {
      "name" : "And  I click on checkout",
      "time" : {
        "start" : 1662542153372,
        "stop" : 1662542153372,
        "duration" : 0
      },
      "status" : "skipped",
      "steps" : [ ],
      "attachments" : [ ],
      "parameters" : [ ],
      "shouldDisplayMessage" : false,
      "attachmentsCount" : 0,
      "stepsCount" : 0,
      "hasContent" : false
    }, {
      "name" : "And  I input my details as \"Bee\", \"Fateema\" and \"123456\"",
      "time" : {
        "start" : 1662542153373,
        "stop" : 1662542153373,
        "duration" : 0
      },
      "status" : "skipped",
      "steps" : [ ],
      "attachments" : [ ],
      "parameters" : [ ],
      "shouldDisplayMessage" : false,
      "attachmentsCount" : 0,
      "stepsCount" : 0,
      "hasContent" : false
    }, {
      "name" : "And  select continue",
      "time" : {
        "start" : 1662542153373,
        "stop" : 1662542153373,
        "duration" : 0
      },
      "status" : "skipped",
      "steps" : [ ],
      "attachments" : [ ],
      "parameters" : [ ],
      "shouldDisplayMessage" : false,
      "attachmentsCount" : 0,
      "stepsCount" : 0,
      "hasContent" : false
    }, {
      "name" : "Then  I validate total price",
      "time" : {
        "start" : 1662542153373,
        "stop" : 1662542153374,
        "duration" : 1
      },
      "status" : "skipped",
      "steps" : [ ],
      "attachments" : [ ],
      "parameters" : [ ],
      "shouldDisplayMessage" : false,
      "attachmentsCount" : 0,
      "stepsCount" : 0,
      "hasContent" : false
    }, {
      "name" : "And  I click on finish",
      "time" : {
        "start" : 1662542153374,
        "stop" : 1662542153374,
        "duration" : 0
      },
      "status" : "skipped",
      "steps" : [ ],
      "attachments" : [ ],
      "parameters" : [ ],
      "shouldDisplayMessage" : false,
      "attachmentsCount" : 0,
      "stepsCount" : 0,
      "hasContent" : false
    }, {
      "name" : "Then  I validate order successful message",
      "time" : {
        "start" : 1662542153374,
        "stop" : 1662542153374,
        "duration" : 0
      },
      "status" : "skipped",
      "steps" : [ ],
      "attachments" : [ ],
      "parameters" : [ ],
      "shouldDisplayMessage" : false,
      "attachmentsCount" : 0,
      "stepsCount" : 0,
      "hasContent" : false
    } ],
    "attachments" : [ ],
    "parameters" : [ ],
    "shouldDisplayMessage" : false,
    "attachmentsCount" : 3,
    "stepsCount" : 16,
    "hasContent" : true
  },
  "afterStages" : [ {
    "name" : "CommonStepdef.afterScenario(Scenario)",
    "time" : {
      "start" : 1662542153375,
      "stop" : 1662542153908,
      "duration" : 533
    },
    "status" : "passed",
    "steps" : [ ],
    "attachments" : [ {
      "uid" : "f5700de1573f412c",
      "name" : "Screenshot",
      "source" : "f5700de1573f412c.png",
      "type" : "image/png",
      "size" : 80315
    } ],
    "parameters" : [ ],
    "shouldDisplayMessage" : false,
    "attachmentsCount" : 1,
    "stepsCount" : 0,
    "hasContent" : true
  } ],
  "labels" : [ {
    "name" : "tag",
    "value" : "Test"
  }, {
    "name" : "tag",
    "value" : "Web"
  }, {
    "name" : "host",
    "value" : "E900DTRV"
  }, {
    "name" : "thread",
    "value" : "15964@E900DTRV.main(1)"
  }, {
    "name" : "feature",
    "value" : "Successful Purchase"
  }, {
    "name" : "story",
    "value" : "User is able to purchase items successfully"
  }, {
    "name" : "package",
    "value" : "Features.Web.SauceLab.Successful Purchase"
  }, {
    "name" : "suite",
    "value" : "Successful Purchase"
  }, {
    "name" : "testClass",
    "value" : "User is able to purchase items successfully"
  }, {
    "name" : "framework",
    "value" : "cucumber4jvm"
  }, {
    "name" : "language",
    "value" : "java"
  }, {
    "name" : "gherkin_uri",
    "value" : "file:Features/Web/SauceLab/SuccessfulPurchase.feature"
  }, {
    "name" : "resultFormat",
    "value" : "allure2"
  } ],
  "parameters" : [ {
    "name" : "firstName",
    "value" : "Bee"
  }, {
    "name" : "lastName",
    "value" : "Fateema"
  }, {
    "name" : "password",
    "value" : "secret_sauce"
  }, {
    "name" : "productFilter",
    "value" : "Price (low to high)"
  }, {
    "name" : "username",
    "value" : "standard_user"
  }, {
    "name" : "zipCode",
    "value" : "123456"
  } ],
  "links" : [ ],
  "hidden" : false,
  "retry" : false,
  "extra" : {
    "severity" : "normal",
    "retries" : [ ],
    "categories" : [ {
      "name" : "Product defects",
      "matchedStatuses" : [ ],
      "flaky" : false
    } ],
    "tags" : [ "Test", "Web" ]
  },
  "source" : "cc55b965f1c8faf2.json",
  "parameterValues" : [ "Bee", "Fateema", "secret_sauce", "Price (low to high)", "standard_user", "123456" ]
}