{
  "uid" : "78b33ee9def6c974",
  "name" : "Sample GET method API test with query parameters",
  "fullName" : "Running all api tests: Sample GET method API test with query parameters",
  "historyId" : "84dcc1601754b76cf8ba8c07b67b1999",
  "time" : {
    "start" : 1663217737800,
    "stop" : 1663217737821,
    "duration" : 21
  },
  "status" : "failed",
  "statusMessage" : "Error while trying to create requestjava.lang.IllegalArgumentException: Base URI cannot be null",
  "statusTrace" : "junit.framework.AssertionFailedError: Error while trying to create requestjava.lang.IllegalArgumentException: Base URI cannot be null\r\n\tat junit.framework.Assert.fail(Assert.java:57)\r\n\tat com.scripted.api.RestAssuredWrapper.CreateRequest(RestAssuredWrapper.java:113)\r\n\tat com.scripted.apistepdefs.stepdefinitions.i_send_a_something_request_with_something_properties_with_query_param(stepdefinitions.java:134)\r\n\tat ✽.I send a \"Get\" Request with \"SampleGETApi\" properties with query parameters(file:Features/Webservices/SampleAllRestApi.feature:40)\r\n",
  "flaky" : false,
  "newFailed" : false,
  "newBroken" : false,
  "newPassed" : false,
  "retriesCount" : 0,
  "retriesStatusChange" : false,
  "beforeStages" : [ {
    "name" : "stepdefinitions.beforeScenario(Scenario)",
    "time" : {
      "start" : 1663217737800,
      "stop" : 1663217737802,
      "duration" : 2
    },
    "status" : "passed",
    "steps" : [ ],
    "attachments" : [ ],
    "parameters" : [ ],
    "stepsCount" : 0,
    "hasContent" : false,
    "attachmentsCount" : 0,
    "shouldDisplayMessage" : false
  } ],
  "testStage" : {
    "status" : "failed",
    "statusMessage" : "Error while trying to create requestjava.lang.IllegalArgumentException: Base URI cannot be null",
    "statusTrace" : "junit.framework.AssertionFailedError: Error while trying to create requestjava.lang.IllegalArgumentException: Base URI cannot be null\r\n\tat junit.framework.Assert.fail(Assert.java:57)\r\n\tat com.scripted.api.RestAssuredWrapper.CreateRequest(RestAssuredWrapper.java:113)\r\n\tat com.scripted.apistepdefs.stepdefinitions.i_send_a_something_request_with_something_properties_with_query_param(stepdefinitions.java:134)\r\n\tat ✽.I send a \"Get\" Request with \"SampleGETApi\" properties with query parameters(file:Features/Webservices/SampleAllRestApi.feature:40)\r\n",
    "steps" : [ {
      "name" : "Given  I have sample \"Get\" API",
      "time" : {
        "start" : 1663217737803,
        "stop" : 1663217737803,
        "duration" : 0
      },
      "status" : "passed",
      "steps" : [ ],
      "attachments" : [ ],
      "parameters" : [ ],
      "stepsCount" : 0,
      "hasContent" : false,
      "attachmentsCount" : 0,
      "shouldDisplayMessage" : false
    }, {
      "name" : "When  I define request value \"page\" as \"2\"",
      "time" : {
        "start" : 1663217737803,
        "stop" : 1663217737804,
        "duration" : 1
      },
      "status" : "passed",
      "steps" : [ ],
      "attachments" : [ ],
      "parameters" : [ ],
      "stepsCount" : 0,
      "hasContent" : false,
      "attachmentsCount" : 0,
      "shouldDisplayMessage" : false
    }, {
      "name" : "When  I send a \"Get\" Request with \"SampleGETApi\" properties with query parameters",
      "time" : {
        "start" : 1663217737804,
        "stop" : 1663217737807,
        "duration" : 3
      },
      "status" : "failed",
      "statusMessage" : "Error while trying to create requestjava.lang.IllegalArgumentException: Base URI cannot be null",
      "statusTrace" : "junit.framework.AssertionFailedError: Error while trying to create requestjava.lang.IllegalArgumentException: Base URI cannot be null\r\n\tat junit.framework.Assert.fail(Assert.java:57)\r\n\tat com.scripted.api.RestAssuredWrapper.CreateRequest(RestAssuredWrapper.java:113)\r\n\tat com.scripted.apistepdefs.stepdefinitions.i_send_a_something_request_with_something_properties_with_query_param(stepdefinitions.java:134)\r\n\tat ✽.I send a \"Get\" Request with \"SampleGETApi\" properties with query parameters(file:Features/Webservices/SampleAllRestApi.feature:40)\r\n",
      "steps" : [ ],
      "attachments" : [ ],
      "parameters" : [ ],
      "stepsCount" : 0,
      "hasContent" : true,
      "attachmentsCount" : 0,
      "shouldDisplayMessage" : true
    }, {
      "name" : "Then  I should get response code 200",
      "time" : {
        "start" : 1663217737807,
        "stop" : 1663217737807,
        "duration" : 0
      },
      "status" : "skipped",
      "steps" : [ ],
      "attachments" : [ ],
      "parameters" : [ ],
      "stepsCount" : 0,
      "hasContent" : false,
      "attachmentsCount" : 0,
      "shouldDisplayMessage" : false
    }, {
      "name" : "And  the response should contain:",
      "time" : {
        "start" : 1663217737808,
        "stop" : 1663217737819,
        "duration" : 11
      },
      "status" : "skipped",
      "steps" : [ ],
      "attachments" : [ {
        "uid" : "c5d0c46349a48ee1",
        "name" : "Data table",
        "source" : "c5d0c46349a48ee1.csv",
        "type" : "text/tab-separated-values",
        "size" : 28
      } ],
      "parameters" : [ ],
      "stepsCount" : 0,
      "hasContent" : true,
      "attachmentsCount" : 1,
      "shouldDisplayMessage" : false
    } ],
    "attachments" : [ ],
    "parameters" : [ ],
    "stepsCount" : 5,
    "hasContent" : true,
    "attachmentsCount" : 1,
    "shouldDisplayMessage" : false
  },
  "afterStages" : [ {
    "name" : "stepdefinitions.afterScenario(Scenario)",
    "time" : {
      "start" : 1663217737820,
      "stop" : 1663217737821,
      "duration" : 1
    },
    "status" : "broken",
    "statusMessage" : "After is failed: Cannot invoke \"io.restassured.response.Response.asString()\" because \"com.scripted.api.RestAssuredWrapper.apiResponse\" is null",
    "statusTrace" : "java.lang.NullPointerException: Cannot invoke \"io.restassured.response.Response.asString()\" because \"com.scripted.api.RestAssuredWrapper.apiResponse\" is null\r\n\tat com.scripted.api.RestAssuredWrapper.convertFileToByte(RestAssuredWrapper.java:371)\r\n\tat com.scripted.apistepdefs.stepdefinitions.afterScenario(stepdefinitions.java:88)\r\n\tat java.base/jdk.internal.reflect.NativeMethodAccessorImpl.invoke0(Native Method)\r\n\tat java.base/jdk.internal.reflect.NativeMethodAccessorImpl.invoke(NativeMethodAccessorImpl.java:77)\r\n\tat java.base/jdk.internal.reflect.DelegatingMethodAccessorImpl.invoke(DelegatingMethodAccessorImpl.java:43)\r\n\tat java.base/java.lang.reflect.Method.invoke(Method.java:568)\r\n\tat cucumber.runtime.Utils$1.call(Utils.java:26)\r\n\tat cucumber.runtime.Timeout.timeout(Timeout.java:16)\r\n\tat cucumber.runtime.Utils.invoke(Utils.java:20)\r\n\tat cucumber.runtime.java.JavaHookDefinition.execute(JavaHookDefinition.java:65)\r\n\tat cucumber.runner.HookDefinitionMatch.runStep(HookDefinitionMatch.java:16)\r\n\tat cucumber.runner.TestStep.executeStep(TestStep.java:65)\r\n\tat cucumber.runner.TestStep.run(TestStep.java:50)\r\n\tat cucumber.runner.TestCase.run(TestCase.java:50)\r\n\tat cucumber.runner.Runner.runPickle(Runner.java:50)\r\n\tat io.cucumber.testng.TestNGCucumberRunner.runScenario(TestNGCucumberRunner.java:69)\r\n\tat io.cucumber.testng.AbstractTestNGCucumberTests.runScenario(AbstractTestNGCucumberTests.java:24)\r\n\tat java.base/jdk.internal.reflect.NativeMethodAccessorImpl.invoke0(Native Method)\r\n\tat java.base/jdk.internal.reflect.NativeMethodAccessorImpl.invoke(NativeMethodAccessorImpl.java:77)\r\n\tat java.base/jdk.internal.reflect.DelegatingMethodAccessorImpl.invoke(DelegatingMethodAccessorImpl.java:43)\r\n\tat java.base/java.lang.reflect.Method.invoke(Method.java:568)\r\n\tat org.testng.internal.MethodInvocationHelper.invokeMethod(MethodInvocationHelper.java:124)\r\n\tat org.testng.internal.Invoker.invokeMethod(Invoker.java:583)\r\n\tat org.testng.internal.Invoker.invokeTestMethod(Invoker.java:719)\r\n\tat org.testng.internal.Invoker.invokeTestMethods(Invoker.java:989)\r\n\tat org.testng.internal.TestMethodWorker.invokeTestMethods(TestMethodWorker.java:125)\r\n\tat org.testng.internal.TestMethodWorker.run(TestMethodWorker.java:109)\r\n\tat org.testng.TestRunner.privateRun(TestRunner.java:648)\r\n\tat org.testng.TestRunner.run(TestRunner.java:505)\r\n\tat org.testng.SuiteRunner.runTest(SuiteRunner.java:455)\r\n\tat org.testng.SuiteRunner.runSequentially(SuiteRunner.java:450)\r\n\tat org.testng.SuiteRunner.privateRun(SuiteRunner.java:415)\r\n\tat org.testng.SuiteRunner.run(SuiteRunner.java:364)\r\n\tat org.testng.SuiteRunnerWorker.runSuite(SuiteRunnerWorker.java:52)\r\n\tat org.testng.SuiteRunnerWorker.run(SuiteRunnerWorker.java:84)\r\n\tat org.testng.TestNG.runSuitesSequentially(TestNG.java:1208)\r\n\tat org.testng.TestNG.runSuitesLocally(TestNG.java:1137)\r\n\tat org.testng.TestNG.runSuites(TestNG.java:1049)\r\n\tat org.testng.TestNG.run(TestNG.java:1017)\r\n\tat com.intellij.rt.testng.IDEARemoteTestNG.run(IDEARemoteTestNG.java:66)\r\n\tat com.intellij.rt.testng.RemoteTestNGStarter.main(RemoteTestNGStarter.java:109)\r\n",
    "steps" : [ ],
    "attachments" : [ ],
    "parameters" : [ ],
    "stepsCount" : 0,
    "hasContent" : true,
    "attachmentsCount" : 0,
    "shouldDisplayMessage" : true
  } ],
  "labels" : [ {
    "name" : "tag",
    "value" : "apiTest"
  }, {
    "name" : "tag",
    "value" : "TestGet2"
  }, {
    "name" : "host",
    "value" : "E900DTRV"
  }, {
    "name" : "thread",
    "value" : "12268@E900DTRV.main(1)"
  }, {
    "name" : "feature",
    "value" : "Running all api tests"
  }, {
    "name" : "story",
    "value" : "Sample GET method API test with query parameters"
  }, {
    "name" : "package",
    "value" : "Features.Webservices.Running all api tests"
  }, {
    "name" : "suite",
    "value" : "Running all api tests"
  }, {
    "name" : "testClass",
    "value" : "Sample GET method API test with query parameters"
  }, {
    "name" : "framework",
    "value" : "cucumber4jvm"
  }, {
    "name" : "language",
    "value" : "java"
  }, {
    "name" : "gherkin_uri",
    "value" : "file:Features/Webservices/SampleAllRestApi.feature"
  }, {
    "name" : "resultFormat",
    "value" : "allure2"
  } ],
  "parameters" : [ ],
  "links" : [ ],
  "hidden" : false,
  "retry" : false,
  "extra" : {
    "severity" : "normal",
    "retries" : [ ],
    "categories" : [ {
      "name" : "Product defects",
      "matchedStatuses" : [ ],
      "flaky" : false
    } ],
    "tags" : [ "apiTest", "TestGet2" ]
  },
  "source" : "78b33ee9def6c974.json",
  "parameterValues" : [ ]
}