{
  "uid" : "50801d06fadf91ef",
  "name" : "User is able to purchase items successfully",
  "fullName" : "Simple Successful Purchase: User is able to purchase items successfully",
  "historyId" : "c61743e1e2b1191c4dae1c125bf36b71",
  "time" : {
    "start" : 1662354733178,
    "stop" : 1662354808713,
    "duration" : 75535
  },
  "status" : "failed",
  "statusMessage" : "Error while performing the click action for the locator: nullException :java.lang.NullPointerException: Cannot invoke \"org.openqa.selenium.WebElement.click()\" because \"locator\" is null",
  "statusTrace" : "junit.framework.AssertionFailedError: Error while performing the click action for the locator: nullException :java.lang.NullPointerException: Cannot invoke \"org.openqa.selenium.WebElement.click()\" because \"locator\" is null\r\n\tat junit.framework.Assert.fail(Assert.java:57)\r\n\tat com.scripted.web.WebHandlers.click(WebHandlers.java:162)\r\n\tat com.scripted.Pages.SauceLab.SauceLabCheckoutStepTwoPage.clickOnFinish(SauceLabCheckoutStepTwoPage.java:43)\r\n\tat com.scripted.WebStepDef.SauceLab.SauceLabStepDef.iClickOnFinish(SauceLabStepDef.java:66)\r\n\tat ✽.I click on finish(file:Features/Web/SauceLab/SimpleSuccesfulPurchase.feature:15)\r\n",
  "flaky" : false,
  "newFailed" : false,
  "newBroken" : false,
  "newPassed" : false,
  "retriesCount" : 0,
  "retriesStatusChange" : false,
  "beforeStages" : [ {
    "name" : "CommonStepdef.driverSetup()",
    "time" : {
      "start" : 1662354733180,
      "stop" : 1662354740978,
      "duration" : 7798
    },
    "status" : "passed",
    "steps" : [ ],
    "attachments" : [ ],
    "parameters" : [ ],
    "shouldDisplayMessage" : false,
    "attachmentsCount" : 0,
    "stepsCount" : 0,
    "hasContent" : false
  } ],
  "testStage" : {
    "status" : "failed",
    "statusMessage" : "Error while performing the click action for the locator: nullException :java.lang.NullPointerException: Cannot invoke \"org.openqa.selenium.WebElement.click()\" because \"locator\" is null",
    "statusTrace" : "junit.framework.AssertionFailedError: Error while performing the click action for the locator: nullException :java.lang.NullPointerException: Cannot invoke \"org.openqa.selenium.WebElement.click()\" because \"locator\" is null\r\n\tat junit.framework.Assert.fail(Assert.java:57)\r\n\tat com.scripted.web.WebHandlers.click(WebHandlers.java:162)\r\n\tat com.scripted.Pages.SauceLab.SauceLabCheckoutStepTwoPage.clickOnFinish(SauceLabCheckoutStepTwoPage.java:43)\r\n\tat com.scripted.WebStepDef.SauceLab.SauceLabStepDef.iClickOnFinish(SauceLabStepDef.java:66)\r\n\tat ✽.I click on finish(file:Features/Web/SauceLab/SimpleSuccesfulPurchase.feature:15)\r\n",
    "steps" : [ {
      "name" : "Given  I launched sauce lab application",
      "time" : {
        "start" : 1662354740980,
        "stop" : 1662354746348,
        "duration" : 5368
      },
      "status" : "passed",
      "steps" : [ ],
      "attachments" : [ ],
      "parameters" : [ ],
      "shouldDisplayMessage" : false,
      "attachmentsCount" : 0,
      "stepsCount" : 0,
      "hasContent" : false
    }, {
      "name" : "When  I enter username as \"standard_user\"",
      "time" : {
        "start" : 1662354746350,
        "stop" : 1662354746902,
        "duration" : 552
      },
      "status" : "passed",
      "steps" : [ ],
      "attachments" : [ ],
      "parameters" : [ ],
      "shouldDisplayMessage" : false,
      "attachmentsCount" : 0,
      "stepsCount" : 0,
      "hasContent" : false
    }, {
      "name" : "And  I enter password as \"secret_sauce\"",
      "time" : {
        "start" : 1662354746902,
        "stop" : 1662354747124,
        "duration" : 222
      },
      "status" : "passed",
      "steps" : [ ],
      "attachments" : [ ],
      "parameters" : [ ],
      "shouldDisplayMessage" : false,
      "attachmentsCount" : 0,
      "stepsCount" : 0,
      "hasContent" : false
    }, {
      "name" : "Then  I click on sauce lab log in button",
      "time" : {
        "start" : 1662354747124,
        "stop" : 1662354767357,
        "duration" : 20233
      },
      "status" : "passed",
      "steps" : [ ],
      "attachments" : [ ],
      "parameters" : [ ],
      "shouldDisplayMessage" : false,
      "attachmentsCount" : 0,
      "stepsCount" : 0,
      "hasContent" : false
    }, {
      "name" : "When  I select an item",
      "time" : {
        "start" : 1662354767357,
        "stop" : 1662354767437,
        "duration" : 80
      },
      "status" : "passed",
      "steps" : [ ],
      "attachments" : [ ],
      "parameters" : [ ],
      "shouldDisplayMessage" : false,
      "attachmentsCount" : 0,
      "stepsCount" : 0,
      "hasContent" : false
    }, {
      "name" : "And  I click on Add to cart button",
      "time" : {
        "start" : 1662354767437,
        "stop" : 1662354787532,
        "duration" : 20095
      },
      "status" : "passed",
      "steps" : [ ],
      "attachments" : [ ],
      "parameters" : [ ],
      "shouldDisplayMessage" : false,
      "attachmentsCount" : 0,
      "stepsCount" : 0,
      "hasContent" : false
    }, {
      "name" : "And  I view my shopping cart",
      "time" : {
        "start" : 1662354787532,
        "stop" : 1662354787609,
        "duration" : 77
      },
      "status" : "passed",
      "steps" : [ ],
      "attachments" : [ ],
      "parameters" : [ ],
      "shouldDisplayMessage" : false,
      "attachmentsCount" : 0,
      "stepsCount" : 0,
      "hasContent" : false
    }, {
      "name" : "And  I click on checkout",
      "time" : {
        "start" : 1662354787609,
        "stop" : 1662354807721,
        "duration" : 20112
      },
      "status" : "passed",
      "steps" : [ ],
      "attachments" : [ ],
      "parameters" : [ ],
      "shouldDisplayMessage" : false,
      "attachmentsCount" : 0,
      "stepsCount" : 0,
      "hasContent" : false
    }, {
      "name" : "And  I input my details",
      "time" : {
        "start" : 1662354807721,
        "stop" : 1662354808067,
        "duration" : 346
      },
      "status" : "passed",
      "steps" : [ ],
      "attachments" : [ ],
      "parameters" : [ ],
      "shouldDisplayMessage" : false,
      "attachmentsCount" : 0,
      "stepsCount" : 0,
      "hasContent" : false
    }, {
      "name" : "And  I click on finish",
      "time" : {
        "start" : 1662354808067,
        "stop" : 1662354808089,
        "duration" : 22
      },
      "status" : "failed",
      "statusMessage" : "Error while performing the click action for the locator: nullException :java.lang.NullPointerException: Cannot invoke \"org.openqa.selenium.WebElement.click()\" because \"locator\" is null",
      "statusTrace" : "junit.framework.AssertionFailedError: Error while performing the click action for the locator: nullException :java.lang.NullPointerException: Cannot invoke \"org.openqa.selenium.WebElement.click()\" because \"locator\" is null\r\n\tat junit.framework.Assert.fail(Assert.java:57)\r\n\tat com.scripted.web.WebHandlers.click(WebHandlers.java:162)\r\n\tat com.scripted.Pages.SauceLab.SauceLabCheckoutStepTwoPage.clickOnFinish(SauceLabCheckoutStepTwoPage.java:43)\r\n\tat com.scripted.WebStepDef.SauceLab.SauceLabStepDef.iClickOnFinish(SauceLabStepDef.java:66)\r\n\tat ✽.I click on finish(file:Features/Web/SauceLab/SimpleSuccesfulPurchase.feature:15)\r\n",
      "steps" : [ ],
      "attachments" : [ ],
      "parameters" : [ ],
      "shouldDisplayMessage" : true,
      "attachmentsCount" : 0,
      "stepsCount" : 0,
      "hasContent" : true
    } ],
    "attachments" : [ ],
    "parameters" : [ ],
    "shouldDisplayMessage" : false,
    "attachmentsCount" : 0,
    "stepsCount" : 10,
    "hasContent" : true
  },
  "afterStages" : [ {
    "name" : "CommonStepdef.afterScenario(Scenario)",
    "time" : {
      "start" : 1662354808090,
      "stop" : 1662354808711,
      "duration" : 621
    },
    "status" : "passed",
    "steps" : [ ],
    "attachments" : [ {
      "uid" : "fdc15673702f6ccd",
      "name" : "Screenshot",
      "source" : "fdc15673702f6ccd.png",
      "type" : "image/png",
      "size" : 20173
    } ],
    "parameters" : [ ],
    "shouldDisplayMessage" : false,
    "attachmentsCount" : 1,
    "stepsCount" : 0,
    "hasContent" : true
  } ],
  "labels" : [ {
    "name" : "tag",
    "value" : "Test-2"
  }, {
    "name" : "tag",
    "value" : "Web"
  }, {
    "name" : "tag",
    "value" : "Demo"
  }, {
    "name" : "tag",
    "value" : "Training"
  }, {
    "name" : "host",
    "value" : "E900DTRV"
  }, {
    "name" : "thread",
    "value" : "8392@E900DTRV.main(1)"
  }, {
    "name" : "feature",
    "value" : "Simple Successful Purchase"
  }, {
    "name" : "story",
    "value" : "User is able to purchase items successfully"
  }, {
    "name" : "package",
    "value" : "Features.Web.SauceLab.Simple Successful Purchase"
  }, {
    "name" : "suite",
    "value" : "Simple Successful Purchase"
  }, {
    "name" : "testClass",
    "value" : "User is able to purchase items successfully"
  }, {
    "name" : "framework",
    "value" : "cucumber4jvm"
  }, {
    "name" : "language",
    "value" : "java"
  }, {
    "name" : "gherkin_uri",
    "value" : "file:Features/Web/SauceLab/SimpleSuccesfulPurchase.feature"
  }, {
    "name" : "resultFormat",
    "value" : "allure2"
  } ],
  "parameters" : [ {
    "name" : "password",
    "value" : "secret_sauce"
  }, {
    "name" : "username",
    "value" : "standard_user"
  } ],
  "links" : [ ],
  "hidden" : false,
  "retry" : false,
  "extra" : {
    "severity" : "normal",
    "retries" : [ ],
    "categories" : [ {
      "name" : "Product defects",
      "matchedStatuses" : [ ],
      "flaky" : false
    } ],
    "tags" : [ "Training", "Demo", "Web", "Test-2" ]
  },
  "source" : "50801d06fadf91ef.json",
  "parameterValues" : [ "secret_sauce", "standard_user" ]
}