{
  "uid" : "2f54a4ed958b4eae",
  "name" : "Runs Cucumber Scenarios",
  "fullName" : "io.cucumber.testng.AbstractTestNGCucumberTests.runScenario",
  "historyId" : "61181b812e48124e96e27f436c0f80f7",
  "time" : {
    "start" : 1662529989663,
    "stop" : 1662529993556,
    "duration" : 3893
  },
  "status" : "failed",
  "statusMessage" : "Error occurred while launching Web URLException :java.lang.NullPointerException: Cannot invoke \"org.openqa.selenium.WebDriver.get(String)\" because the return value of \"com.scripted.web.BrowserDriver.getDriver()\" is null",
  "statusTrace" : "java.lang.AssertionError: Error occurred while launching Web URLException :java.lang.NullPointerException: Cannot invoke \"org.openqa.selenium.WebDriver.get(String)\" because the return value of \"com.scripted.web.BrowserDriver.getDriver()\" is null\r\n\tat org.testng.Assert.fail(Assert.java:96)\r\n\tat com.scripted.web.BrowserDriver.launchWebURL(BrowserDriver.java:164)\r\n\tat com.scripted.Pages.Common.LoginPage.launchSauceUrl(LoginPage.java:27)\r\n\tat com.scripted.WebStepDef.Common.CommonStepdef.I_launched_sauce_lab_application(CommonStepdef.java:49)\r\n\tat âœ½.I launched sauce lab application(file:Features/Web/SauceLab/SimpleSuccesfulPurchase.feature:5)\r\n",
  "flaky" : false,
  "newFailed" : false,
  "newBroken" : false,
  "newPassed" : false,
  "retriesCount" : 0,
  "retriesStatusChange" : false,
  "beforeStages" : [ {
    "name" : "setUpClass",
    "time" : {
      "start" : 1662529989201,
      "stop" : 1662529989447,
      "duration" : 246
    },
    "description" : "",
    "status" : "passed",
    "steps" : [ ],
    "attachments" : [ ],
    "parameters" : [ ],
    "shouldDisplayMessage" : false,
    "attachmentsCount" : 0,
    "hasContent" : false,
    "stepsCount" : 0
  } ],
  "afterStages" : [ {
    "name" : "tearDownClass",
    "time" : {
      "start" : 1662529993575,
      "stop" : 1662529993727,
      "duration" : 152
    },
    "description" : "",
    "status" : "passed",
    "steps" : [ ],
    "attachments" : [ ],
    "parameters" : [ ],
    "shouldDisplayMessage" : false,
    "attachmentsCount" : 0,
    "hasContent" : false,
    "stepsCount" : 0
  } ],
  "labels" : [ {
    "name" : "package",
    "value" : "com.scripted.runners.WebTestRunner"
  }, {
    "name" : "testClass",
    "value" : "com.scripted.runners.WebTestRunner"
  }, {
    "name" : "testMethod",
    "value" : "runScenario"
  }, {
    "name" : "parentSuite",
    "value" : "Default Suite"
  }, {
    "name" : "suite",
    "value" : "SkJavaConsumerDirect-CodeClenUp"
  }, {
    "name" : "subSuite",
    "value" : "com.scripted.runners.WebTestRunner"
  }, {
    "name" : "host",
    "value" : "E900DTRV"
  }, {
    "name" : "thread",
    "value" : "10068@E900DTRV.main(1)"
  }, {
    "name" : "framework",
    "value" : "testng"
  }, {
    "name" : "language",
    "value" : "java"
  }, {
    "name" : "resultFormat",
    "value" : "allure2"
  } ],
  "parameters" : [ {
    "name" : "arg0",
    "value" : "\"User is able to purchase items successfully\""
  }, {
    "name" : "arg1",
    "value" : "\"Simple Successful Purchase\""
  } ],
  "links" : [ ],
  "hidden" : false,
  "retry" : false,
  "extra" : {
    "severity" : "normal",
    "retries" : [ ],
    "categories" : [ {
      "name" : "Product defects",
      "matchedStatuses" : [ ],
      "flaky" : false
    } ],
    "tags" : [ ]
  },
  "source" : "2f54a4ed958b4eae.json",
  "parameterValues" : [ "\"User is able to purchase items successfully\"", "\"Simple Successful Purchase\"" ]
}