{
  "uid" : "804d2f5103d7b49b",
  "name" : "Sample DELETE method API test",
  "fullName" : "Sample GET method API test: Sample DELETE method API test",
  "historyId" : "43cc13f820258a90750ea0ecc4775e54",
  "time" : {
    "start" : 1661762291870,
    "stop" : 1661762292516,
    "duration" : 646
  },
  "status" : "failed",
  "statusMessage" : "Response code, Exception :java.lang.NullPointerException: Cannot invoke \"io.restassured.response.Response.getStatusCode()\" because \"com.scripted.api.RestAssuredWrapper.apiResponse\" is null",
  "statusTrace" : "junit.framework.AssertionFailedError: Response code, Exception :java.lang.NullPointerException: Cannot invoke \"io.restassured.response.Response.getStatusCode()\" because \"com.scripted.api.RestAssuredWrapper.apiResponse\" is null\r\n\tat junit.framework.Assert.fail(Assert.java:57)\r\n\tat com.scripted.api.RestAssuredWrapper.valResponseCode(RestAssuredWrapper.java:209)\r\n\tat com.scripted.apistepdefs.stepdefinitions.i_should_get_response_code_something(stepdefinitions.java:149)\r\n\tat ✽.I should get response code 204(file:Features/Webservices/SampleAllRestApi.feature:34)\r\n",
  "flaky" : false,
  "newFailed" : false,
  "newBroken" : false,
  "newPassed" : false,
  "retriesCount" : 0,
  "retriesStatusChange" : false,
  "beforeStages" : [ {
    "name" : "stepdefinitions.beforeScenario(Scenario)",
    "time" : {
      "start" : 1661762291871,
      "stop" : 1661762292418,
      "duration" : 547
    },
    "status" : "passed",
    "steps" : [ ],
    "attachments" : [ ],
    "parameters" : [ ],
    "attachmentsCount" : 0,
    "shouldDisplayMessage" : false,
    "hasContent" : false,
    "stepsCount" : 0
  } ],
  "testStage" : {
    "status" : "failed",
    "statusMessage" : "Response code, Exception :java.lang.NullPointerException: Cannot invoke \"io.restassured.response.Response.getStatusCode()\" because \"com.scripted.api.RestAssuredWrapper.apiResponse\" is null",
    "statusTrace" : "junit.framework.AssertionFailedError: Response code, Exception :java.lang.NullPointerException: Cannot invoke \"io.restassured.response.Response.getStatusCode()\" because \"com.scripted.api.RestAssuredWrapper.apiResponse\" is null\r\n\tat junit.framework.Assert.fail(Assert.java:57)\r\n\tat com.scripted.api.RestAssuredWrapper.valResponseCode(RestAssuredWrapper.java:209)\r\n\tat com.scripted.apistepdefs.stepdefinitions.i_should_get_response_code_something(stepdefinitions.java:149)\r\n\tat ✽.I should get response code 204(file:Features/Webservices/SampleAllRestApi.feature:34)\r\n",
    "steps" : [ {
      "name" : "Given  I have sample \"Delete\" API",
      "time" : {
        "start" : 1661762292420,
        "stop" : 1661762292424,
        "duration" : 4
      },
      "status" : "passed",
      "steps" : [ ],
      "attachments" : [ ],
      "parameters" : [ ],
      "attachmentsCount" : 0,
      "shouldDisplayMessage" : false,
      "hasContent" : false,
      "stepsCount" : 0
    }, {
      "name" : "When  I send a \"Delete\" Request with \"SampleDELETEApi\" properties",
      "time" : {
        "start" : 1661762292424,
        "stop" : 1661762292507,
        "duration" : 83
      },
      "status" : "passed",
      "steps" : [ ],
      "attachments" : [ ],
      "parameters" : [ ],
      "attachmentsCount" : 0,
      "shouldDisplayMessage" : false,
      "hasContent" : false,
      "stepsCount" : 0
    }, {
      "name" : "Then  I should get response code 204",
      "time" : {
        "start" : 1661762292508,
        "stop" : 1661762292514,
        "duration" : 6
      },
      "status" : "failed",
      "statusMessage" : "Response code, Exception :java.lang.NullPointerException: Cannot invoke \"io.restassured.response.Response.getStatusCode()\" because \"com.scripted.api.RestAssuredWrapper.apiResponse\" is null",
      "statusTrace" : "junit.framework.AssertionFailedError: Response code, Exception :java.lang.NullPointerException: Cannot invoke \"io.restassured.response.Response.getStatusCode()\" because \"com.scripted.api.RestAssuredWrapper.apiResponse\" is null\r\n\tat junit.framework.Assert.fail(Assert.java:57)\r\n\tat com.scripted.api.RestAssuredWrapper.valResponseCode(RestAssuredWrapper.java:209)\r\n\tat com.scripted.apistepdefs.stepdefinitions.i_should_get_response_code_something(stepdefinitions.java:149)\r\n\tat ✽.I should get response code 204(file:Features/Webservices/SampleAllRestApi.feature:34)\r\n",
      "steps" : [ ],
      "attachments" : [ ],
      "parameters" : [ ],
      "attachmentsCount" : 0,
      "shouldDisplayMessage" : true,
      "hasContent" : true,
      "stepsCount" : 0
    } ],
    "attachments" : [ ],
    "parameters" : [ ],
    "attachmentsCount" : 0,
    "shouldDisplayMessage" : false,
    "hasContent" : true,
    "stepsCount" : 3
  },
  "afterStages" : [ {
    "name" : "stepdefinitions.afterScenario(Scenario)",
    "time" : {
      "start" : 1661762292514,
      "stop" : 1661762292515,
      "duration" : 1
    },
    "status" : "broken",
    "statusMessage" : "After is failed: Cannot invoke \"io.restassured.response.Response.asString()\" because \"com.scripted.api.RestAssuredWrapper.apiResponse\" is null",
    "statusTrace" : "java.lang.NullPointerException: Cannot invoke \"io.restassured.response.Response.asString()\" because \"com.scripted.api.RestAssuredWrapper.apiResponse\" is null\r\n\tat com.scripted.api.RestAssuredWrapper.convertFileToByte(RestAssuredWrapper.java:349)\r\n\tat com.scripted.apistepdefs.stepdefinitions.afterScenario(stepdefinitions.java:88)\r\n\tat java.base/jdk.internal.reflect.NativeMethodAccessorImpl.invoke0(Native Method)\r\n\tat java.base/jdk.internal.reflect.NativeMethodAccessorImpl.invoke(NativeMethodAccessorImpl.java:77)\r\n\tat java.base/jdk.internal.reflect.DelegatingMethodAccessorImpl.invoke(DelegatingMethodAccessorImpl.java:43)\r\n\tat java.base/java.lang.reflect.Method.invoke(Method.java:568)\r\n\tat cucumber.runtime.Utils$1.call(Utils.java:26)\r\n\tat cucumber.runtime.Timeout.timeout(Timeout.java:16)\r\n\tat cucumber.runtime.Utils.invoke(Utils.java:20)\r\n\tat cucumber.runtime.java.JavaHookDefinition.execute(JavaHookDefinition.java:65)\r\n\tat cucumber.runner.HookDefinitionMatch.runStep(HookDefinitionMatch.java:16)\r\n\tat cucumber.runner.TestStep.executeStep(TestStep.java:65)\r\n\tat cucumber.runner.TestStep.run(TestStep.java:50)\r\n\tat cucumber.runner.TestCase.run(TestCase.java:50)\r\n\tat cucumber.runner.Runner.runPickle(Runner.java:50)\r\n\tat io.cucumber.testng.TestNGCucumberRunner.runScenario(TestNGCucumberRunner.java:69)\r\n\tat io.cucumber.testng.AbstractTestNGCucumberTests.runScenario(AbstractTestNGCucumberTests.java:24)\r\n\tat java.base/jdk.internal.reflect.NativeMethodAccessorImpl.invoke0(Native Method)\r\n\tat java.base/jdk.internal.reflect.NativeMethodAccessorImpl.invoke(NativeMethodAccessorImpl.java:77)\r\n\tat java.base/jdk.internal.reflect.DelegatingMethodAccessorImpl.invoke(DelegatingMethodAccessorImpl.java:43)\r\n\tat java.base/java.lang.reflect.Method.invoke(Method.java:568)\r\n\tat org.testng.internal.MethodInvocationHelper.invokeMethod(MethodInvocationHelper.java:124)\r\n\tat org.testng.internal.Invoker.invokeMethod(Invoker.java:583)\r\n\tat org.testng.internal.Invoker.invokeTestMethod(Invoker.java:719)\r\n\tat org.testng.internal.Invoker.invokeTestMethods(Invoker.java:989)\r\n\tat org.testng.internal.TestMethodWorker.invokeTestMethods(TestMethodWorker.java:125)\r\n\tat org.testng.internal.TestMethodWorker.run(TestMethodWorker.java:109)\r\n\tat org.testng.TestRunner.privateRun(TestRunner.java:648)\r\n\tat org.testng.TestRunner.run(TestRunner.java:505)\r\n\tat org.testng.SuiteRunner.runTest(SuiteRunner.java:455)\r\n\tat org.testng.SuiteRunner.runSequentially(SuiteRunner.java:450)\r\n\tat org.testng.SuiteRunner.privateRun(SuiteRunner.java:415)\r\n\tat org.testng.SuiteRunner.run(SuiteRunner.java:364)\r\n\tat org.testng.SuiteRunnerWorker.runSuite(SuiteRunnerWorker.java:52)\r\n\tat org.testng.SuiteRunnerWorker.run(SuiteRunnerWorker.java:84)\r\n\tat org.testng.TestNG.runSuitesSequentially(TestNG.java:1208)\r\n\tat org.testng.TestNG.runSuitesLocally(TestNG.java:1137)\r\n\tat org.testng.TestNG.runSuites(TestNG.java:1049)\r\n\tat org.testng.TestNG.run(TestNG.java:1017)\r\n\tat com.intellij.rt.testng.IDEARemoteTestNG.run(IDEARemoteTestNG.java:66)\r\n\tat com.intellij.rt.testng.RemoteTestNGStarter.main(RemoteTestNGStarter.java:109)\r\n",
    "steps" : [ ],
    "attachments" : [ ],
    "parameters" : [ ],
    "attachmentsCount" : 0,
    "shouldDisplayMessage" : true,
    "hasContent" : true,
    "stepsCount" : 0
  } ],
  "labels" : [ {
    "name" : "tag",
    "value" : "TestDelete"
  }, {
    "name" : "host",
    "value" : "E900DTRV"
  }, {
    "name" : "thread",
    "value" : "12700@E900DTRV.main(1)"
  }, {
    "name" : "feature",
    "value" : "Sample GET method API test"
  }, {
    "name" : "story",
    "value" : "Sample DELETE method API test"
  }, {
    "name" : "package",
    "value" : "Features.Webservices.Sample GET method API test"
  }, {
    "name" : "suite",
    "value" : "Sample GET method API test"
  }, {
    "name" : "testClass",
    "value" : "Sample DELETE method API test"
  }, {
    "name" : "framework",
    "value" : "cucumber4jvm"
  }, {
    "name" : "language",
    "value" : "java"
  }, {
    "name" : "gherkin_uri",
    "value" : "file:Features/Webservices/SampleAllRestApi.feature"
  }, {
    "name" : "resultFormat",
    "value" : "allure2"
  } ],
  "parameters" : [ ],
  "links" : [ ],
  "hidden" : false,
  "retry" : false,
  "extra" : {
    "severity" : "normal",
    "retries" : [ ],
    "categories" : [ {
      "name" : "Product defects",
      "matchedStatuses" : [ ],
      "flaky" : false
    } ],
    "tags" : [ "TestDelete" ]
  },
  "source" : "804d2f5103d7b49b.json",
  "parameterValues" : [ ]
}