{
  "uid" : "1e4c4b7e73f08a58",
  "name" : "Runs Cucumber Scenarios",
  "fullName" : "io.cucumber.testng.AbstractTestNGCucumberTests.runScenario",
  "historyId" : "6c90e6d7814a34ccaa8f2670d5a07833",
  "time" : {
    "start" : 1663071534101,
    "stop" : 1663071540765,
    "duration" : 6664
  },
  "status" : "failed",
  "statusMessage" : "Error in validating the response, Exception :java.lang.IllegalArgumentException: The parameter \"null\" was used but not defined. Define parameters using the JsonPath.params(...) function",
  "statusTrace" : "junit.framework.AssertionFailedError: Error in validating the response, Exception :java.lang.IllegalArgumentException: The parameter \"null\" was used but not defined. Define parameters using the JsonPath.params(...) function\r\n\tat junit.framework.Assert.fail(Assert.java:57)\r\n\tat com.scripted.api.RestAssuredWrapper.valJsonResponseVal(RestAssuredWrapper.java:311)\r\n\tat com.scripted.apistepdefs.stepdefinitions.the_response_should_contain(stepdefinitions.java:177)\r\n\tat âœ½.the response should contain:(file:Features/Webservices/DemoSample.feature:11)\r\n",
  "flaky" : false,
  "newFailed" : false,
  "newBroken" : false,
  "newPassed" : false,
  "retriesCount" : 0,
  "retriesStatusChange" : false,
  "beforeStages" : [ {
    "name" : "setUpClass",
    "time" : {
      "start" : 1663071533686,
      "stop" : 1663071533895,
      "duration" : 209
    },
    "description" : "",
    "status" : "passed",
    "steps" : [ ],
    "attachments" : [ ],
    "parameters" : [ ],
    "stepsCount" : 0,
    "hasContent" : false,
    "attachmentsCount" : 0,
    "shouldDisplayMessage" : false
  } ],
  "afterStages" : [ {
    "name" : "tearDownClass",
    "time" : {
      "start" : 1663071540778,
      "stop" : 1663071540884,
      "duration" : 106
    },
    "description" : "",
    "status" : "passed",
    "steps" : [ ],
    "attachments" : [ ],
    "parameters" : [ ],
    "stepsCount" : 0,
    "hasContent" : false,
    "attachmentsCount" : 0,
    "shouldDisplayMessage" : false
  } ],
  "labels" : [ {
    "name" : "package",
    "value" : "com.scripted.runners.APITestRunner"
  }, {
    "name" : "testClass",
    "value" : "com.scripted.runners.APITestRunner"
  }, {
    "name" : "testMethod",
    "value" : "runScenario"
  }, {
    "name" : "parentSuite",
    "value" : "Default Suite"
  }, {
    "name" : "suite",
    "value" : "SkJavaConsumerDirect-CodeClenUp"
  }, {
    "name" : "subSuite",
    "value" : "com.scripted.runners.APITestRunner"
  }, {
    "name" : "host",
    "value" : "E900DTRV"
  }, {
    "name" : "thread",
    "value" : "6700@E900DTRV.main(1)"
  }, {
    "name" : "framework",
    "value" : "testng"
  }, {
    "name" : "language",
    "value" : "java"
  }, {
    "name" : "resultFormat",
    "value" : "allure2"
  } ],
  "parameters" : [ {
    "name" : "arg0",
    "value" : "\"Sample GET method API test\""
  }, {
    "name" : "arg1",
    "value" : "\"Running api test\""
  } ],
  "links" : [ ],
  "hidden" : false,
  "retry" : false,
  "extra" : {
    "severity" : "normal",
    "retries" : [ ],
    "categories" : [ {
      "name" : "Product defects",
      "matchedStatuses" : [ ],
      "flaky" : false
    } ],
    "tags" : [ ]
  },
  "source" : "1e4c4b7e73f08a58.json",
  "parameterValues" : [ "\"Sample GET method API test\"", "\"Running api test\"" ]
}